[{"line":2,"elements":[{"start_timestamp":"2023-09-25T16:34:06.779Z","before":[{"result":{"error_message":"org.openqa.selenium.SessionNotCreatedException: Could not start a new session. Response code 500. Message: session not created: This version of ChromeDriver only supports Chrome version 114\nCurrent browser version is 117.0.5938.89 with binary path C:\\Program Files\\Google\\Chrome\\Application\\chrome.exe \nHost info: host: 'fv-az192-725', ip: '10.1.40.1'\nBuild info: version: '4.9.1', revision: 'eb2032df7f'\nSystem info: os.name: 'Windows Server 2022', os.arch: 'amd64', os.version: '10.0', java.version: '11.0.20.1'\nDriver info: org.openqa.selenium.chrome.ChromeDriver\nCommand: [null, newSession {capabilities=[Capabilities {browserName: chrome, goog:chromeOptions: {args: [--remote-allow-origins=*, --headless], extensions: []}}]}]\r\n\tat org.openqa.selenium.remote.ProtocolHandshake.createSession(ProtocolHandshake.java:136)\r\n\tat org.openqa.selenium.remote.ProtocolHandshake.createSession(ProtocolHandshake.java:94)\r\n\tat org.openqa.selenium.remote.ProtocolHandshake.createSession(ProtocolHandshake.java:68)\r\n\tat org.openqa.selenium.remote.HttpCommandExecutor.execute(HttpCommandExecutor.java:165)\r\n\tat org.openqa.selenium.remote.service.DriverCommandExecutor.invokeExecute(DriverCommandExecutor.java:183)\r\n\tat org.openqa.selenium.remote.service.DriverCommandExecutor.execute(DriverCommandExecutor.java:158)\r\n\tat org.openqa.selenium.remote.RemoteWebDriver.execute(RemoteWebDriver.java:543)\r\n\tat org.openqa.selenium.remote.RemoteWebDriver.startSession(RemoteWebDriver.java:229)\r\n\tat org.openqa.selenium.remote.RemoteWebDriver.<init>(RemoteWebDriver.java:157)\r\n\tat org.openqa.selenium.chromium.ChromiumDriver.<init>(ChromiumDriver.java:101)\r\n\tat org.openqa.selenium.chrome.ChromeDriver.<init>(ChromeDriver.java:88)\r\n\tat org.openqa.selenium.chrome.ChromeDriver.<init>(ChromeDriver.java:84)\r\n\tat org.openqa.selenium.chrome.ChromeDriver.<init>(ChromeDriver.java:73)\r\n\tat Test.baseTest.getDriver(baseTest.java:15)\r\n\tat com.ryan.webUITest.stepDef.CucumberBA.beforeTest(CucumberBA.java:10)\r\n","duration":23654919400,"status":"failed"},"match":{"location":"com.ryan.webUITest.stepDef.CucumberBA.beforeTest()"}}],"line":4,"name":"[Positive] about us page is display video","description":"","id":"about-us-video;[positive]-about-us-page-is-display-video","after":[{"result":{"error_message":"java.lang.NullPointerException\r\n\tat com.ryan.webUITest.stepDef.CucumberBA.afterTest(CucumberBA.java:14)\r\n","status":"failed"},"match":{"location":"com.ryan.webUITest.stepDef.CucumberBA.afterTest()"}}],"type":"scenario","keyword":"Scenario","steps":[{"result":{"status":"skipped"},"line":5,"name":"user is on About Us Page","match":{"location":"com.ryan.webUITest.stepDef.AboutUsStepDef.userIsOnAboutUsPage()"},"keyword":"Given "},{"result":{"status":"skipped"},"line":6,"name":"user click Play Button","match":{"location":"com.ryan.webUITest.stepDef.AboutUsStepDef.userClickPlayButton()"},"keyword":"When "},{"result":{"status":"skipped"},"line":7,"name":"about Us Video Displayed","match":{"location":"com.ryan.webUITest.stepDef.AboutUsStepDef.aboutUsVideoDisplayed()"},"keyword":"Then "}],"tags":[{"name":"@web"},{"name":"@[positive]_About_Us_Video_Running"}]},{"start_timestamp":"2023-09-25T16:34:30.527Z","before":[{"result":{"error_message":"org.openqa.selenium.SessionNotCreatedException: Could not start a new session. Response code 500. Message: session not created: This version of ChromeDriver only supports Chrome version 114\nCurrent browser version is 117.0.5938.89 with binary path C:\\Program Files\\Google\\Chrome\\Application\\chrome.exe \nHost info: host: 'fv-az192-725', ip: '10.1.40.1'\nBuild info: version: '4.9.1', revision: 'eb2032df7f'\nSystem info: os.name: 'Windows Server 2022', os.arch: 'amd64', os.version: '10.0', java.version: '11.0.20.1'\nDriver info: org.openqa.selenium.chrome.ChromeDriver\nCommand: [null, newSession {capabilities=[Capabilities {browserName: chrome, goog:chromeOptions: {args: [--remote-allow-origins=*, --headless], extensions: []}}]}]\r\n\tat org.openqa.selenium.remote.ProtocolHandshake.createSession(ProtocolHandshake.java:136)\r\n\tat org.openqa.selenium.remote.ProtocolHandshake.createSession(ProtocolHandshake.java:94)\r\n\tat org.openqa.selenium.remote.ProtocolHandshake.createSession(ProtocolHandshake.java:68)\r\n\tat org.openqa.selenium.remote.HttpCommandExecutor.execute(HttpCommandExecutor.java:165)\r\n\tat org.openqa.selenium.remote.service.DriverCommandExecutor.invokeExecute(DriverCommandExecutor.java:183)\r\n\tat org.openqa.selenium.remote.service.DriverCommandExecutor.execute(DriverCommandExecutor.java:158)\r\n\tat org.openqa.selenium.remote.RemoteWebDriver.execute(RemoteWebDriver.java:543)\r\n\tat org.openqa.selenium.remote.RemoteWebDriver.startSession(RemoteWebDriver.java:229)\r\n\tat org.openqa.selenium.remote.RemoteWebDriver.<init>(RemoteWebDriver.java:157)\r\n\tat org.openqa.selenium.chromium.ChromiumDriver.<init>(ChromiumDriver.java:101)\r\n\tat org.openqa.selenium.chrome.ChromeDriver.<init>(ChromeDriver.java:88)\r\n\tat org.openqa.selenium.chrome.ChromeDriver.<init>(ChromeDriver.java:84)\r\n\tat org.openqa.selenium.chrome.ChromeDriver.<init>(ChromeDriver.java:73)\r\n\tat Test.baseTest.getDriver(baseTest.java:15)\r\n\tat com.ryan.webUITest.stepDef.CucumberBA.beforeTest(CucumberBA.java:10)\r\n","duration":765328800,"status":"failed"},"match":{"location":"com.ryan.webUITest.stepDef.CucumberBA.beforeTest()"}}],"line":10,"name":"[close] play video at about us page","description":"","id":"about-us-video;[close]-play-video-at-about-us-page","after":[{"result":{"error_message":"java.lang.NullPointerException\r\n\tat com.ryan.webUITest.stepDef.CucumberBA.afterTest(CucumberBA.java:14)\r\n","status":"failed"},"match":{"location":"com.ryan.webUITest.stepDef.CucumberBA.afterTest()"}}],"type":"scenario","keyword":"Scenario","steps":[{"result":{"status":"skipped"},"line":11,"name":"user is on About Us Page","match":{"location":"com.ryan.webUITest.stepDef.AboutUsStepDef.userIsOnAboutUsPage()"},"keyword":"Given "},{"result":{"status":"skipped"},"line":12,"name":"user click closed button video","match":{"location":"com.ryan.webUITest.stepDef.AboutUsStepDef.userClickClosedButtonVideo()"},"keyword":"When "},{"result":{"status":"skipped"},"line":13,"name":"user is on HomePage","match":{"location":"com.ryan.webUITest.stepDef.AboutUsStepDef.userIsOnHomePage()"},"keyword":"Then "}],"tags":[{"name":"@web"},{"name":"@[Close]_About_Us_Video"}]}],"name":"About Us Video","description":"","id":"about-us-video","keyword":"Feature","uri":"file:src/test/resources/web/aboutUsVideo.feature","tags":[{"name":"@web","type":"Tag","location":{"line":1,"column":1}}]},{"line":2,"elements":[{"start_timestamp":"2023-09-25T16:34:31.355Z","before":[{"result":{"error_message":"org.openqa.selenium.SessionNotCreatedException: Could not start a new session. Response code 500. Message: session not created: This version of ChromeDriver only supports Chrome version 114\nCurrent browser version is 117.0.5938.89 with binary path C:\\Program Files\\Google\\Chrome\\Application\\chrome.exe \nHost info: host: 'fv-az192-725', ip: '10.1.40.1'\nBuild info: version: '4.9.1', revision: 'eb2032df7f'\nSystem info: os.name: 'Windows Server 2022', os.arch: 'amd64', os.version: '10.0', java.version: '11.0.20.1'\nDriver info: org.openqa.selenium.chrome.ChromeDriver\nCommand: [null, newSession {capabilities=[Capabilities {browserName: chrome, goog:chromeOptions: {args: [--remote-allow-origins=*, --headless], extensions: []}}]}]\r\n\tat org.openqa.selenium.remote.ProtocolHandshake.createSession(ProtocolHandshake.java:136)\r\n\tat org.openqa.selenium.remote.ProtocolHandshake.createSession(ProtocolHandshake.java:94)\r\n\tat org.openqa.selenium.remote.ProtocolHandshake.createSession(ProtocolHandshake.java:68)\r\n\tat org.openqa.selenium.remote.HttpCommandExecutor.execute(HttpCommandExecutor.java:165)\r\n\tat org.openqa.selenium.remote.service.DriverCommandExecutor.invokeExecute(DriverCommandExecutor.java:183)\r\n\tat org.openqa.selenium.remote.service.DriverCommandExecutor.execute(DriverCommandExecutor.java:158)\r\n\tat org.openqa.selenium.remote.RemoteWebDriver.execute(RemoteWebDriver.java:543)\r\n\tat org.openqa.selenium.remote.RemoteWebDriver.startSession(RemoteWebDriver.java:229)\r\n\tat org.openqa.selenium.remote.RemoteWebDriver.<init>(RemoteWebDriver.java:157)\r\n\tat org.openqa.selenium.chromium.ChromiumDriver.<init>(ChromiumDriver.java:101)\r\n\tat org.openqa.selenium.chrome.ChromeDriver.<init>(ChromeDriver.java:88)\r\n\tat org.openqa.selenium.chrome.ChromeDriver.<init>(ChromeDriver.java:84)\r\n\tat org.openqa.selenium.chrome.ChromeDriver.<init>(ChromeDriver.java:73)\r\n\tat Test.baseTest.getDriver(baseTest.java:15)\r\n\tat com.ryan.webUITest.stepDef.CucumberBA.beforeTest(CucumberBA.java:10)\r\n","duration":820565200,"status":"failed"},"match":{"location":"com.ryan.webUITest.stepDef.CucumberBA.beforeTest()"}}],"line":5,"name":"[Positive] verify user added product phone \"Nexus 6\" to cart","description":"","id":"add-product-to-cart;[positive]-verify-user-added-product-phone-\"nexus-6\"-to-cart","after":[{"result":{"error_message":"java.lang.NullPointerException\r\n\tat com.ryan.webUITest.stepDef.CucumberBA.afterTest(CucumberBA.java:14)\r\n","duration":1000600,"status":"failed"},"match":{"location":"com.ryan.webUITest.stepDef.CucumberBA.afterTest()"}}],"type":"scenario","keyword":"Scenario","steps":[{"result":{"status":"skipped"},"line":6,"name":"user is on detail product page \"Nexus 6\"","match":{"arguments":[{"val":"\"Nexus 6\"","offset":31}],"location":"com.ryan.webUITest.stepDef.addToCartStepDef.userIsOnDetailProductPage(java.lang.String)"},"keyword":"Given "},{"result":{"status":"skipped"},"line":7,"name":"user click button add to cart","match":{"location":"com.ryan.webUITest.stepDef.addToCartStepDef.userClickButtonAddToCart()"},"keyword":"When "},{"result":{"status":"skipped"},"line":8,"name":"Product \"Nexus 6\" add to cart","match":{"arguments":[{"val":"\"Nexus 6\"","offset":8}],"location":"com.ryan.webUITest.stepDef.addToCartStepDef.productAddedToCart(java.lang.String)"},"keyword":"Then "}],"tags":[{"name":"@web"},{"name":"@[positive]_add_product_Nexus_6_to_cart"}]},{"start_timestamp":"2023-09-25T16:34:32.198Z","before":[{"result":{"error_message":"org.openqa.selenium.SessionNotCreatedException: Could not start a new session. Response code 500. Message: session not created: This version of ChromeDriver only supports Chrome version 114\nCurrent browser version is 117.0.5938.89 with binary path C:\\Program Files\\Google\\Chrome\\Application\\chrome.exe \nHost info: host: 'fv-az192-725', ip: '10.1.40.1'\nBuild info: version: '4.9.1', revision: 'eb2032df7f'\nSystem info: os.name: 'Windows Server 2022', os.arch: 'amd64', os.version: '10.0', java.version: '11.0.20.1'\nDriver info: org.openqa.selenium.chrome.ChromeDriver\nCommand: [null, newSession {capabilities=[Capabilities {browserName: chrome, goog:chromeOptions: {args: [--remote-allow-origins=*, --headless], extensions: []}}]}]\r\n\tat org.openqa.selenium.remote.ProtocolHandshake.createSession(ProtocolHandshake.java:136)\r\n\tat org.openqa.selenium.remote.ProtocolHandshake.createSession(ProtocolHandshake.java:94)\r\n\tat org.openqa.selenium.remote.ProtocolHandshake.createSession(ProtocolHandshake.java:68)\r\n\tat org.openqa.selenium.remote.HttpCommandExecutor.execute(HttpCommandExecutor.java:165)\r\n\tat org.openqa.selenium.remote.service.DriverCommandExecutor.invokeExecute(DriverCommandExecutor.java:183)\r\n\tat org.openqa.selenium.remote.service.DriverCommandExecutor.execute(DriverCommandExecutor.java:158)\r\n\tat org.openqa.selenium.remote.RemoteWebDriver.execute(RemoteWebDriver.java:543)\r\n\tat org.openqa.selenium.remote.RemoteWebDriver.startSession(RemoteWebDriver.java:229)\r\n\tat org.openqa.selenium.remote.RemoteWebDriver.<init>(RemoteWebDriver.java:157)\r\n\tat org.openqa.selenium.chromium.ChromiumDriver.<init>(ChromiumDriver.java:101)\r\n\tat org.openqa.selenium.chrome.ChromeDriver.<init>(ChromeDriver.java:88)\r\n\tat org.openqa.selenium.chrome.ChromeDriver.<init>(ChromeDriver.java:84)\r\n\tat org.openqa.selenium.chrome.ChromeDriver.<init>(ChromeDriver.java:73)\r\n\tat Test.baseTest.getDriver(baseTest.java:15)\r\n\tat com.ryan.webUITest.stepDef.CucumberBA.beforeTest(CucumberBA.java:10)\r\n","duration":744434600,"status":"failed"},"match":{"location":"com.ryan.webUITest.stepDef.CucumberBA.beforeTest()"}}],"line":17,"name":"[Positive] verify user can added product to cart","description":"","id":"add-product-to-cart;[positive]-verify-user-can-added-product-to-cart;;2","after":[{"result":{"error_message":"java.lang.NullPointerException\r\n\tat com.ryan.webUITest.stepDef.CucumberBA.afterTest(CucumberBA.java:14)\r\n","status":"failed"},"match":{"location":"com.ryan.webUITest.stepDef.CucumberBA.afterTest()"}}],"type":"scenario","keyword":"Scenario Outline","steps":[{"result":{"status":"skipped"},"line":12,"name":"user is on detail product page \"Sony xperia z5\"","match":{"arguments":[{"val":"\"Sony xperia z5\"","offset":31}],"location":"com.ryan.webUITest.stepDef.addToCartStepDef.userIsOnDetailProductPage(java.lang.String)"},"keyword":"Given "},{"result":{"status":"skipped"},"line":13,"name":"user click button add to cart","match":{"location":"com.ryan.webUITest.stepDef.addToCartStepDef.userClickButtonAddToCart()"},"keyword":"When "},{"result":{"status":"skipped"},"line":14,"name":"Product \"Sony xperia z5\" add to cart","match":{"arguments":[{"val":"\"Sony xperia z5\"","offset":8}],"location":"com.ryan.webUITest.stepDef.addToCartStepDef.productAddedToCart(java.lang.String)"},"keyword":"Then "}],"tags":[{"name":"@web"},{"name":"@[positive]_add_product_to_cart_(Scenario_outline)"}]},{"start_timestamp":"2023-09-25T16:34:32.958Z","before":[{"result":{"error_message":"org.openqa.selenium.SessionNotCreatedException: Could not start a new session. Response code 500. Message: session not created: This version of ChromeDriver only supports Chrome version 114\nCurrent browser version is 117.0.5938.89 with binary path C:\\Program Files\\Google\\Chrome\\Application\\chrome.exe \nHost info: host: 'fv-az192-725', ip: '10.1.40.1'\nBuild info: version: '4.9.1', revision: 'eb2032df7f'\nSystem info: os.name: 'Windows Server 2022', os.arch: 'amd64', os.version: '10.0', java.version: '11.0.20.1'\nDriver info: org.openqa.selenium.chrome.ChromeDriver\nCommand: [null, newSession {capabilities=[Capabilities {browserName: chrome, goog:chromeOptions: {args: [--remote-allow-origins=*, --headless], extensions: []}}]}]\r\n\tat org.openqa.selenium.remote.ProtocolHandshake.createSession(ProtocolHandshake.java:136)\r\n\tat org.openqa.selenium.remote.ProtocolHandshake.createSession(ProtocolHandshake.java:94)\r\n\tat org.openqa.selenium.remote.ProtocolHandshake.createSession(ProtocolHandshake.java:68)\r\n\tat org.openqa.selenium.remote.HttpCommandExecutor.execute(HttpCommandExecutor.java:165)\r\n\tat org.openqa.selenium.remote.service.DriverCommandExecutor.invokeExecute(DriverCommandExecutor.java:183)\r\n\tat org.openqa.selenium.remote.service.DriverCommandExecutor.execute(DriverCommandExecutor.java:158)\r\n\tat org.openqa.selenium.remote.RemoteWebDriver.execute(RemoteWebDriver.java:543)\r\n\tat org.openqa.selenium.remote.RemoteWebDriver.startSession(RemoteWebDriver.java:229)\r\n\tat org.openqa.selenium.remote.RemoteWebDriver.<init>(RemoteWebDriver.java:157)\r\n\tat org.openqa.selenium.chromium.ChromiumDriver.<init>(ChromiumDriver.java:101)\r\n\tat org.openqa.selenium.chrome.ChromeDriver.<init>(ChromeDriver.java:88)\r\n\tat org.openqa.selenium.chrome.ChromeDriver.<init>(ChromeDriver.java:84)\r\n\tat org.openqa.selenium.chrome.ChromeDriver.<init>(ChromeDriver.java:73)\r\n\tat Test.baseTest.getDriver(baseTest.java:15)\r\n\tat com.ryan.webUITest.stepDef.CucumberBA.beforeTest(CucumberBA.java:10)\r\n","duration":769307600,"status":"failed"},"match":{"location":"com.ryan.webUITest.stepDef.CucumberBA.beforeTest()"}}],"line":18,"name":"[Positive] verify user can added product to cart","description":"","id":"add-product-to-cart;[positive]-verify-user-can-added-product-to-cart;;3","after":[{"result":{"error_message":"java.lang.NullPointerException\r\n\tat com.ryan.webUITest.stepDef.CucumberBA.afterTest(CucumberBA.java:14)\r\n","status":"failed"},"match":{"location":"com.ryan.webUITest.stepDef.CucumberBA.afterTest()"}}],"type":"scenario","keyword":"Scenario Outline","steps":[{"result":{"status":"skipped"},"line":12,"name":"user is on detail product page \"Iphone 6 32gb\"","match":{"arguments":[{"val":"\"Iphone 6 32gb\"","offset":31}],"location":"com.ryan.webUITest.stepDef.addToCartStepDef.userIsOnDetailProductPage(java.lang.String)"},"keyword":"Given "},{"result":{"status":"skipped"},"line":13,"name":"user click button add to cart","match":{"location":"com.ryan.webUITest.stepDef.addToCartStepDef.userClickButtonAddToCart()"},"keyword":"When "},{"result":{"status":"skipped"},"line":14,"name":"Product \"Iphone 6 32gb\" add to cart","match":{"arguments":[{"val":"\"Iphone 6 32gb\"","offset":8}],"location":"com.ryan.webUITest.stepDef.addToCartStepDef.productAddedToCart(java.lang.String)"},"keyword":"Then "}],"tags":[{"name":"@web"},{"name":"@[positive]_add_product_to_cart_(Scenario_outline)"}]}],"name":"add product to cart","description":"","id":"add-product-to-cart","keyword":"Feature","uri":"file:src/test/resources/web/addToCart.feature","tags":[{"name":"@web","type":"Tag","location":{"line":1,"column":1}}]},{"line":2,"elements":[{"start_timestamp":"2023-09-25T16:34:33.743Z","before":[{"result":{"error_message":"org.openqa.selenium.SessionNotCreatedException: Could not start a new session. Response code 500. Message: session not created: This version of ChromeDriver only supports Chrome version 114\nCurrent browser version is 117.0.5938.89 with binary path C:\\Program Files\\Google\\Chrome\\Application\\chrome.exe \nHost info: host: 'fv-az192-725', ip: '10.1.40.1'\nBuild info: version: '4.9.1', revision: 'eb2032df7f'\nSystem info: os.name: 'Windows Server 2022', os.arch: 'amd64', os.version: '10.0', java.version: '11.0.20.1'\nDriver info: org.openqa.selenium.chrome.ChromeDriver\nCommand: [null, newSession {capabilities=[Capabilities {browserName: chrome, goog:chromeOptions: {args: [--remote-allow-origins=*, --headless], extensions: []}}]}]\r\n\tat org.openqa.selenium.remote.ProtocolHandshake.createSession(ProtocolHandshake.java:136)\r\n\tat org.openqa.selenium.remote.ProtocolHandshake.createSession(ProtocolHandshake.java:94)\r\n\tat org.openqa.selenium.remote.ProtocolHandshake.createSession(ProtocolHandshake.java:68)\r\n\tat org.openqa.selenium.remote.HttpCommandExecutor.execute(HttpCommandExecutor.java:165)\r\n\tat org.openqa.selenium.remote.service.DriverCommandExecutor.invokeExecute(DriverCommandExecutor.java:183)\r\n\tat org.openqa.selenium.remote.service.DriverCommandExecutor.execute(DriverCommandExecutor.java:158)\r\n\tat org.openqa.selenium.remote.RemoteWebDriver.execute(RemoteWebDriver.java:543)\r\n\tat org.openqa.selenium.remote.RemoteWebDriver.startSession(RemoteWebDriver.java:229)\r\n\tat org.openqa.selenium.remote.RemoteWebDriver.<init>(RemoteWebDriver.java:157)\r\n\tat org.openqa.selenium.chromium.ChromiumDriver.<init>(ChromiumDriver.java:101)\r\n\tat org.openqa.selenium.chrome.ChromeDriver.<init>(ChromeDriver.java:88)\r\n\tat org.openqa.selenium.chrome.ChromeDriver.<init>(ChromeDriver.java:84)\r\n\tat org.openqa.selenium.chrome.ChromeDriver.<init>(ChromeDriver.java:73)\r\n\tat Test.baseTest.getDriver(baseTest.java:15)\r\n\tat com.ryan.webUITest.stepDef.CucumberBA.beforeTest(CucumberBA.java:10)\r\n","duration":699652800,"status":"failed"},"match":{"location":"com.ryan.webUITest.stepDef.CucumberBA.beforeTest()"}}],"line":4,"name":"[Positive] Display product by phones categories","description":"","id":"display-product-by-categories;[positive]-display-product-by-phones-categories","after":[{"result":{"error_message":"java.lang.NullPointerException\r\n\tat com.ryan.webUITest.stepDef.CucumberBA.afterTest(CucumberBA.java:14)\r\n","duration":46824200,"status":"failed"},"match":{"location":"com.ryan.webUITest.stepDef.CucumberBA.afterTest()"}}],"type":"scenario","keyword":"Scenario","steps":[{"result":{"status":"skipped"},"line":5,"name":"user is on homePage","match":{"location":"com.ryan.webUITest.stepDef.categoriesProductStepDef.userIsOnHomePage()"},"keyword":"Given "},{"result":{"status":"skipped"},"line":6,"name":"user click text-link phones categories","match":{"location":"com.ryan.webUITest.stepDef.categoriesProductStepDef.userClickTextLinkPhonesCategories()"},"keyword":"When "},{"result":{"status":"skipped"},"line":7,"name":"user see display product by phones categories","match":{"location":"com.ryan.webUITest.stepDef.categoriesProductStepDef.userSeeDisplayProductByPhonesCategories()"},"keyword":"Then "}],"tags":[{"name":"@web"},{"name":"@[positive]_product_by_categories_phones"}]},{"start_timestamp":"2023-09-25T16:34:34.490Z","before":[{"result":{"error_message":"org.openqa.selenium.SessionNotCreatedException: Could not start a new session. Response code 500. Message: session not created: This version of ChromeDriver only supports Chrome version 114\nCurrent browser version is 117.0.5938.89 with binary path C:\\Program Files\\Google\\Chrome\\Application\\chrome.exe \nHost info: host: 'fv-az192-725', ip: '10.1.40.1'\nBuild info: version: '4.9.1', revision: 'eb2032df7f'\nSystem info: os.name: 'Windows Server 2022', os.arch: 'amd64', os.version: '10.0', java.version: '11.0.20.1'\nDriver info: org.openqa.selenium.chrome.ChromeDriver\nCommand: [null, newSession {capabilities=[Capabilities {browserName: chrome, goog:chromeOptions: {args: [--remote-allow-origins=*, --headless], extensions: []}}]}]\r\n\tat org.openqa.selenium.remote.ProtocolHandshake.createSession(ProtocolHandshake.java:136)\r\n\tat org.openqa.selenium.remote.ProtocolHandshake.createSession(ProtocolHandshake.java:94)\r\n\tat org.openqa.selenium.remote.ProtocolHandshake.createSession(ProtocolHandshake.java:68)\r\n\tat org.openqa.selenium.remote.HttpCommandExecutor.execute(HttpCommandExecutor.java:165)\r\n\tat org.openqa.selenium.remote.service.DriverCommandExecutor.invokeExecute(DriverCommandExecutor.java:183)\r\n\tat org.openqa.selenium.remote.service.DriverCommandExecutor.execute(DriverCommandExecutor.java:158)\r\n\tat org.openqa.selenium.remote.RemoteWebDriver.execute(RemoteWebDriver.java:543)\r\n\tat org.openqa.selenium.remote.RemoteWebDriver.startSession(RemoteWebDriver.java:229)\r\n\tat org.openqa.selenium.remote.RemoteWebDriver.<init>(RemoteWebDriver.java:157)\r\n\tat org.openqa.selenium.chromium.ChromiumDriver.<init>(ChromiumDriver.java:101)\r\n\tat org.openqa.selenium.chrome.ChromeDriver.<init>(ChromeDriver.java:88)\r\n\tat org.openqa.selenium.chrome.ChromeDriver.<init>(ChromeDriver.java:84)\r\n\tat org.openqa.selenium.chrome.ChromeDriver.<init>(ChromeDriver.java:73)\r\n\tat Test.baseTest.getDriver(baseTest.java:15)\r\n\tat com.ryan.webUITest.stepDef.CucumberBA.beforeTest(CucumberBA.java:10)\r\n","duration":719492900,"status":"failed"},"match":{"location":"com.ryan.webUITest.stepDef.CucumberBA.beforeTest()"}}],"line":11,"name":"[Positive] Display product by laptops categories","description":"","id":"display-product-by-categories;[positive]-display-product-by-laptops-categories","after":[{"result":{"error_message":"java.lang.NullPointerException\r\n\tat com.ryan.webUITest.stepDef.CucumberBA.afterTest(CucumberBA.java:14)\r\n","status":"failed"},"match":{"location":"com.ryan.webUITest.stepDef.CucumberBA.afterTest()"}}],"type":"scenario","keyword":"Scenario","steps":[{"result":{"status":"skipped"},"line":12,"name":"user is on homePage","match":{"location":"com.ryan.webUITest.stepDef.categoriesProductStepDef.userIsOnHomePage()"},"keyword":"Given "},{"result":{"status":"skipped"},"line":13,"name":"user click text-link laptops categories","match":{"location":"com.ryan.webUITest.stepDef.categoriesProductStepDef.userClickTextLinkLaptopsCategories()"},"keyword":"When "},{"result":{"status":"skipped"},"line":14,"name":"user see display product by laptops categories","match":{"location":"com.ryan.webUITest.stepDef.categoriesProductStepDef.userSeeDisplayProductByLaptopsCategories()"},"keyword":"Then "}],"tags":[{"name":"@web"},{"name":"@[positive]_product_by_categories_laptops"}]},{"start_timestamp":"2023-09-25T16:34:35.209Z","before":[{"result":{"error_message":"org.openqa.selenium.SessionNotCreatedException: Could not start a new session. Response code 500. Message: session not created: This version of ChromeDriver only supports Chrome version 114\nCurrent browser version is 117.0.5938.89 with binary path C:\\Program Files\\Google\\Chrome\\Application\\chrome.exe \nHost info: host: 'fv-az192-725', ip: '10.1.40.1'\nBuild info: version: '4.9.1', revision: 'eb2032df7f'\nSystem info: os.name: 'Windows Server 2022', os.arch: 'amd64', os.version: '10.0', java.version: '11.0.20.1'\nDriver info: org.openqa.selenium.chrome.ChromeDriver\nCommand: [null, newSession {capabilities=[Capabilities {browserName: chrome, goog:chromeOptions: {args: [--remote-allow-origins=*, --headless], extensions: []}}]}]\r\n\tat org.openqa.selenium.remote.ProtocolHandshake.createSession(ProtocolHandshake.java:136)\r\n\tat org.openqa.selenium.remote.ProtocolHandshake.createSession(ProtocolHandshake.java:94)\r\n\tat org.openqa.selenium.remote.ProtocolHandshake.createSession(ProtocolHandshake.java:68)\r\n\tat org.openqa.selenium.remote.HttpCommandExecutor.execute(HttpCommandExecutor.java:165)\r\n\tat org.openqa.selenium.remote.service.DriverCommandExecutor.invokeExecute(DriverCommandExecutor.java:183)\r\n\tat org.openqa.selenium.remote.service.DriverCommandExecutor.execute(DriverCommandExecutor.java:158)\r\n\tat org.openqa.selenium.remote.RemoteWebDriver.execute(RemoteWebDriver.java:543)\r\n\tat org.openqa.selenium.remote.RemoteWebDriver.startSession(RemoteWebDriver.java:229)\r\n\tat org.openqa.selenium.remote.RemoteWebDriver.<init>(RemoteWebDriver.java:157)\r\n\tat org.openqa.selenium.chromium.ChromiumDriver.<init>(ChromiumDriver.java:101)\r\n\tat org.openqa.selenium.chrome.ChromeDriver.<init>(ChromeDriver.java:88)\r\n\tat org.openqa.selenium.chrome.ChromeDriver.<init>(ChromeDriver.java:84)\r\n\tat org.openqa.selenium.chrome.ChromeDriver.<init>(ChromeDriver.java:73)\r\n\tat Test.baseTest.getDriver(baseTest.java:15)\r\n\tat com.ryan.webUITest.stepDef.CucumberBA.beforeTest(CucumberBA.java:10)\r\n","duration":718138600,"status":"failed"},"match":{"location":"com.ryan.webUITest.stepDef.CucumberBA.beforeTest()"}}],"line":18,"name":"[Positive] Display product by monitors categories","description":"","id":"display-product-by-categories;[positive]-display-product-by-monitors-categories","after":[{"result":{"error_message":"java.lang.NullPointerException\r\n\tat com.ryan.webUITest.stepDef.CucumberBA.afterTest(CucumberBA.java:14)\r\n","status":"failed"},"match":{"location":"com.ryan.webUITest.stepDef.CucumberBA.afterTest()"}}],"type":"scenario","keyword":"Scenario","steps":[{"result":{"status":"skipped"},"line":19,"name":"user is on homePage","match":{"location":"com.ryan.webUITest.stepDef.categoriesProductStepDef.userIsOnHomePage()"},"keyword":"Given "},{"result":{"status":"skipped"},"line":20,"name":"user click text-link monitors categories","match":{"location":"com.ryan.webUITest.stepDef.categoriesProductStepDef.userClickTextLinkMonitorsCategories()"},"keyword":"When "},{"result":{"status":"skipped"},"line":21,"name":"user see display product by monitors categories","match":{"location":"com.ryan.webUITest.stepDef.categoriesProductStepDef.userSeeDisplayProductByMonitorsCategories()"},"keyword":"Then "}],"tags":[{"name":"@web"},{"name":"@[positive]_product_by_categories_monitors"}]},{"start_timestamp":"2023-09-25T16:34:35.927Z","before":[{"result":{"error_message":"org.openqa.selenium.SessionNotCreatedException: Could not start a new session. Response code 500. Message: session not created: This version of ChromeDriver only supports Chrome version 114\nCurrent browser version is 117.0.5938.89 with binary path C:\\Program Files\\Google\\Chrome\\Application\\chrome.exe \nHost info: host: 'fv-az192-725', ip: '10.1.40.1'\nBuild info: version: '4.9.1', revision: 'eb2032df7f'\nSystem info: os.name: 'Windows Server 2022', os.arch: 'amd64', os.version: '10.0', java.version: '11.0.20.1'\nDriver info: org.openqa.selenium.chrome.ChromeDriver\nCommand: [null, newSession {capabilities=[Capabilities {browserName: chrome, goog:chromeOptions: {args: [--remote-allow-origins=*, --headless], extensions: []}}]}]\r\n\tat org.openqa.selenium.remote.ProtocolHandshake.createSession(ProtocolHandshake.java:136)\r\n\tat org.openqa.selenium.remote.ProtocolHandshake.createSession(ProtocolHandshake.java:94)\r\n\tat org.openqa.selenium.remote.ProtocolHandshake.createSession(ProtocolHandshake.java:68)\r\n\tat org.openqa.selenium.remote.HttpCommandExecutor.execute(HttpCommandExecutor.java:165)\r\n\tat org.openqa.selenium.remote.service.DriverCommandExecutor.invokeExecute(DriverCommandExecutor.java:183)\r\n\tat org.openqa.selenium.remote.service.DriverCommandExecutor.execute(DriverCommandExecutor.java:158)\r\n\tat org.openqa.selenium.remote.RemoteWebDriver.execute(RemoteWebDriver.java:543)\r\n\tat org.openqa.selenium.remote.RemoteWebDriver.startSession(RemoteWebDriver.java:229)\r\n\tat org.openqa.selenium.remote.RemoteWebDriver.<init>(RemoteWebDriver.java:157)\r\n\tat org.openqa.selenium.chromium.ChromiumDriver.<init>(ChromiumDriver.java:101)\r\n\tat org.openqa.selenium.chrome.ChromeDriver.<init>(ChromeDriver.java:88)\r\n\tat org.openqa.selenium.chrome.ChromeDriver.<init>(ChromeDriver.java:84)\r\n\tat org.openqa.selenium.chrome.ChromeDriver.<init>(ChromeDriver.java:73)\r\n\tat Test.baseTest.getDriver(baseTest.java:15)\r\n\tat com.ryan.webUITest.stepDef.CucumberBA.beforeTest(CucumberBA.java:10)\r\n","duration":830846300,"status":"failed"},"match":{"location":"com.ryan.webUITest.stepDef.CucumberBA.beforeTest()"}}],"line":30,"name":"[positive] valid user can display product by categories","description":"","id":"display-product-by-categories;[positive]-valid-user-can-display-product-by-categories;;2","after":[{"result":{"error_message":"java.lang.NullPointerException\r\n\tat com.ryan.webUITest.stepDef.CucumberBA.afterTest(CucumberBA.java:14)\r\n","status":"failed"},"match":{"location":"com.ryan.webUITest.stepDef.CucumberBA.afterTest()"}}],"type":"scenario","keyword":"Scenario Outline","steps":[{"result":{"status":"skipped"},"line":25,"name":"user is on homePage","match":{"location":"com.ryan.webUITest.stepDef.categoriesProductStepDef.userIsOnHomePage()"},"keyword":"Given "},{"result":{"status":"skipped"},"line":26,"name":"user click text-link categories \"Phones\"","match":{"arguments":[{"val":"\"Phones\"","offset":32}],"location":"com.ryan.webUITest.stepDef.categoriesProductStepDef.userClickTextLinkCategoriesProductCategory(java.lang.String)"},"keyword":"When "},{"result":{"status":"skipped"},"line":27,"name":"user see display product by \"Phones\" categories","match":{"arguments":[{"val":"\"Phones\"","offset":28}],"location":"com.ryan.webUITest.stepDef.categoriesProductStepDef.userSeeDisplayProductByCategoryNameCategories(java.lang.String)"},"keyword":"Then "}],"tags":[{"name":"@web"},{"name":"@[positive]_display_product_by_categories"}]},{"start_timestamp":"2023-09-25T16:34:36.758Z","before":[{"result":{"error_message":"org.openqa.selenium.SessionNotCreatedException: Could not start a new session. Response code 500. Message: session not created: This version of ChromeDriver only supports Chrome version 114\nCurrent browser version is 117.0.5938.89 with binary path C:\\Program Files\\Google\\Chrome\\Application\\chrome.exe \nHost info: host: 'fv-az192-725', ip: '10.1.40.1'\nBuild info: version: '4.9.1', revision: 'eb2032df7f'\nSystem info: os.name: 'Windows Server 2022', os.arch: 'amd64', os.version: '10.0', java.version: '11.0.20.1'\nDriver info: org.openqa.selenium.chrome.ChromeDriver\nCommand: [null, newSession {capabilities=[Capabilities {browserName: chrome, goog:chromeOptions: {args: [--remote-allow-origins=*, --headless], extensions: []}}]}]\r\n\tat org.openqa.selenium.remote.ProtocolHandshake.createSession(ProtocolHandshake.java:136)\r\n\tat org.openqa.selenium.remote.ProtocolHandshake.createSession(ProtocolHandshake.java:94)\r\n\tat org.openqa.selenium.remote.ProtocolHandshake.createSession(ProtocolHandshake.java:68)\r\n\tat org.openqa.selenium.remote.HttpCommandExecutor.execute(HttpCommandExecutor.java:165)\r\n\tat org.openqa.selenium.remote.service.DriverCommandExecutor.invokeExecute(DriverCommandExecutor.java:183)\r\n\tat org.openqa.selenium.remote.service.DriverCommandExecutor.execute(DriverCommandExecutor.java:158)\r\n\tat org.openqa.selenium.remote.RemoteWebDriver.execute(RemoteWebDriver.java:543)\r\n\tat org.openqa.selenium.remote.RemoteWebDriver.startSession(RemoteWebDriver.java:229)\r\n\tat org.openqa.selenium.remote.RemoteWebDriver.<init>(RemoteWebDriver.java:157)\r\n\tat org.openqa.selenium.chromium.ChromiumDriver.<init>(ChromiumDriver.java:101)\r\n\tat org.openqa.selenium.chrome.ChromeDriver.<init>(ChromeDriver.java:88)\r\n\tat org.openqa.selenium.chrome.ChromeDriver.<init>(ChromeDriver.java:84)\r\n\tat org.openqa.selenium.chrome.ChromeDriver.<init>(ChromeDriver.java:73)\r\n\tat Test.baseTest.getDriver(baseTest.java:15)\r\n\tat com.ryan.webUITest.stepDef.CucumberBA.beforeTest(CucumberBA.java:10)\r\n","duration":728603300,"status":"failed"},"match":{"location":"com.ryan.webUITest.stepDef.CucumberBA.beforeTest()"}}],"line":31,"name":"[positive] valid user can display product by categories","description":"","id":"display-product-by-categories;[positive]-valid-user-can-display-product-by-categories;;3","after":[{"result":{"error_message":"java.lang.NullPointerException\r\n\tat com.ryan.webUITest.stepDef.CucumberBA.afterTest(CucumberBA.java:14)\r\n","status":"failed"},"match":{"location":"com.ryan.webUITest.stepDef.CucumberBA.afterTest()"}}],"type":"scenario","keyword":"Scenario Outline","steps":[{"result":{"status":"skipped"},"line":25,"name":"user is on homePage","match":{"location":"com.ryan.webUITest.stepDef.categoriesProductStepDef.userIsOnHomePage()"},"keyword":"Given "},{"result":{"status":"skipped"},"line":26,"name":"user click text-link categories \"Monitors\"","match":{"arguments":[{"val":"\"Monitors\"","offset":32}],"location":"com.ryan.webUITest.stepDef.categoriesProductStepDef.userClickTextLinkCategoriesProductCategory(java.lang.String)"},"keyword":"When "},{"result":{"status":"skipped"},"line":27,"name":"user see display product by \"Monitors\" categories","match":{"arguments":[{"val":"\"Monitors\"","offset":28}],"location":"com.ryan.webUITest.stepDef.categoriesProductStepDef.userSeeDisplayProductByCategoryNameCategories(java.lang.String)"},"keyword":"Then "}],"tags":[{"name":"@web"},{"name":"@[positive]_display_product_by_categories"}]},{"start_timestamp":"2023-09-25T16:34:37.487Z","before":[{"result":{"error_message":"org.openqa.selenium.SessionNotCreatedException: Could not start a new session. Response code 500. Message: session not created: This version of ChromeDriver only supports Chrome version 114\nCurrent browser version is 117.0.5938.89 with binary path C:\\Program Files\\Google\\Chrome\\Application\\chrome.exe \nHost info: host: 'fv-az192-725', ip: '10.1.40.1'\nBuild info: version: '4.9.1', revision: 'eb2032df7f'\nSystem info: os.name: 'Windows Server 2022', os.arch: 'amd64', os.version: '10.0', java.version: '11.0.20.1'\nDriver info: org.openqa.selenium.chrome.ChromeDriver\nCommand: [null, newSession {capabilities=[Capabilities {browserName: chrome, goog:chromeOptions: {args: [--remote-allow-origins=*, --headless], extensions: []}}]}]\r\n\tat org.openqa.selenium.remote.ProtocolHandshake.createSession(ProtocolHandshake.java:136)\r\n\tat org.openqa.selenium.remote.ProtocolHandshake.createSession(ProtocolHandshake.java:94)\r\n\tat org.openqa.selenium.remote.ProtocolHandshake.createSession(ProtocolHandshake.java:68)\r\n\tat org.openqa.selenium.remote.HttpCommandExecutor.execute(HttpCommandExecutor.java:165)\r\n\tat org.openqa.selenium.remote.service.DriverCommandExecutor.invokeExecute(DriverCommandExecutor.java:183)\r\n\tat org.openqa.selenium.remote.service.DriverCommandExecutor.execute(DriverCommandExecutor.java:158)\r\n\tat org.openqa.selenium.remote.RemoteWebDriver.execute(RemoteWebDriver.java:543)\r\n\tat org.openqa.selenium.remote.RemoteWebDriver.startSession(RemoteWebDriver.java:229)\r\n\tat org.openqa.selenium.remote.RemoteWebDriver.<init>(RemoteWebDriver.java:157)\r\n\tat org.openqa.selenium.chromium.ChromiumDriver.<init>(ChromiumDriver.java:101)\r\n\tat org.openqa.selenium.chrome.ChromeDriver.<init>(ChromeDriver.java:88)\r\n\tat org.openqa.selenium.chrome.ChromeDriver.<init>(ChromeDriver.java:84)\r\n\tat org.openqa.selenium.chrome.ChromeDriver.<init>(ChromeDriver.java:73)\r\n\tat Test.baseTest.getDriver(baseTest.java:15)\r\n\tat com.ryan.webUITest.stepDef.CucumberBA.beforeTest(CucumberBA.java:10)\r\n","duration":753336800,"status":"failed"},"match":{"location":"com.ryan.webUITest.stepDef.CucumberBA.beforeTest()"}}],"line":32,"name":"[positive] valid user can display product by categories","description":"","id":"display-product-by-categories;[positive]-valid-user-can-display-product-by-categories;;4","after":[{"result":{"error_message":"java.lang.NullPointerException\r\n\tat com.ryan.webUITest.stepDef.CucumberBA.afterTest(CucumberBA.java:14)\r\n","status":"failed"},"match":{"location":"com.ryan.webUITest.stepDef.CucumberBA.afterTest()"}}],"type":"scenario","keyword":"Scenario Outline","steps":[{"result":{"status":"skipped"},"line":25,"name":"user is on homePage","match":{"location":"com.ryan.webUITest.stepDef.categoriesProductStepDef.userIsOnHomePage()"},"keyword":"Given "},{"result":{"status":"skipped"},"line":26,"name":"user click text-link categories \"Laptops\"","match":{"arguments":[{"val":"\"Laptops\"","offset":32}],"location":"com.ryan.webUITest.stepDef.categoriesProductStepDef.userClickTextLinkCategoriesProductCategory(java.lang.String)"},"keyword":"When "},{"result":{"status":"skipped"},"line":27,"name":"user see display product by \"Laptops\" categories","match":{"arguments":[{"val":"\"Laptops\"","offset":28}],"location":"com.ryan.webUITest.stepDef.categoriesProductStepDef.userSeeDisplayProductByCategoryNameCategories(java.lang.String)"},"keyword":"Then "}],"tags":[{"name":"@web"},{"name":"@[positive]_display_product_by_categories"}]}],"name":"display product by categories","description":"","id":"display-product-by-categories","keyword":"Feature","uri":"file:src/test/resources/web/categoriesProduct.feature","tags":[{"name":"@web","type":"Tag","location":{"line":1,"column":1}}]},{"line":2,"elements":[{"start_timestamp":"2023-09-25T16:34:38.256Z","before":[{"result":{"error_message":"org.openqa.selenium.SessionNotCreatedException: Could not start a new session. Response code 500. Message: session not created: This version of ChromeDriver only supports Chrome version 114\nCurrent browser version is 117.0.5938.89 with binary path C:\\Program Files\\Google\\Chrome\\Application\\chrome.exe \nHost info: host: 'fv-az192-725', ip: '10.1.40.1'\nBuild info: version: '4.9.1', revision: 'eb2032df7f'\nSystem info: os.name: 'Windows Server 2022', os.arch: 'amd64', os.version: '10.0', java.version: '11.0.20.1'\nDriver info: org.openqa.selenium.chrome.ChromeDriver\nCommand: [null, newSession {capabilities=[Capabilities {browserName: chrome, goog:chromeOptions: {args: [--remote-allow-origins=*, --headless], extensions: []}}]}]\r\n\tat org.openqa.selenium.remote.ProtocolHandshake.createSession(ProtocolHandshake.java:136)\r\n\tat org.openqa.selenium.remote.ProtocolHandshake.createSession(ProtocolHandshake.java:94)\r\n\tat org.openqa.selenium.remote.ProtocolHandshake.createSession(ProtocolHandshake.java:68)\r\n\tat org.openqa.selenium.remote.HttpCommandExecutor.execute(HttpCommandExecutor.java:165)\r\n\tat org.openqa.selenium.remote.service.DriverCommandExecutor.invokeExecute(DriverCommandExecutor.java:183)\r\n\tat org.openqa.selenium.remote.service.DriverCommandExecutor.execute(DriverCommandExecutor.java:158)\r\n\tat org.openqa.selenium.remote.RemoteWebDriver.execute(RemoteWebDriver.java:543)\r\n\tat org.openqa.selenium.remote.RemoteWebDriver.startSession(RemoteWebDriver.java:229)\r\n\tat org.openqa.selenium.remote.RemoteWebDriver.<init>(RemoteWebDriver.java:157)\r\n\tat org.openqa.selenium.chromium.ChromiumDriver.<init>(ChromiumDriver.java:101)\r\n\tat org.openqa.selenium.chrome.ChromeDriver.<init>(ChromeDriver.java:88)\r\n\tat org.openqa.selenium.chrome.ChromeDriver.<init>(ChromeDriver.java:84)\r\n\tat org.openqa.selenium.chrome.ChromeDriver.<init>(ChromeDriver.java:73)\r\n\tat Test.baseTest.getDriver(baseTest.java:15)\r\n\tat com.ryan.webUITest.stepDef.CucumberBA.beforeTest(CucumberBA.java:10)\r\n","duration":640690700,"status":"failed"},"match":{"location":"com.ryan.webUITest.stepDef.CucumberBA.beforeTest()"}}],"line":5,"name":"[positive] verify user can purchase product","description":"","id":"purchasing-product;[positive]-verify-user-can-purchase-product","after":[{"result":{"error_message":"java.lang.NullPointerException\r\n\tat com.ryan.webUITest.stepDef.CucumberBA.afterTest(CucumberBA.java:14)\r\n","status":"failed"},"match":{"location":"com.ryan.webUITest.stepDef.CucumberBA.afterTest()"}}],"type":"scenario","keyword":"Scenario","steps":[{"result":{"status":"skipped"},"line":6,"name":"user is on orderPage","match":{"location":"com.ryan.webUITest.stepDef.checkoutStepDef.userIsOnOrderPage()"},"keyword":"Given "},{"result":{"status":"skipped"},"line":7,"name":"user input name with \"santa\"","match":{"arguments":[{"val":"\"santa\"","offset":21}],"location":"com.ryan.webUITest.stepDef.checkoutStepDef.userInputNameWith(java.lang.String)"},"keyword":"And "},{"result":{"status":"skipped"},"line":8,"name":"user input country with \"Indonesia\"","match":{"arguments":[{"val":"\"Indonesia\"","offset":24}],"location":"com.ryan.webUITest.stepDef.checkoutStepDef.userInputCountryWith(java.lang.String)"},"keyword":"And "},{"result":{"status":"skipped"},"line":9,"name":"user input city with \"Bogor\"","match":{"arguments":[{"val":"\"Bogor\"","offset":21}],"location":"com.ryan.webUITest.stepDef.checkoutStepDef.userInputCityWith(java.lang.String)"},"keyword":"And "},{"result":{"status":"skipped"},"line":10,"name":"user input credit card with \"242591283098\"","match":{"arguments":[{"val":"\"242591283098\"","offset":28}],"location":"com.ryan.webUITest.stepDef.checkoutStepDef.userInputCreditCardWith(java.lang.String)"},"keyword":"And "},{"result":{"status":"skipped"},"line":11,"name":"user input month with \"December\"","match":{"arguments":[{"val":"\"December\"","offset":22}],"location":"com.ryan.webUITest.stepDef.checkoutStepDef.userInputMonthWith(java.lang.String)"},"keyword":"And "},{"result":{"status":"skipped"},"line":12,"name":"user input year with \"2024\"","match":{"arguments":[{"val":"\"2024\"","offset":21}],"location":"com.ryan.webUITest.stepDef.checkoutStepDef.userInputYearWith(java.lang.String)"},"keyword":"And "},{"result":{"status":"skipped"},"line":13,"name":"user click purchase button","match":{"location":"com.ryan.webUITest.stepDef.checkoutStepDef.userClickPurchaseButton()"},"keyword":"When "},{"result":{"status":"skipped"},"line":14,"name":"product already process purchase","match":{"location":"com.ryan.webUITest.stepDef.checkoutStepDef.productAlreadyProcessPurchase()"},"keyword":"Then "}],"tags":[{"name":"@web"},{"name":"@[positive]_verify_user_can_purchase_product"}]},{"start_timestamp":"2023-09-25T16:34:38.912Z","before":[{"result":{"error_message":"org.openqa.selenium.SessionNotCreatedException: Could not start a new session. Response code 500. Message: session not created: This version of ChromeDriver only supports Chrome version 114\nCurrent browser version is 117.0.5938.89 with binary path C:\\Program Files\\Google\\Chrome\\Application\\chrome.exe \nHost info: host: 'fv-az192-725', ip: '10.1.40.1'\nBuild info: version: '4.9.1', revision: 'eb2032df7f'\nSystem info: os.name: 'Windows Server 2022', os.arch: 'amd64', os.version: '10.0', java.version: '11.0.20.1'\nDriver info: org.openqa.selenium.chrome.ChromeDriver\nCommand: [null, newSession {capabilities=[Capabilities {browserName: chrome, goog:chromeOptions: {args: [--remote-allow-origins=*, --headless], extensions: []}}]}]\r\n\tat org.openqa.selenium.remote.ProtocolHandshake.createSession(ProtocolHandshake.java:136)\r\n\tat org.openqa.selenium.remote.ProtocolHandshake.createSession(ProtocolHandshake.java:94)\r\n\tat org.openqa.selenium.remote.ProtocolHandshake.createSession(ProtocolHandshake.java:68)\r\n\tat org.openqa.selenium.remote.HttpCommandExecutor.execute(HttpCommandExecutor.java:165)\r\n\tat org.openqa.selenium.remote.service.DriverCommandExecutor.invokeExecute(DriverCommandExecutor.java:183)\r\n\tat org.openqa.selenium.remote.service.DriverCommandExecutor.execute(DriverCommandExecutor.java:158)\r\n\tat org.openqa.selenium.remote.RemoteWebDriver.execute(RemoteWebDriver.java:543)\r\n\tat org.openqa.selenium.remote.RemoteWebDriver.startSession(RemoteWebDriver.java:229)\r\n\tat org.openqa.selenium.remote.RemoteWebDriver.<init>(RemoteWebDriver.java:157)\r\n\tat org.openqa.selenium.chromium.ChromiumDriver.<init>(ChromiumDriver.java:101)\r\n\tat org.openqa.selenium.chrome.ChromeDriver.<init>(ChromeDriver.java:88)\r\n\tat org.openqa.selenium.chrome.ChromeDriver.<init>(ChromeDriver.java:84)\r\n\tat org.openqa.selenium.chrome.ChromeDriver.<init>(ChromeDriver.java:73)\r\n\tat Test.baseTest.getDriver(baseTest.java:15)\r\n\tat com.ryan.webUITest.stepDef.CucumberBA.beforeTest(CucumberBA.java:10)\r\n","duration":696881600,"status":"failed"},"match":{"location":"com.ryan.webUITest.stepDef.CucumberBA.beforeTest()"}}],"line":18,"name":"[positive] verify user can purchase product only with credit card and name","description":"","id":"purchasing-product;[positive]-verify-user-can-purchase-product-only-with-credit-card-and-name","after":[{"result":{"error_message":"java.lang.NullPointerException\r\n\tat com.ryan.webUITest.stepDef.CucumberBA.afterTest(CucumberBA.java:14)\r\n","status":"failed"},"match":{"location":"com.ryan.webUITest.stepDef.CucumberBA.afterTest()"}}],"type":"scenario","keyword":"Scenario","steps":[{"result":{"status":"skipped"},"line":19,"name":"user is on orderPage","match":{"location":"com.ryan.webUITest.stepDef.checkoutStepDef.userIsOnOrderPage()"},"keyword":"Given "},{"result":{"status":"skipped"},"line":20,"name":"user input name with \"santa\"","match":{"arguments":[{"val":"\"santa\"","offset":21}],"location":"com.ryan.webUITest.stepDef.checkoutStepDef.userInputNameWith(java.lang.String)"},"keyword":"And "},{"result":{"status":"skipped"},"line":21,"name":"user input country with \"\"","match":{"arguments":[{"val":"\"\"","offset":24}],"location":"com.ryan.webUITest.stepDef.checkoutStepDef.userInputCountryWith(java.lang.String)"},"keyword":"And "},{"result":{"status":"skipped"},"line":22,"name":"user input city with \"\"","match":{"arguments":[{"val":"\"\"","offset":21}],"location":"com.ryan.webUITest.stepDef.checkoutStepDef.userInputCityWith(java.lang.String)"},"keyword":"And "},{"result":{"status":"skipped"},"line":23,"name":"user input credit card with \"242591283098\"","match":{"arguments":[{"val":"\"242591283098\"","offset":28}],"location":"com.ryan.webUITest.stepDef.checkoutStepDef.userInputCreditCardWith(java.lang.String)"},"keyword":"And "},{"result":{"status":"skipped"},"line":24,"name":"user input month with \"\"","match":{"arguments":[{"val":"\"\"","offset":22}],"location":"com.ryan.webUITest.stepDef.checkoutStepDef.userInputMonthWith(java.lang.String)"},"keyword":"And "},{"result":{"status":"skipped"},"line":25,"name":"user input year with \"\"","match":{"arguments":[{"val":"\"\"","offset":21}],"location":"com.ryan.webUITest.stepDef.checkoutStepDef.userInputYearWith(java.lang.String)"},"keyword":"And "},{"result":{"status":"skipped"},"line":26,"name":"user click purchase button","match":{"location":"com.ryan.webUITest.stepDef.checkoutStepDef.userClickPurchaseButton()"},"keyword":"When "},{"result":{"status":"skipped"},"line":27,"name":"product already process purchase","match":{"location":"com.ryan.webUITest.stepDef.checkoutStepDef.productAlreadyProcessPurchase()"},"keyword":"Then "}],"tags":[{"name":"@web"},{"name":"@[positive]_verify_user_can_purchase_product_only_with_name_and_credit_card"}]},{"start_timestamp":"2023-09-25T16:34:39.609Z","before":[{"result":{"error_message":"org.openqa.selenium.SessionNotCreatedException: Could not start a new session. Response code 500. Message: session not created: This version of ChromeDriver only supports Chrome version 114\nCurrent browser version is 117.0.5938.89 with binary path C:\\Program Files\\Google\\Chrome\\Application\\chrome.exe \nHost info: host: 'fv-az192-725', ip: '10.1.40.1'\nBuild info: version: '4.9.1', revision: 'eb2032df7f'\nSystem info: os.name: 'Windows Server 2022', os.arch: 'amd64', os.version: '10.0', java.version: '11.0.20.1'\nDriver info: org.openqa.selenium.chrome.ChromeDriver\nCommand: [null, newSession {capabilities=[Capabilities {browserName: chrome, goog:chromeOptions: {args: [--remote-allow-origins=*, --headless], extensions: []}}]}]\r\n\tat org.openqa.selenium.remote.ProtocolHandshake.createSession(ProtocolHandshake.java:136)\r\n\tat org.openqa.selenium.remote.ProtocolHandshake.createSession(ProtocolHandshake.java:94)\r\n\tat org.openqa.selenium.remote.ProtocolHandshake.createSession(ProtocolHandshake.java:68)\r\n\tat org.openqa.selenium.remote.HttpCommandExecutor.execute(HttpCommandExecutor.java:165)\r\n\tat org.openqa.selenium.remote.service.DriverCommandExecutor.invokeExecute(DriverCommandExecutor.java:183)\r\n\tat org.openqa.selenium.remote.service.DriverCommandExecutor.execute(DriverCommandExecutor.java:158)\r\n\tat org.openqa.selenium.remote.RemoteWebDriver.execute(RemoteWebDriver.java:543)\r\n\tat org.openqa.selenium.remote.RemoteWebDriver.startSession(RemoteWebDriver.java:229)\r\n\tat org.openqa.selenium.remote.RemoteWebDriver.<init>(RemoteWebDriver.java:157)\r\n\tat org.openqa.selenium.chromium.ChromiumDriver.<init>(ChromiumDriver.java:101)\r\n\tat org.openqa.selenium.chrome.ChromeDriver.<init>(ChromeDriver.java:88)\r\n\tat org.openqa.selenium.chrome.ChromeDriver.<init>(ChromeDriver.java:84)\r\n\tat org.openqa.selenium.chrome.ChromeDriver.<init>(ChromeDriver.java:73)\r\n\tat Test.baseTest.getDriver(baseTest.java:15)\r\n\tat com.ryan.webUITest.stepDef.CucumberBA.beforeTest(CucumberBA.java:10)\r\n","duration":718991400,"status":"failed"},"match":{"location":"com.ryan.webUITest.stepDef.CucumberBA.beforeTest()"}}],"line":30,"name":"[positive] verify user can cancel purchase product","description":"","id":"purchasing-product;[positive]-verify-user-can-cancel-purchase-product","after":[{"result":{"error_message":"java.lang.NullPointerException\r\n\tat com.ryan.webUITest.stepDef.CucumberBA.afterTest(CucumberBA.java:14)\r\n","status":"failed"},"match":{"location":"com.ryan.webUITest.stepDef.CucumberBA.afterTest()"}}],"type":"scenario","keyword":"Scenario","steps":[{"result":{"status":"skipped"},"line":31,"name":"user is on orderPage","match":{"location":"com.ryan.webUITest.stepDef.checkoutStepDef.userIsOnOrderPage()"},"keyword":"Given "},{"result":{"status":"skipped"},"line":32,"name":"user input name with \"santa\"","match":{"arguments":[{"val":"\"santa\"","offset":21}],"location":"com.ryan.webUITest.stepDef.checkoutStepDef.userInputNameWith(java.lang.String)"},"keyword":"And "},{"result":{"status":"skipped"},"line":33,"name":"user input country with \"Indonesia\"","match":{"arguments":[{"val":"\"Indonesia\"","offset":24}],"location":"com.ryan.webUITest.stepDef.checkoutStepDef.userInputCountryWith(java.lang.String)"},"keyword":"And "},{"result":{"status":"skipped"},"line":34,"name":"user input city with \"Bogor\"","match":{"arguments":[{"val":"\"Bogor\"","offset":21}],"location":"com.ryan.webUITest.stepDef.checkoutStepDef.userInputCityWith(java.lang.String)"},"keyword":"And "},{"result":{"status":"skipped"},"line":35,"name":"user input credit card with \"242591283098\"","match":{"arguments":[{"val":"\"242591283098\"","offset":28}],"location":"com.ryan.webUITest.stepDef.checkoutStepDef.userInputCreditCardWith(java.lang.String)"},"keyword":"And "},{"result":{"status":"skipped"},"line":36,"name":"user input month with \"December\"","match":{"arguments":[{"val":"\"December\"","offset":22}],"location":"com.ryan.webUITest.stepDef.checkoutStepDef.userInputMonthWith(java.lang.String)"},"keyword":"And "},{"result":{"status":"skipped"},"line":37,"name":"user input year with \"2024\"","match":{"arguments":[{"val":"\"2024\"","offset":21}],"location":"com.ryan.webUITest.stepDef.checkoutStepDef.userInputYearWith(java.lang.String)"},"keyword":"And "},{"result":{"status":"skipped"},"line":38,"name":"user click close button","match":{"location":"com.ryan.webUITest.stepDef.checkoutStepDef.userClickCloseButton()"},"keyword":"When "},{"result":{"status":"skipped"},"line":39,"name":"user is on cartPage","match":{"location":"com.ryan.webUITest.stepDef.checkoutStepDef.userIsOnCartPage()"},"keyword":"Then "}],"tags":[{"name":"@web"},{"name":"@[positive]_verify_user_can_cancel_purchase_product"}]},{"start_timestamp":"2023-09-25T16:34:40.328Z","before":[{"result":{"error_message":"org.openqa.selenium.SessionNotCreatedException: Could not start a new session. Response code 500. Message: session not created: This version of ChromeDriver only supports Chrome version 114\nCurrent browser version is 117.0.5938.89 with binary path C:\\Program Files\\Google\\Chrome\\Application\\chrome.exe \nHost info: host: 'fv-az192-725', ip: '10.1.40.1'\nBuild info: version: '4.9.1', revision: 'eb2032df7f'\nSystem info: os.name: 'Windows Server 2022', os.arch: 'amd64', os.version: '10.0', java.version: '11.0.20.1'\nDriver info: org.openqa.selenium.chrome.ChromeDriver\nCommand: [null, newSession {capabilities=[Capabilities {browserName: chrome, goog:chromeOptions: {args: [--remote-allow-origins=*, --headless], extensions: []}}]}]\r\n\tat org.openqa.selenium.remote.ProtocolHandshake.createSession(ProtocolHandshake.java:136)\r\n\tat org.openqa.selenium.remote.ProtocolHandshake.createSession(ProtocolHandshake.java:94)\r\n\tat org.openqa.selenium.remote.ProtocolHandshake.createSession(ProtocolHandshake.java:68)\r\n\tat org.openqa.selenium.remote.HttpCommandExecutor.execute(HttpCommandExecutor.java:165)\r\n\tat org.openqa.selenium.remote.service.DriverCommandExecutor.invokeExecute(DriverCommandExecutor.java:183)\r\n\tat org.openqa.selenium.remote.service.DriverCommandExecutor.execute(DriverCommandExecutor.java:158)\r\n\tat org.openqa.selenium.remote.RemoteWebDriver.execute(RemoteWebDriver.java:543)\r\n\tat org.openqa.selenium.remote.RemoteWebDriver.startSession(RemoteWebDriver.java:229)\r\n\tat org.openqa.selenium.remote.RemoteWebDriver.<init>(RemoteWebDriver.java:157)\r\n\tat org.openqa.selenium.chromium.ChromiumDriver.<init>(ChromiumDriver.java:101)\r\n\tat org.openqa.selenium.chrome.ChromeDriver.<init>(ChromeDriver.java:88)\r\n\tat org.openqa.selenium.chrome.ChromeDriver.<init>(ChromeDriver.java:84)\r\n\tat org.openqa.selenium.chrome.ChromeDriver.<init>(ChromeDriver.java:73)\r\n\tat Test.baseTest.getDriver(baseTest.java:15)\r\n\tat com.ryan.webUITest.stepDef.CucumberBA.beforeTest(CucumberBA.java:10)\r\n","duration":684199300,"status":"failed"},"match":{"location":"com.ryan.webUITest.stepDef.CucumberBA.beforeTest()"}}],"line":42,"name":"[negative] verify user cant purchase product (blank input name)","description":"","id":"purchasing-product;[negative]-verify-user-cant-purchase-product-(blank-input-name)","after":[{"result":{"error_message":"java.lang.NullPointerException\r\n\tat com.ryan.webUITest.stepDef.CucumberBA.afterTest(CucumberBA.java:14)\r\n","status":"failed"},"match":{"location":"com.ryan.webUITest.stepDef.CucumberBA.afterTest()"}}],"type":"scenario","keyword":"Scenario","steps":[{"result":{"status":"skipped"},"line":43,"name":"user is on orderPage","match":{"location":"com.ryan.webUITest.stepDef.checkoutStepDef.userIsOnOrderPage()"},"keyword":"Given "},{"result":{"status":"skipped"},"line":44,"name":"user input name with \"\"","match":{"arguments":[{"val":"\"\"","offset":21}],"location":"com.ryan.webUITest.stepDef.checkoutStepDef.userInputNameWith(java.lang.String)"},"keyword":"And "},{"result":{"status":"skipped"},"line":45,"name":"user input country with \"Indonesia\"","match":{"arguments":[{"val":"\"Indonesia\"","offset":24}],"location":"com.ryan.webUITest.stepDef.checkoutStepDef.userInputCountryWith(java.lang.String)"},"keyword":"And "},{"result":{"status":"skipped"},"line":46,"name":"user input city with \"Bogor\"","match":{"arguments":[{"val":"\"Bogor\"","offset":21}],"location":"com.ryan.webUITest.stepDef.checkoutStepDef.userInputCityWith(java.lang.String)"},"keyword":"And "},{"result":{"status":"skipped"},"line":47,"name":"user input credit card with \"242591283098\"","match":{"arguments":[{"val":"\"242591283098\"","offset":28}],"location":"com.ryan.webUITest.stepDef.checkoutStepDef.userInputCreditCardWith(java.lang.String)"},"keyword":"And "},{"result":{"status":"skipped"},"line":48,"name":"user input month with \"December\"","match":{"arguments":[{"val":"\"December\"","offset":22}],"location":"com.ryan.webUITest.stepDef.checkoutStepDef.userInputMonthWith(java.lang.String)"},"keyword":"And "},{"result":{"status":"skipped"},"line":49,"name":"user input year with \"2024\"","match":{"arguments":[{"val":"\"2024\"","offset":21}],"location":"com.ryan.webUITest.stepDef.checkoutStepDef.userInputYearWith(java.lang.String)"},"keyword":"And "},{"result":{"status":"skipped"},"line":50,"name":"user click purchase button","match":{"location":"com.ryan.webUITest.stepDef.checkoutStepDef.userClickPurchaseButton()"},"keyword":"When "},{"result":{"status":"skipped"},"line":51,"name":"user get message alert \"Please fill out Name and Creditcard.\"","match":{"arguments":[{"val":"\"Please fill out Name and Creditcard.\"","offset":23}],"location":"com.ryan.webUITest.stepDef.checkoutStepDef.userGetMessageAlert(java.lang.String)"},"keyword":"Then "}],"tags":[{"name":"@web"},{"name":"@[negative]_verify_user_cant_purchase_product_(blank_input_name)"}]},{"start_timestamp":"2023-09-25T16:34:41.012Z","before":[{"result":{"error_message":"org.openqa.selenium.SessionNotCreatedException: Could not start a new session. Response code 500. Message: session not created: This version of ChromeDriver only supports Chrome version 114\nCurrent browser version is 117.0.5938.89 with binary path C:\\Program Files\\Google\\Chrome\\Application\\chrome.exe \nHost info: host: 'fv-az192-725', ip: '10.1.40.1'\nBuild info: version: '4.9.1', revision: 'eb2032df7f'\nSystem info: os.name: 'Windows Server 2022', os.arch: 'amd64', os.version: '10.0', java.version: '11.0.20.1'\nDriver info: org.openqa.selenium.chrome.ChromeDriver\nCommand: [null, newSession {capabilities=[Capabilities {browserName: chrome, goog:chromeOptions: {args: [--remote-allow-origins=*, --headless], extensions: []}}]}]\r\n\tat org.openqa.selenium.remote.ProtocolHandshake.createSession(ProtocolHandshake.java:136)\r\n\tat org.openqa.selenium.remote.ProtocolHandshake.createSession(ProtocolHandshake.java:94)\r\n\tat org.openqa.selenium.remote.ProtocolHandshake.createSession(ProtocolHandshake.java:68)\r\n\tat org.openqa.selenium.remote.HttpCommandExecutor.execute(HttpCommandExecutor.java:165)\r\n\tat org.openqa.selenium.remote.service.DriverCommandExecutor.invokeExecute(DriverCommandExecutor.java:183)\r\n\tat org.openqa.selenium.remote.service.DriverCommandExecutor.execute(DriverCommandExecutor.java:158)\r\n\tat org.openqa.selenium.remote.RemoteWebDriver.execute(RemoteWebDriver.java:543)\r\n\tat org.openqa.selenium.remote.RemoteWebDriver.startSession(RemoteWebDriver.java:229)\r\n\tat org.openqa.selenium.remote.RemoteWebDriver.<init>(RemoteWebDriver.java:157)\r\n\tat org.openqa.selenium.chromium.ChromiumDriver.<init>(ChromiumDriver.java:101)\r\n\tat org.openqa.selenium.chrome.ChromeDriver.<init>(ChromeDriver.java:88)\r\n\tat org.openqa.selenium.chrome.ChromeDriver.<init>(ChromeDriver.java:84)\r\n\tat org.openqa.selenium.chrome.ChromeDriver.<init>(ChromeDriver.java:73)\r\n\tat Test.baseTest.getDriver(baseTest.java:15)\r\n\tat com.ryan.webUITest.stepDef.CucumberBA.beforeTest(CucumberBA.java:10)\r\n","duration":631510300,"status":"failed"},"match":{"location":"com.ryan.webUITest.stepDef.CucumberBA.beforeTest()"}}],"line":54,"name":"[negative] verify user cant purchase product (blank input creditcard)","description":"","id":"purchasing-product;[negative]-verify-user-cant-purchase-product-(blank-input-creditcard)","after":[{"result":{"error_message":"java.lang.NullPointerException\r\n\tat com.ryan.webUITest.stepDef.CucumberBA.afterTest(CucumberBA.java:14)\r\n","status":"failed"},"match":{"location":"com.ryan.webUITest.stepDef.CucumberBA.afterTest()"}}],"type":"scenario","keyword":"Scenario","steps":[{"result":{"status":"skipped"},"line":55,"name":"user is on orderPage","match":{"location":"com.ryan.webUITest.stepDef.checkoutStepDef.userIsOnOrderPage()"},"keyword":"Given "},{"result":{"status":"skipped"},"line":56,"name":"user input name with \"santa\"","match":{"arguments":[{"val":"\"santa\"","offset":21}],"location":"com.ryan.webUITest.stepDef.checkoutStepDef.userInputNameWith(java.lang.String)"},"keyword":"And "},{"result":{"status":"skipped"},"line":57,"name":"user input country with \"Indonesia\"","match":{"arguments":[{"val":"\"Indonesia\"","offset":24}],"location":"com.ryan.webUITest.stepDef.checkoutStepDef.userInputCountryWith(java.lang.String)"},"keyword":"And "},{"result":{"status":"skipped"},"line":58,"name":"user input city with \"Bogor\"","match":{"arguments":[{"val":"\"Bogor\"","offset":21}],"location":"com.ryan.webUITest.stepDef.checkoutStepDef.userInputCityWith(java.lang.String)"},"keyword":"And "},{"result":{"status":"skipped"},"line":59,"name":"user input credit card with \"\"","match":{"arguments":[{"val":"\"\"","offset":28}],"location":"com.ryan.webUITest.stepDef.checkoutStepDef.userInputCreditCardWith(java.lang.String)"},"keyword":"And "},{"result":{"status":"skipped"},"line":60,"name":"user input month with \"December\"","match":{"arguments":[{"val":"\"December\"","offset":22}],"location":"com.ryan.webUITest.stepDef.checkoutStepDef.userInputMonthWith(java.lang.String)"},"keyword":"And "},{"result":{"status":"skipped"},"line":61,"name":"user input year with \"2024\"","match":{"arguments":[{"val":"\"2024\"","offset":21}],"location":"com.ryan.webUITest.stepDef.checkoutStepDef.userInputYearWith(java.lang.String)"},"keyword":"And "},{"result":{"status":"skipped"},"line":62,"name":"user click purchase button","match":{"location":"com.ryan.webUITest.stepDef.checkoutStepDef.userClickPurchaseButton()"},"keyword":"When "},{"result":{"status":"skipped"},"line":63,"name":"user get message alert \"Please fill out Name and Creditcard.\"","match":{"arguments":[{"val":"\"Please fill out Name and Creditcard.\"","offset":23}],"location":"com.ryan.webUITest.stepDef.checkoutStepDef.userGetMessageAlert(java.lang.String)"},"keyword":"Then "}],"tags":[{"name":"@web"},{"name":"@[negative]_verify_user_cant_purchase_product_(blank_input_creditcard)"}]}],"name":"Purchasing product","description":"","id":"purchasing-product","keyword":"Feature","uri":"file:src/test/resources/web/checkout.feature","tags":[{"name":"@web","type":"Tag","location":{"line":1,"column":1}}]},{"line":2,"elements":[{"start_timestamp":"2023-09-25T16:34:41.644Z","before":[{"result":{"error_message":"org.openqa.selenium.SessionNotCreatedException: Could not start a new session. Response code 500. Message: session not created: This version of ChromeDriver only supports Chrome version 114\nCurrent browser version is 117.0.5938.89 with binary path C:\\Program Files\\Google\\Chrome\\Application\\chrome.exe \nHost info: host: 'fv-az192-725', ip: '10.1.40.1'\nBuild info: version: '4.9.1', revision: 'eb2032df7f'\nSystem info: os.name: 'Windows Server 2022', os.arch: 'amd64', os.version: '10.0', java.version: '11.0.20.1'\nDriver info: org.openqa.selenium.chrome.ChromeDriver\nCommand: [null, newSession {capabilities=[Capabilities {browserName: chrome, goog:chromeOptions: {args: [--remote-allow-origins=*, --headless], extensions: []}}]}]\r\n\tat org.openqa.selenium.remote.ProtocolHandshake.createSession(ProtocolHandshake.java:136)\r\n\tat org.openqa.selenium.remote.ProtocolHandshake.createSession(ProtocolHandshake.java:94)\r\n\tat org.openqa.selenium.remote.ProtocolHandshake.createSession(ProtocolHandshake.java:68)\r\n\tat org.openqa.selenium.remote.HttpCommandExecutor.execute(HttpCommandExecutor.java:165)\r\n\tat org.openqa.selenium.remote.service.DriverCommandExecutor.invokeExecute(DriverCommandExecutor.java:183)\r\n\tat org.openqa.selenium.remote.service.DriverCommandExecutor.execute(DriverCommandExecutor.java:158)\r\n\tat org.openqa.selenium.remote.RemoteWebDriver.execute(RemoteWebDriver.java:543)\r\n\tat org.openqa.selenium.remote.RemoteWebDriver.startSession(RemoteWebDriver.java:229)\r\n\tat org.openqa.selenium.remote.RemoteWebDriver.<init>(RemoteWebDriver.java:157)\r\n\tat org.openqa.selenium.chromium.ChromiumDriver.<init>(ChromiumDriver.java:101)\r\n\tat org.openqa.selenium.chrome.ChromeDriver.<init>(ChromeDriver.java:88)\r\n\tat org.openqa.selenium.chrome.ChromeDriver.<init>(ChromeDriver.java:84)\r\n\tat org.openqa.selenium.chrome.ChromeDriver.<init>(ChromeDriver.java:73)\r\n\tat Test.baseTest.getDriver(baseTest.java:15)\r\n\tat com.ryan.webUITest.stepDef.CucumberBA.beforeTest(CucumberBA.java:10)\r\n","duration":765902600,"status":"failed"},"match":{"location":"com.ryan.webUITest.stepDef.CucumberBA.beforeTest()"}}],"line":5,"name":"[Positive] send contact message","description":"","id":"contact;[positive]-send-contact-message","after":[{"result":{"error_message":"java.lang.NullPointerException\r\n\tat com.ryan.webUITest.stepDef.CucumberBA.afterTest(CucumberBA.java:14)\r\n","status":"failed"},"match":{"location":"com.ryan.webUITest.stepDef.CucumberBA.afterTest()"}}],"type":"scenario","keyword":"Scenario","steps":[{"result":{"status":"skipped"},"line":6,"name":"user on contact page","match":{"location":"com.ryan.webUITest.stepDef.contactStepDef.userOnContactPage()"},"keyword":"Given "},{"result":{"status":"skipped"},"line":7,"name":"input email address \"sigit_proud@gmail.com\"","match":{"arguments":[{"val":"\"sigit_proud@gmail.com\"","offset":20}],"location":"com.ryan.webUITest.stepDef.contactStepDef.inputEmailAddress(java.lang.String)"},"keyword":"And "},{"result":{"status":"skipped"},"line":8,"name":"input name \"sigit\"","match":{"arguments":[{"val":"\"sigit\"","offset":11}],"location":"com.ryan.webUITest.stepDef.contactStepDef.inputName(java.lang.String)"},"keyword":"And "},{"result":{"status":"skipped"},"line":9,"name":"input message text \"have a good day\"","match":{"arguments":[{"val":"\"have a good day\"","offset":19}],"location":"com.ryan.webUITest.stepDef.contactStepDef.inputMessageText(java.lang.String)"},"keyword":"And "},{"result":{"status":"skipped"},"line":10,"name":"user click send message button","match":{"location":"com.ryan.webUITest.stepDef.contactStepDef.userClickSendMessageButton()"},"keyword":"When "},{"result":{"status":"skipped"},"line":11,"name":"user get message box \"Thanks for the message!!\"","match":{"arguments":[{"val":"\"Thanks for the message!!\"","offset":21}],"location":"com.ryan.webUITest.stepDef.contactStepDef.userGetMessageBox(java.lang.String)"},"keyword":"Then "}],"tags":[{"name":"@web"},{"name":"@[positive]_Send_Contact_Message"}]},{"start_timestamp":"2023-09-25T16:34:42.425Z","before":[{"result":{"error_message":"org.openqa.selenium.SessionNotCreatedException: Could not start a new session. Response code 500. Message: session not created: This version of ChromeDriver only supports Chrome version 114\nCurrent browser version is 117.0.5938.89 with binary path C:\\Program Files\\Google\\Chrome\\Application\\chrome.exe \nHost info: host: 'fv-az192-725', ip: '10.1.40.1'\nBuild info: version: '4.9.1', revision: 'eb2032df7f'\nSystem info: os.name: 'Windows Server 2022', os.arch: 'amd64', os.version: '10.0', java.version: '11.0.20.1'\nDriver info: org.openqa.selenium.chrome.ChromeDriver\nCommand: [null, newSession {capabilities=[Capabilities {browserName: chrome, goog:chromeOptions: {args: [--remote-allow-origins=*, --headless], extensions: []}}]}]\r\n\tat org.openqa.selenium.remote.ProtocolHandshake.createSession(ProtocolHandshake.java:136)\r\n\tat org.openqa.selenium.remote.ProtocolHandshake.createSession(ProtocolHandshake.java:94)\r\n\tat org.openqa.selenium.remote.ProtocolHandshake.createSession(ProtocolHandshake.java:68)\r\n\tat org.openqa.selenium.remote.HttpCommandExecutor.execute(HttpCommandExecutor.java:165)\r\n\tat org.openqa.selenium.remote.service.DriverCommandExecutor.invokeExecute(DriverCommandExecutor.java:183)\r\n\tat org.openqa.selenium.remote.service.DriverCommandExecutor.execute(DriverCommandExecutor.java:158)\r\n\tat org.openqa.selenium.remote.RemoteWebDriver.execute(RemoteWebDriver.java:543)\r\n\tat org.openqa.selenium.remote.RemoteWebDriver.startSession(RemoteWebDriver.java:229)\r\n\tat org.openqa.selenium.remote.RemoteWebDriver.<init>(RemoteWebDriver.java:157)\r\n\tat org.openqa.selenium.chromium.ChromiumDriver.<init>(ChromiumDriver.java:101)\r\n\tat org.openqa.selenium.chrome.ChromeDriver.<init>(ChromeDriver.java:88)\r\n\tat org.openqa.selenium.chrome.ChromeDriver.<init>(ChromeDriver.java:84)\r\n\tat org.openqa.selenium.chrome.ChromeDriver.<init>(ChromeDriver.java:73)\r\n\tat Test.baseTest.getDriver(baseTest.java:15)\r\n\tat com.ryan.webUITest.stepDef.CucumberBA.beforeTest(CucumberBA.java:10)\r\n","duration":750637400,"status":"failed"},"match":{"location":"com.ryan.webUITest.stepDef.CucumberBA.beforeTest()"}}],"line":14,"name":"[negative] send contact message (blank email)","description":"      Expected : User get alert message \"Please fill at Contact Email !!\"\n      Actual : User get alert message \"Thanks for the message!!\"","id":"contact;[negative]-send-contact-message-(blank-email)","after":[{"result":{"error_message":"java.lang.NullPointerException\r\n\tat com.ryan.webUITest.stepDef.CucumberBA.afterTest(CucumberBA.java:14)\r\n","status":"failed"},"match":{"location":"com.ryan.webUITest.stepDef.CucumberBA.afterTest()"}}],"type":"scenario","keyword":"Scenario","steps":[{"result":{"status":"skipped"},"line":18,"name":"user on contact page","match":{"location":"com.ryan.webUITest.stepDef.contactStepDef.userOnContactPage()"},"keyword":"Given "},{"result":{"status":"skipped"},"line":19,"name":"input email address \"\"","match":{"arguments":[{"val":"\"\"","offset":20}],"location":"com.ryan.webUITest.stepDef.contactStepDef.inputEmailAddress(java.lang.String)"},"keyword":"And "},{"result":{"duration":534800,"status":"skipped"},"line":20,"name":"input name \"sigit\"","match":{"arguments":[{"val":"\"sigit\"","offset":11}],"location":"com.ryan.webUITest.stepDef.contactStepDef.inputName(java.lang.String)"},"keyword":"And "},{"result":{"status":"skipped"},"line":21,"name":"input message text \"have a good day\"","match":{"arguments":[{"val":"\"have a good day\"","offset":19}],"location":"com.ryan.webUITest.stepDef.contactStepDef.inputMessageText(java.lang.String)"},"keyword":"And "},{"result":{"status":"skipped"},"line":22,"name":"user click send message button","match":{"location":"com.ryan.webUITest.stepDef.contactStepDef.userClickSendMessageButton()"},"keyword":"When "},{"result":{"status":"skipped"},"line":23,"name":"user get message box \"Thanks for the message!!\"","match":{"arguments":[{"val":"\"Thanks for the message!!\"","offset":21}],"location":"com.ryan.webUITest.stepDef.contactStepDef.userGetMessageBox(java.lang.String)"},"keyword":"Then "}],"tags":[{"name":"@web"},{"name":"@[negative]_Send_Contact_Message_(blank_email)"}]},{"start_timestamp":"2023-09-25T16:34:43.177Z","before":[{"result":{"error_message":"org.openqa.selenium.SessionNotCreatedException: Could not start a new session. Response code 500. Message: session not created: This version of ChromeDriver only supports Chrome version 114\nCurrent browser version is 117.0.5938.89 with binary path C:\\Program Files\\Google\\Chrome\\Application\\chrome.exe \nHost info: host: 'fv-az192-725', ip: '10.1.40.1'\nBuild info: version: '4.9.1', revision: 'eb2032df7f'\nSystem info: os.name: 'Windows Server 2022', os.arch: 'amd64', os.version: '10.0', java.version: '11.0.20.1'\nDriver info: org.openqa.selenium.chrome.ChromeDriver\nCommand: [null, newSession {capabilities=[Capabilities {browserName: chrome, goog:chromeOptions: {args: [--remote-allow-origins=*, --headless], extensions: []}}]}]\r\n\tat org.openqa.selenium.remote.ProtocolHandshake.createSession(ProtocolHandshake.java:136)\r\n\tat org.openqa.selenium.remote.ProtocolHandshake.createSession(ProtocolHandshake.java:94)\r\n\tat org.openqa.selenium.remote.ProtocolHandshake.createSession(ProtocolHandshake.java:68)\r\n\tat org.openqa.selenium.remote.HttpCommandExecutor.execute(HttpCommandExecutor.java:165)\r\n\tat org.openqa.selenium.remote.service.DriverCommandExecutor.invokeExecute(DriverCommandExecutor.java:183)\r\n\tat org.openqa.selenium.remote.service.DriverCommandExecutor.execute(DriverCommandExecutor.java:158)\r\n\tat org.openqa.selenium.remote.RemoteWebDriver.execute(RemoteWebDriver.java:543)\r\n\tat org.openqa.selenium.remote.RemoteWebDriver.startSession(RemoteWebDriver.java:229)\r\n\tat org.openqa.selenium.remote.RemoteWebDriver.<init>(RemoteWebDriver.java:157)\r\n\tat org.openqa.selenium.chromium.ChromiumDriver.<init>(ChromiumDriver.java:101)\r\n\tat org.openqa.selenium.chrome.ChromeDriver.<init>(ChromeDriver.java:88)\r\n\tat org.openqa.selenium.chrome.ChromeDriver.<init>(ChromeDriver.java:84)\r\n\tat org.openqa.selenium.chrome.ChromeDriver.<init>(ChromeDriver.java:73)\r\n\tat Test.baseTest.getDriver(baseTest.java:15)\r\n\tat com.ryan.webUITest.stepDef.CucumberBA.beforeTest(CucumberBA.java:10)\r\n","duration":778511600,"status":"failed"},"match":{"location":"com.ryan.webUITest.stepDef.CucumberBA.beforeTest()"}}],"line":27,"name":"[negative] send contact message (blank name)","description":"    Expected : User get alert message \"Please fill at Contact Name !!\"\n    Actual : User get alert message \"Thanks for the message!!\"","id":"contact;[negative]-send-contact-message-(blank-name)","after":[{"result":{"error_message":"java.lang.NullPointerException\r\n\tat com.ryan.webUITest.stepDef.CucumberBA.afterTest(CucumberBA.java:14)\r\n","status":"failed"},"match":{"location":"com.ryan.webUITest.stepDef.CucumberBA.afterTest()"}}],"type":"scenario","keyword":"Scenario","steps":[{"result":{"status":"skipped"},"line":31,"name":"user on contact page","match":{"location":"com.ryan.webUITest.stepDef.contactStepDef.userOnContactPage()"},"keyword":"Given "},{"result":{"status":"skipped"},"line":32,"name":"input email address \"sigit_proud@gmail.com\"","match":{"arguments":[{"val":"\"sigit_proud@gmail.com\"","offset":20}],"location":"com.ryan.webUITest.stepDef.contactStepDef.inputEmailAddress(java.lang.String)"},"keyword":"And "},{"result":{"status":"skipped"},"line":33,"name":"input name \"\"","match":{"arguments":[{"val":"\"\"","offset":11}],"location":"com.ryan.webUITest.stepDef.contactStepDef.inputName(java.lang.String)"},"keyword":"And "},{"result":{"status":"skipped"},"line":34,"name":"input message text \"have a good day\"","match":{"arguments":[{"val":"\"have a good day\"","offset":19}],"location":"com.ryan.webUITest.stepDef.contactStepDef.inputMessageText(java.lang.String)"},"keyword":"And "},{"result":{"status":"skipped"},"line":35,"name":"user click send message button","match":{"location":"com.ryan.webUITest.stepDef.contactStepDef.userClickSendMessageButton()"},"keyword":"When "},{"result":{"status":"skipped"},"line":36,"name":"user get message box \"Thanks for the message!!\"","match":{"arguments":[{"val":"\"Thanks for the message!!\"","offset":21}],"location":"com.ryan.webUITest.stepDef.contactStepDef.userGetMessageBox(java.lang.String)"},"keyword":"Then "}],"tags":[{"name":"@web"},{"name":"@[negative]_Send_Contact_Message_(blank_name)"}]},{"start_timestamp":"2023-09-25T16:34:43.956Z","before":[{"result":{"error_message":"org.openqa.selenium.SessionNotCreatedException: Could not start a new session. Response code 500. Message: session not created: This version of ChromeDriver only supports Chrome version 114\nCurrent browser version is 117.0.5938.89 with binary path C:\\Program Files\\Google\\Chrome\\Application\\chrome.exe \nHost info: host: 'fv-az192-725', ip: '10.1.40.1'\nBuild info: version: '4.9.1', revision: 'eb2032df7f'\nSystem info: os.name: 'Windows Server 2022', os.arch: 'amd64', os.version: '10.0', java.version: '11.0.20.1'\nDriver info: org.openqa.selenium.chrome.ChromeDriver\nCommand: [null, newSession {capabilities=[Capabilities {browserName: chrome, goog:chromeOptions: {args: [--remote-allow-origins=*, --headless], extensions: []}}]}]\r\n\tat org.openqa.selenium.remote.ProtocolHandshake.createSession(ProtocolHandshake.java:136)\r\n\tat org.openqa.selenium.remote.ProtocolHandshake.createSession(ProtocolHandshake.java:94)\r\n\tat org.openqa.selenium.remote.ProtocolHandshake.createSession(ProtocolHandshake.java:68)\r\n\tat org.openqa.selenium.remote.HttpCommandExecutor.execute(HttpCommandExecutor.java:165)\r\n\tat org.openqa.selenium.remote.service.DriverCommandExecutor.invokeExecute(DriverCommandExecutor.java:183)\r\n\tat org.openqa.selenium.remote.service.DriverCommandExecutor.execute(DriverCommandExecutor.java:158)\r\n\tat org.openqa.selenium.remote.RemoteWebDriver.execute(RemoteWebDriver.java:543)\r\n\tat org.openqa.selenium.remote.RemoteWebDriver.startSession(RemoteWebDriver.java:229)\r\n\tat org.openqa.selenium.remote.RemoteWebDriver.<init>(RemoteWebDriver.java:157)\r\n\tat org.openqa.selenium.chromium.ChromiumDriver.<init>(ChromiumDriver.java:101)\r\n\tat org.openqa.selenium.chrome.ChromeDriver.<init>(ChromeDriver.java:88)\r\n\tat org.openqa.selenium.chrome.ChromeDriver.<init>(ChromeDriver.java:84)\r\n\tat org.openqa.selenium.chrome.ChromeDriver.<init>(ChromeDriver.java:73)\r\n\tat Test.baseTest.getDriver(baseTest.java:15)\r\n\tat com.ryan.webUITest.stepDef.CucumberBA.beforeTest(CucumberBA.java:10)\r\n","duration":804188800,"status":"failed"},"match":{"location":"com.ryan.webUITest.stepDef.CucumberBA.beforeTest()"}}],"line":39,"name":"[negative] send contact message (blank email) (blank message)","description":"    Expected : User get alert message \"Please fill at Contact Name !!\"\n    Actual : User get alert message \"Thanks for the message!!\"","id":"contact;[negative]-send-contact-message-(blank-email)-(blank-message)","after":[{"result":{"error_message":"java.lang.NullPointerException\r\n\tat com.ryan.webUITest.stepDef.CucumberBA.afterTest(CucumberBA.java:14)\r\n","duration":1564100,"status":"failed"},"match":{"location":"com.ryan.webUITest.stepDef.CucumberBA.afterTest()"}}],"type":"scenario","keyword":"Scenario","steps":[{"result":{"status":"skipped"},"line":43,"name":"user on contact page","match":{"location":"com.ryan.webUITest.stepDef.contactStepDef.userOnContactPage()"},"keyword":"Given "},{"result":{"status":"skipped"},"line":44,"name":"input email address \"\"","match":{"arguments":[{"val":"\"\"","offset":20}],"location":"com.ryan.webUITest.stepDef.contactStepDef.inputEmailAddress(java.lang.String)"},"keyword":"And "},{"result":{"status":"skipped"},"line":45,"name":"input name \"sigit\"","match":{"arguments":[{"val":"\"sigit\"","offset":11}],"location":"com.ryan.webUITest.stepDef.contactStepDef.inputName(java.lang.String)"},"keyword":"And "},{"result":{"status":"skipped"},"line":46,"name":"input message text \"\"","match":{"arguments":[{"val":"\"\"","offset":19}],"location":"com.ryan.webUITest.stepDef.contactStepDef.inputMessageText(java.lang.String)"},"keyword":"And "},{"result":{"status":"skipped"},"line":47,"name":"user click send message button","match":{"location":"com.ryan.webUITest.stepDef.contactStepDef.userClickSendMessageButton()"},"keyword":"When "},{"result":{"status":"skipped"},"line":48,"name":"user get message box \"Thanks for the message!!\"","match":{"arguments":[{"val":"\"Thanks for the message!!\"","offset":21}],"location":"com.ryan.webUITest.stepDef.contactStepDef.userGetMessageBox(java.lang.String)"},"keyword":"Then "}],"tags":[{"name":"@web"},{"name":"@[negative]_Send_Contact_Message_(blank_email)_(blank_message)"}]},{"start_timestamp":"2023-09-25T16:34:44.768Z","before":[{"result":{"error_message":"org.openqa.selenium.SessionNotCreatedException: Could not start a new session. Response code 500. Message: session not created: This version of ChromeDriver only supports Chrome version 114\nCurrent browser version is 117.0.5938.89 with binary path C:\\Program Files\\Google\\Chrome\\Application\\chrome.exe \nHost info: host: 'fv-az192-725', ip: '10.1.40.1'\nBuild info: version: '4.9.1', revision: 'eb2032df7f'\nSystem info: os.name: 'Windows Server 2022', os.arch: 'amd64', os.version: '10.0', java.version: '11.0.20.1'\nDriver info: org.openqa.selenium.chrome.ChromeDriver\nCommand: [null, newSession {capabilities=[Capabilities {browserName: chrome, goog:chromeOptions: {args: [--remote-allow-origins=*, --headless], extensions: []}}]}]\r\n\tat org.openqa.selenium.remote.ProtocolHandshake.createSession(ProtocolHandshake.java:136)\r\n\tat org.openqa.selenium.remote.ProtocolHandshake.createSession(ProtocolHandshake.java:94)\r\n\tat org.openqa.selenium.remote.ProtocolHandshake.createSession(ProtocolHandshake.java:68)\r\n\tat org.openqa.selenium.remote.HttpCommandExecutor.execute(HttpCommandExecutor.java:165)\r\n\tat org.openqa.selenium.remote.service.DriverCommandExecutor.invokeExecute(DriverCommandExecutor.java:183)\r\n\tat org.openqa.selenium.remote.service.DriverCommandExecutor.execute(DriverCommandExecutor.java:158)\r\n\tat org.openqa.selenium.remote.RemoteWebDriver.execute(RemoteWebDriver.java:543)\r\n\tat org.openqa.selenium.remote.RemoteWebDriver.startSession(RemoteWebDriver.java:229)\r\n\tat org.openqa.selenium.remote.RemoteWebDriver.<init>(RemoteWebDriver.java:157)\r\n\tat org.openqa.selenium.chromium.ChromiumDriver.<init>(ChromiumDriver.java:101)\r\n\tat org.openqa.selenium.chrome.ChromeDriver.<init>(ChromeDriver.java:88)\r\n\tat org.openqa.selenium.chrome.ChromeDriver.<init>(ChromeDriver.java:84)\r\n\tat org.openqa.selenium.chrome.ChromeDriver.<init>(ChromeDriver.java:73)\r\n\tat Test.baseTest.getDriver(baseTest.java:15)\r\n\tat com.ryan.webUITest.stepDef.CucumberBA.beforeTest(CucumberBA.java:10)\r\n","duration":724730800,"status":"failed"},"match":{"location":"com.ryan.webUITest.stepDef.CucumberBA.beforeTest()"}}],"line":51,"name":"[negative] send contact message (blank email) (blank message) (blank name)","description":"    Expected : User get alert message \"Please fill at Contact Name !!\"\n    Actual : User get alert message \"Thanks for the message!!\"","id":"contact;[negative]-send-contact-message-(blank-email)-(blank-message)-(blank-name)","after":[{"result":{"error_message":"java.lang.NullPointerException\r\n\tat com.ryan.webUITest.stepDef.CucumberBA.afterTest(CucumberBA.java:14)\r\n","status":"failed"},"match":{"location":"com.ryan.webUITest.stepDef.CucumberBA.afterTest()"}}],"type":"scenario","keyword":"Scenario","steps":[{"result":{"status":"skipped"},"line":55,"name":"user on contact page","match":{"location":"com.ryan.webUITest.stepDef.contactStepDef.userOnContactPage()"},"keyword":"Given "},{"result":{"status":"skipped"},"line":56,"name":"input email address \"\"","match":{"arguments":[{"val":"\"\"","offset":20}],"location":"com.ryan.webUITest.stepDef.contactStepDef.inputEmailAddress(java.lang.String)"},"keyword":"And "},{"result":{"status":"skipped"},"line":57,"name":"input name \"\"","match":{"arguments":[{"val":"\"\"","offset":11}],"location":"com.ryan.webUITest.stepDef.contactStepDef.inputName(java.lang.String)"},"keyword":"And "},{"result":{"status":"skipped"},"line":58,"name":"input message text \"\"","match":{"arguments":[{"val":"\"\"","offset":19}],"location":"com.ryan.webUITest.stepDef.contactStepDef.inputMessageText(java.lang.String)"},"keyword":"And "},{"result":{"status":"skipped"},"line":59,"name":"user click send message button","match":{"location":"com.ryan.webUITest.stepDef.contactStepDef.userClickSendMessageButton()"},"keyword":"When "},{"result":{"status":"skipped"},"line":60,"name":"user get message box \"Thanks for the message!!\"","match":{"arguments":[{"val":"\"Thanks for the message!!\"","offset":21}],"location":"com.ryan.webUITest.stepDef.contactStepDef.userGetMessageBox(java.lang.String)"},"keyword":"Then "}],"tags":[{"name":"@web"},{"name":"@[negative]_Send_Contact_Message_(blank_email)_(blank_message)_(blank_name)"}]},{"start_timestamp":"2023-09-25T16:34:45.493Z","before":[{"result":{"error_message":"org.openqa.selenium.SessionNotCreatedException: Could not start a new session. Response code 500. Message: session not created: This version of ChromeDriver only supports Chrome version 114\nCurrent browser version is 117.0.5938.89 with binary path C:\\Program Files\\Google\\Chrome\\Application\\chrome.exe \nHost info: host: 'fv-az192-725', ip: '10.1.40.1'\nBuild info: version: '4.9.1', revision: 'eb2032df7f'\nSystem info: os.name: 'Windows Server 2022', os.arch: 'amd64', os.version: '10.0', java.version: '11.0.20.1'\nDriver info: org.openqa.selenium.chrome.ChromeDriver\nCommand: [null, newSession {capabilities=[Capabilities {browserName: chrome, goog:chromeOptions: {args: [--remote-allow-origins=*, --headless], extensions: []}}]}]\r\n\tat org.openqa.selenium.remote.ProtocolHandshake.createSession(ProtocolHandshake.java:136)\r\n\tat org.openqa.selenium.remote.ProtocolHandshake.createSession(ProtocolHandshake.java:94)\r\n\tat org.openqa.selenium.remote.ProtocolHandshake.createSession(ProtocolHandshake.java:68)\r\n\tat org.openqa.selenium.remote.HttpCommandExecutor.execute(HttpCommandExecutor.java:165)\r\n\tat org.openqa.selenium.remote.service.DriverCommandExecutor.invokeExecute(DriverCommandExecutor.java:183)\r\n\tat org.openqa.selenium.remote.service.DriverCommandExecutor.execute(DriverCommandExecutor.java:158)\r\n\tat org.openqa.selenium.remote.RemoteWebDriver.execute(RemoteWebDriver.java:543)\r\n\tat org.openqa.selenium.remote.RemoteWebDriver.startSession(RemoteWebDriver.java:229)\r\n\tat org.openqa.selenium.remote.RemoteWebDriver.<init>(RemoteWebDriver.java:157)\r\n\tat org.openqa.selenium.chromium.ChromiumDriver.<init>(ChromiumDriver.java:101)\r\n\tat org.openqa.selenium.chrome.ChromeDriver.<init>(ChromeDriver.java:88)\r\n\tat org.openqa.selenium.chrome.ChromeDriver.<init>(ChromeDriver.java:84)\r\n\tat org.openqa.selenium.chrome.ChromeDriver.<init>(ChromeDriver.java:73)\r\n\tat Test.baseTest.getDriver(baseTest.java:15)\r\n\tat com.ryan.webUITest.stepDef.CucumberBA.beforeTest(CucumberBA.java:10)\r\n","duration":735237000,"status":"failed"},"match":{"location":"com.ryan.webUITest.stepDef.CucumberBA.beforeTest()"}}],"line":63,"name":"[Cancel] Send Contact Message","description":"","id":"contact;[cancel]-send-contact-message","after":[{"result":{"error_message":"java.lang.NullPointerException\r\n\tat com.ryan.webUITest.stepDef.CucumberBA.afterTest(CucumberBA.java:14)\r\n","status":"failed"},"match":{"location":"com.ryan.webUITest.stepDef.CucumberBA.afterTest()"}}],"type":"scenario","keyword":"Scenario","steps":[{"result":{"status":"skipped"},"line":64,"name":"user on contact page","match":{"location":"com.ryan.webUITest.stepDef.contactStepDef.userOnContactPage()"},"keyword":"Given "},{"result":{"status":"skipped"},"line":65,"name":"input email address \"sigit_proud@gmail.com\"","match":{"arguments":[{"val":"\"sigit_proud@gmail.com\"","offset":20}],"location":"com.ryan.webUITest.stepDef.contactStepDef.inputEmailAddress(java.lang.String)"},"keyword":"And "},{"result":{"status":"skipped"},"line":66,"name":"input name \"sigit\"","match":{"arguments":[{"val":"\"sigit\"","offset":11}],"location":"com.ryan.webUITest.stepDef.contactStepDef.inputName(java.lang.String)"},"keyword":"And "},{"result":{"status":"skipped"},"line":67,"name":"input message text \"have a good day\"","match":{"arguments":[{"val":"\"have a good day\"","offset":19}],"location":"com.ryan.webUITest.stepDef.contactStepDef.inputMessageText(java.lang.String)"},"keyword":"And "},{"result":{"status":"skipped"},"line":68,"name":"user click close button contact","match":{"location":"com.ryan.webUITest.stepDef.contactStepDef.userClickCloseButtonContact()"},"keyword":"When "},{"result":{"status":"skipped"},"line":69,"name":"user is redirect homePage","match":{"location":"com.ryan.webUITest.stepDef.contactStepDef.userIsRedirectHomePage()"},"keyword":"Then "}],"tags":[{"name":"@web"},{"name":"@[cancel]_send_contact_message"}]},{"start_timestamp":"2023-09-25T16:34:46.228Z","before":[{"result":{"error_message":"org.openqa.selenium.SessionNotCreatedException: Could not start a new session. Response code 500. Message: session not created: This version of ChromeDriver only supports Chrome version 114\nCurrent browser version is 117.0.5938.89 with binary path C:\\Program Files\\Google\\Chrome\\Application\\chrome.exe \nHost info: host: 'fv-az192-725', ip: '10.1.40.1'\nBuild info: version: '4.9.1', revision: 'eb2032df7f'\nSystem info: os.name: 'Windows Server 2022', os.arch: 'amd64', os.version: '10.0', java.version: '11.0.20.1'\nDriver info: org.openqa.selenium.chrome.ChromeDriver\nCommand: [null, newSession {capabilities=[Capabilities {browserName: chrome, goog:chromeOptions: {args: [--remote-allow-origins=*, --headless], extensions: []}}]}]\r\n\tat org.openqa.selenium.remote.ProtocolHandshake.createSession(ProtocolHandshake.java:136)\r\n\tat org.openqa.selenium.remote.ProtocolHandshake.createSession(ProtocolHandshake.java:94)\r\n\tat org.openqa.selenium.remote.ProtocolHandshake.createSession(ProtocolHandshake.java:68)\r\n\tat org.openqa.selenium.remote.HttpCommandExecutor.execute(HttpCommandExecutor.java:165)\r\n\tat org.openqa.selenium.remote.service.DriverCommandExecutor.invokeExecute(DriverCommandExecutor.java:183)\r\n\tat org.openqa.selenium.remote.service.DriverCommandExecutor.execute(DriverCommandExecutor.java:158)\r\n\tat org.openqa.selenium.remote.RemoteWebDriver.execute(RemoteWebDriver.java:543)\r\n\tat org.openqa.selenium.remote.RemoteWebDriver.startSession(RemoteWebDriver.java:229)\r\n\tat org.openqa.selenium.remote.RemoteWebDriver.<init>(RemoteWebDriver.java:157)\r\n\tat org.openqa.selenium.chromium.ChromiumDriver.<init>(ChromiumDriver.java:101)\r\n\tat org.openqa.selenium.chrome.ChromeDriver.<init>(ChromeDriver.java:88)\r\n\tat org.openqa.selenium.chrome.ChromeDriver.<init>(ChromeDriver.java:84)\r\n\tat org.openqa.selenium.chrome.ChromeDriver.<init>(ChromeDriver.java:73)\r\n\tat Test.baseTest.getDriver(baseTest.java:15)\r\n\tat com.ryan.webUITest.stepDef.CucumberBA.beforeTest(CucumberBA.java:10)\r\n","duration":773940200,"status":"failed"},"match":{"location":"com.ryan.webUITest.stepDef.CucumberBA.beforeTest()"}}],"line":72,"name":"[Cancel] Send Contact Message (blank email)","description":"","id":"contact;[cancel]-send-contact-message-(blank-email)","after":[{"result":{"error_message":"java.lang.NullPointerException\r\n\tat com.ryan.webUITest.stepDef.CucumberBA.afterTest(CucumberBA.java:14)\r\n","status":"failed"},"match":{"location":"com.ryan.webUITest.stepDef.CucumberBA.afterTest()"}}],"type":"scenario","keyword":"Scenario","steps":[{"result":{"status":"skipped"},"line":73,"name":"user on contact page","match":{"location":"com.ryan.webUITest.stepDef.contactStepDef.userOnContactPage()"},"keyword":"Given "},{"result":{"status":"skipped"},"line":74,"name":"input email address \"\"","match":{"arguments":[{"val":"\"\"","offset":20}],"location":"com.ryan.webUITest.stepDef.contactStepDef.inputEmailAddress(java.lang.String)"},"keyword":"And "},{"result":{"status":"skipped"},"line":75,"name":"input name \"sigit\"","match":{"arguments":[{"val":"\"sigit\"","offset":11}],"location":"com.ryan.webUITest.stepDef.contactStepDef.inputName(java.lang.String)"},"keyword":"And "},{"result":{"status":"skipped"},"line":76,"name":"input message text \"have a good day\"","match":{"arguments":[{"val":"\"have a good day\"","offset":19}],"location":"com.ryan.webUITest.stepDef.contactStepDef.inputMessageText(java.lang.String)"},"keyword":"And "},{"result":{"status":"skipped"},"line":77,"name":"user click close button contact","match":{"location":"com.ryan.webUITest.stepDef.contactStepDef.userClickCloseButtonContact()"},"keyword":"When "},{"result":{"status":"skipped"},"line":78,"name":"user is redirect homePage","match":{"location":"com.ryan.webUITest.stepDef.contactStepDef.userIsRedirectHomePage()"},"keyword":"Then "}],"tags":[{"name":"@web"},{"name":"@[cancel]_send_contact_message_(blank_email)"}]},{"start_timestamp":"2023-09-25T16:34:47.018Z","before":[{"result":{"error_message":"org.openqa.selenium.SessionNotCreatedException: Could not start a new session. Response code 500. Message: session not created: This version of ChromeDriver only supports Chrome version 114\nCurrent browser version is 117.0.5938.89 with binary path C:\\Program Files\\Google\\Chrome\\Application\\chrome.exe \nHost info: host: 'fv-az192-725', ip: '10.1.40.1'\nBuild info: version: '4.9.1', revision: 'eb2032df7f'\nSystem info: os.name: 'Windows Server 2022', os.arch: 'amd64', os.version: '10.0', java.version: '11.0.20.1'\nDriver info: org.openqa.selenium.chrome.ChromeDriver\nCommand: [null, newSession {capabilities=[Capabilities {browserName: chrome, goog:chromeOptions: {args: [--remote-allow-origins=*, --headless], extensions: []}}]}]\r\n\tat org.openqa.selenium.remote.ProtocolHandshake.createSession(ProtocolHandshake.java:136)\r\n\tat org.openqa.selenium.remote.ProtocolHandshake.createSession(ProtocolHandshake.java:94)\r\n\tat org.openqa.selenium.remote.ProtocolHandshake.createSession(ProtocolHandshake.java:68)\r\n\tat org.openqa.selenium.remote.HttpCommandExecutor.execute(HttpCommandExecutor.java:165)\r\n\tat org.openqa.selenium.remote.service.DriverCommandExecutor.invokeExecute(DriverCommandExecutor.java:183)\r\n\tat org.openqa.selenium.remote.service.DriverCommandExecutor.execute(DriverCommandExecutor.java:158)\r\n\tat org.openqa.selenium.remote.RemoteWebDriver.execute(RemoteWebDriver.java:543)\r\n\tat org.openqa.selenium.remote.RemoteWebDriver.startSession(RemoteWebDriver.java:229)\r\n\tat org.openqa.selenium.remote.RemoteWebDriver.<init>(RemoteWebDriver.java:157)\r\n\tat org.openqa.selenium.chromium.ChromiumDriver.<init>(ChromiumDriver.java:101)\r\n\tat org.openqa.selenium.chrome.ChromeDriver.<init>(ChromeDriver.java:88)\r\n\tat org.openqa.selenium.chrome.ChromeDriver.<init>(ChromeDriver.java:84)\r\n\tat org.openqa.selenium.chrome.ChromeDriver.<init>(ChromeDriver.java:73)\r\n\tat Test.baseTest.getDriver(baseTest.java:15)\r\n\tat com.ryan.webUITest.stepDef.CucumberBA.beforeTest(CucumberBA.java:10)\r\n","duration":869029300,"status":"failed"},"match":{"location":"com.ryan.webUITest.stepDef.CucumberBA.beforeTest()"}}],"line":81,"name":"[Cancel] Send Contact Message (blank name)","description":"","id":"contact;[cancel]-send-contact-message-(blank-name)","after":[{"result":{"error_message":"java.lang.NullPointerException\r\n\tat com.ryan.webUITest.stepDef.CucumberBA.afterTest(CucumberBA.java:14)\r\n","status":"failed"},"match":{"location":"com.ryan.webUITest.stepDef.CucumberBA.afterTest()"}}],"type":"scenario","keyword":"Scenario","steps":[{"result":{"status":"skipped"},"line":82,"name":"user on contact page","match":{"location":"com.ryan.webUITest.stepDef.contactStepDef.userOnContactPage()"},"keyword":"Given "},{"result":{"status":"skipped"},"line":83,"name":"input email address \"sigit_proud@gmail.com\"","match":{"arguments":[{"val":"\"sigit_proud@gmail.com\"","offset":20}],"location":"com.ryan.webUITest.stepDef.contactStepDef.inputEmailAddress(java.lang.String)"},"keyword":"And "},{"result":{"status":"skipped"},"line":84,"name":"input name \"\"","match":{"arguments":[{"val":"\"\"","offset":11}],"location":"com.ryan.webUITest.stepDef.contactStepDef.inputName(java.lang.String)"},"keyword":"And "},{"result":{"status":"skipped"},"line":85,"name":"input message text \"have a good day\"","match":{"arguments":[{"val":"\"have a good day\"","offset":19}],"location":"com.ryan.webUITest.stepDef.contactStepDef.inputMessageText(java.lang.String)"},"keyword":"And "},{"result":{"status":"skipped"},"line":86,"name":"user click close button contact","match":{"location":"com.ryan.webUITest.stepDef.contactStepDef.userClickCloseButtonContact()"},"keyword":"When "},{"result":{"status":"skipped"},"line":87,"name":"user is redirect homePage","match":{"location":"com.ryan.webUITest.stepDef.contactStepDef.userIsRedirectHomePage()"},"keyword":"Then "}],"tags":[{"name":"@web"},{"name":"@[cancel]_send_contact_message_(blank_name)"}]},{"start_timestamp":"2023-09-25T16:34:47.887Z","before":[{"result":{"error_message":"org.openqa.selenium.SessionNotCreatedException: Could not start a new session. Response code 500. Message: session not created: This version of ChromeDriver only supports Chrome version 114\nCurrent browser version is 117.0.5938.89 with binary path C:\\Program Files\\Google\\Chrome\\Application\\chrome.exe \nHost info: host: 'fv-az192-725', ip: '10.1.40.1'\nBuild info: version: '4.9.1', revision: 'eb2032df7f'\nSystem info: os.name: 'Windows Server 2022', os.arch: 'amd64', os.version: '10.0', java.version: '11.0.20.1'\nDriver info: org.openqa.selenium.chrome.ChromeDriver\nCommand: [null, newSession {capabilities=[Capabilities {browserName: chrome, goog:chromeOptions: {args: [--remote-allow-origins=*, --headless], extensions: []}}]}]\r\n\tat org.openqa.selenium.remote.ProtocolHandshake.createSession(ProtocolHandshake.java:136)\r\n\tat org.openqa.selenium.remote.ProtocolHandshake.createSession(ProtocolHandshake.java:94)\r\n\tat org.openqa.selenium.remote.ProtocolHandshake.createSession(ProtocolHandshake.java:68)\r\n\tat org.openqa.selenium.remote.HttpCommandExecutor.execute(HttpCommandExecutor.java:165)\r\n\tat org.openqa.selenium.remote.service.DriverCommandExecutor.invokeExecute(DriverCommandExecutor.java:183)\r\n\tat org.openqa.selenium.remote.service.DriverCommandExecutor.execute(DriverCommandExecutor.java:158)\r\n\tat org.openqa.selenium.remote.RemoteWebDriver.execute(RemoteWebDriver.java:543)\r\n\tat org.openqa.selenium.remote.RemoteWebDriver.startSession(RemoteWebDriver.java:229)\r\n\tat org.openqa.selenium.remote.RemoteWebDriver.<init>(RemoteWebDriver.java:157)\r\n\tat org.openqa.selenium.chromium.ChromiumDriver.<init>(ChromiumDriver.java:101)\r\n\tat org.openqa.selenium.chrome.ChromeDriver.<init>(ChromeDriver.java:88)\r\n\tat org.openqa.selenium.chrome.ChromeDriver.<init>(ChromeDriver.java:84)\r\n\tat org.openqa.selenium.chrome.ChromeDriver.<init>(ChromeDriver.java:73)\r\n\tat Test.baseTest.getDriver(baseTest.java:15)\r\n\tat com.ryan.webUITest.stepDef.CucumberBA.beforeTest(CucumberBA.java:10)\r\n","duration":623277900,"status":"failed"},"match":{"location":"com.ryan.webUITest.stepDef.CucumberBA.beforeTest()"}}],"line":90,"name":"[Cancel] Send Contact Message (blank message)","description":"","id":"contact;[cancel]-send-contact-message-(blank-message)","after":[{"result":{"error_message":"java.lang.NullPointerException\r\n\tat com.ryan.webUITest.stepDef.CucumberBA.afterTest(CucumberBA.java:14)\r\n","status":"failed"},"match":{"location":"com.ryan.webUITest.stepDef.CucumberBA.afterTest()"}}],"type":"scenario","keyword":"Scenario","steps":[{"result":{"status":"skipped"},"line":91,"name":"user on contact page","match":{"location":"com.ryan.webUITest.stepDef.contactStepDef.userOnContactPage()"},"keyword":"Given "},{"result":{"status":"skipped"},"line":92,"name":"input email address \"sigit_proud@gmail.com\"","match":{"arguments":[{"val":"\"sigit_proud@gmail.com\"","offset":20}],"location":"com.ryan.webUITest.stepDef.contactStepDef.inputEmailAddress(java.lang.String)"},"keyword":"And "},{"result":{"status":"skipped"},"line":93,"name":"input name \"sigit\"","match":{"arguments":[{"val":"\"sigit\"","offset":11}],"location":"com.ryan.webUITest.stepDef.contactStepDef.inputName(java.lang.String)"},"keyword":"And "},{"result":{"status":"skipped"},"line":94,"name":"input message text \"\"","match":{"arguments":[{"val":"\"\"","offset":19}],"location":"com.ryan.webUITest.stepDef.contactStepDef.inputMessageText(java.lang.String)"},"keyword":"And "},{"result":{"status":"skipped"},"line":95,"name":"user click close button contact","match":{"location":"com.ryan.webUITest.stepDef.contactStepDef.userClickCloseButtonContact()"},"keyword":"When "},{"result":{"status":"skipped"},"line":96,"name":"user is redirect homePage","match":{"location":"com.ryan.webUITest.stepDef.contactStepDef.userIsRedirectHomePage()"},"keyword":"Then "}],"tags":[{"name":"@web"},{"name":"@[cancel]_send_contact_message_(blank_message)"}]},{"start_timestamp":"2023-09-25T16:34:48.510Z","before":[{"result":{"error_message":"org.openqa.selenium.SessionNotCreatedException: Could not start a new session. Response code 500. Message: session not created: This version of ChromeDriver only supports Chrome version 114\nCurrent browser version is 117.0.5938.89 with binary path C:\\Program Files\\Google\\Chrome\\Application\\chrome.exe \nHost info: host: 'fv-az192-725', ip: '10.1.40.1'\nBuild info: version: '4.9.1', revision: 'eb2032df7f'\nSystem info: os.name: 'Windows Server 2022', os.arch: 'amd64', os.version: '10.0', java.version: '11.0.20.1'\nDriver info: org.openqa.selenium.chrome.ChromeDriver\nCommand: [null, newSession {capabilities=[Capabilities {browserName: chrome, goog:chromeOptions: {args: [--remote-allow-origins=*, --headless], extensions: []}}]}]\r\n\tat org.openqa.selenium.remote.ProtocolHandshake.createSession(ProtocolHandshake.java:136)\r\n\tat org.openqa.selenium.remote.ProtocolHandshake.createSession(ProtocolHandshake.java:94)\r\n\tat org.openqa.selenium.remote.ProtocolHandshake.createSession(ProtocolHandshake.java:68)\r\n\tat org.openqa.selenium.remote.HttpCommandExecutor.execute(HttpCommandExecutor.java:165)\r\n\tat org.openqa.selenium.remote.service.DriverCommandExecutor.invokeExecute(DriverCommandExecutor.java:183)\r\n\tat org.openqa.selenium.remote.service.DriverCommandExecutor.execute(DriverCommandExecutor.java:158)\r\n\tat org.openqa.selenium.remote.RemoteWebDriver.execute(RemoteWebDriver.java:543)\r\n\tat org.openqa.selenium.remote.RemoteWebDriver.startSession(RemoteWebDriver.java:229)\r\n\tat org.openqa.selenium.remote.RemoteWebDriver.<init>(RemoteWebDriver.java:157)\r\n\tat org.openqa.selenium.chromium.ChromiumDriver.<init>(ChromiumDriver.java:101)\r\n\tat org.openqa.selenium.chrome.ChromeDriver.<init>(ChromeDriver.java:88)\r\n\tat org.openqa.selenium.chrome.ChromeDriver.<init>(ChromeDriver.java:84)\r\n\tat org.openqa.selenium.chrome.ChromeDriver.<init>(ChromeDriver.java:73)\r\n\tat Test.baseTest.getDriver(baseTest.java:15)\r\n\tat com.ryan.webUITest.stepDef.CucumberBA.beforeTest(CucumberBA.java:10)\r\n","duration":682681100,"status":"failed"},"match":{"location":"com.ryan.webUITest.stepDef.CucumberBA.beforeTest()"}}],"line":99,"name":"[Cancel] Send Contact Message (blank email) (blank name)","description":"","id":"contact;[cancel]-send-contact-message-(blank-email)-(blank-name)","after":[{"result":{"error_message":"java.lang.NullPointerException\r\n\tat com.ryan.webUITest.stepDef.CucumberBA.afterTest(CucumberBA.java:14)\r\n","status":"failed"},"match":{"location":"com.ryan.webUITest.stepDef.CucumberBA.afterTest()"}}],"type":"scenario","keyword":"Scenario","steps":[{"result":{"status":"skipped"},"line":100,"name":"user on contact page","match":{"location":"com.ryan.webUITest.stepDef.contactStepDef.userOnContactPage()"},"keyword":"Given "},{"result":{"status":"skipped"},"line":101,"name":"input email address \"\"","match":{"arguments":[{"val":"\"\"","offset":20}],"location":"com.ryan.webUITest.stepDef.contactStepDef.inputEmailAddress(java.lang.String)"},"keyword":"And "},{"result":{"status":"skipped"},"line":102,"name":"input name \"\"","match":{"arguments":[{"val":"\"\"","offset":11}],"location":"com.ryan.webUITest.stepDef.contactStepDef.inputName(java.lang.String)"},"keyword":"And "},{"result":{"status":"skipped"},"line":103,"name":"input message text \"have a good day\"","match":{"arguments":[{"val":"\"have a good day\"","offset":19}],"location":"com.ryan.webUITest.stepDef.contactStepDef.inputMessageText(java.lang.String)"},"keyword":"And "},{"result":{"status":"skipped"},"line":104,"name":"user click close button contact","match":{"location":"com.ryan.webUITest.stepDef.contactStepDef.userClickCloseButtonContact()"},"keyword":"When "},{"result":{"status":"skipped"},"line":105,"name":"user is redirect homePage","match":{"location":"com.ryan.webUITest.stepDef.contactStepDef.userIsRedirectHomePage()"},"keyword":"Then "}],"tags":[{"name":"@web"},{"name":"@[cancel]_send_contact_message_(blank_email)_(blank_name)"}]},{"start_timestamp":"2023-09-25T16:34:49.193Z","before":[{"result":{"error_message":"org.openqa.selenium.SessionNotCreatedException: Could not start a new session. Response code 500. Message: session not created: This version of ChromeDriver only supports Chrome version 114\nCurrent browser version is 117.0.5938.89 with binary path C:\\Program Files\\Google\\Chrome\\Application\\chrome.exe \nHost info: host: 'fv-az192-725', ip: '10.1.40.1'\nBuild info: version: '4.9.1', revision: 'eb2032df7f'\nSystem info: os.name: 'Windows Server 2022', os.arch: 'amd64', os.version: '10.0', java.version: '11.0.20.1'\nDriver info: org.openqa.selenium.chrome.ChromeDriver\nCommand: [null, newSession {capabilities=[Capabilities {browserName: chrome, goog:chromeOptions: {args: [--remote-allow-origins=*, --headless], extensions: []}}]}]\r\n\tat org.openqa.selenium.remote.ProtocolHandshake.createSession(ProtocolHandshake.java:136)\r\n\tat org.openqa.selenium.remote.ProtocolHandshake.createSession(ProtocolHandshake.java:94)\r\n\tat org.openqa.selenium.remote.ProtocolHandshake.createSession(ProtocolHandshake.java:68)\r\n\tat org.openqa.selenium.remote.HttpCommandExecutor.execute(HttpCommandExecutor.java:165)\r\n\tat org.openqa.selenium.remote.service.DriverCommandExecutor.invokeExecute(DriverCommandExecutor.java:183)\r\n\tat org.openqa.selenium.remote.service.DriverCommandExecutor.execute(DriverCommandExecutor.java:158)\r\n\tat org.openqa.selenium.remote.RemoteWebDriver.execute(RemoteWebDriver.java:543)\r\n\tat org.openqa.selenium.remote.RemoteWebDriver.startSession(RemoteWebDriver.java:229)\r\n\tat org.openqa.selenium.remote.RemoteWebDriver.<init>(RemoteWebDriver.java:157)\r\n\tat org.openqa.selenium.chromium.ChromiumDriver.<init>(ChromiumDriver.java:101)\r\n\tat org.openqa.selenium.chrome.ChromeDriver.<init>(ChromeDriver.java:88)\r\n\tat org.openqa.selenium.chrome.ChromeDriver.<init>(ChromeDriver.java:84)\r\n\tat org.openqa.selenium.chrome.ChromeDriver.<init>(ChromeDriver.java:73)\r\n\tat Test.baseTest.getDriver(baseTest.java:15)\r\n\tat com.ryan.webUITest.stepDef.CucumberBA.beforeTest(CucumberBA.java:10)\r\n","duration":735185000,"status":"failed"},"match":{"location":"com.ryan.webUITest.stepDef.CucumberBA.beforeTest()"}}],"line":108,"name":"[Cancel] Send Contact Message (blank email) (blank message)","description":"","id":"contact;[cancel]-send-contact-message-(blank-email)-(blank-message)","after":[{"result":{"error_message":"java.lang.NullPointerException\r\n\tat com.ryan.webUITest.stepDef.CucumberBA.afterTest(CucumberBA.java:14)\r\n","status":"failed"},"match":{"location":"com.ryan.webUITest.stepDef.CucumberBA.afterTest()"}}],"type":"scenario","keyword":"Scenario","steps":[{"result":{"status":"skipped"},"line":109,"name":"user on contact page","match":{"location":"com.ryan.webUITest.stepDef.contactStepDef.userOnContactPage()"},"keyword":"Given "},{"result":{"status":"skipped"},"line":110,"name":"input email address \"\"","match":{"arguments":[{"val":"\"\"","offset":20}],"location":"com.ryan.webUITest.stepDef.contactStepDef.inputEmailAddress(java.lang.String)"},"keyword":"And "},{"result":{"status":"skipped"},"line":111,"name":"input name \"sigit\"","match":{"arguments":[{"val":"\"sigit\"","offset":11}],"location":"com.ryan.webUITest.stepDef.contactStepDef.inputName(java.lang.String)"},"keyword":"And "},{"result":{"status":"skipped"},"line":112,"name":"input message text \"\"","match":{"arguments":[{"val":"\"\"","offset":19}],"location":"com.ryan.webUITest.stepDef.contactStepDef.inputMessageText(java.lang.String)"},"keyword":"And "},{"result":{"status":"skipped"},"line":113,"name":"user click close button contact","match":{"location":"com.ryan.webUITest.stepDef.contactStepDef.userClickCloseButtonContact()"},"keyword":"When "},{"result":{"status":"skipped"},"line":114,"name":"user is redirect homePage","match":{"location":"com.ryan.webUITest.stepDef.contactStepDef.userIsRedirectHomePage()"},"keyword":"Then "}],"tags":[{"name":"@web"},{"name":"@[cancel]_send_contact_message_(blank_email)_(blank_message)"}]},{"start_timestamp":"2023-09-25T16:34:49.928Z","before":[{"result":{"error_message":"org.openqa.selenium.SessionNotCreatedException: Could not start a new session. Response code 500. Message: session not created: This version of ChromeDriver only supports Chrome version 114\nCurrent browser version is 117.0.5938.89 with binary path C:\\Program Files\\Google\\Chrome\\Application\\chrome.exe \nHost info: host: 'fv-az192-725', ip: '10.1.40.1'\nBuild info: version: '4.9.1', revision: 'eb2032df7f'\nSystem info: os.name: 'Windows Server 2022', os.arch: 'amd64', os.version: '10.0', java.version: '11.0.20.1'\nDriver info: org.openqa.selenium.chrome.ChromeDriver\nCommand: [null, newSession {capabilities=[Capabilities {browserName: chrome, goog:chromeOptions: {args: [--remote-allow-origins=*, --headless], extensions: []}}]}]\r\n\tat org.openqa.selenium.remote.ProtocolHandshake.createSession(ProtocolHandshake.java:136)\r\n\tat org.openqa.selenium.remote.ProtocolHandshake.createSession(ProtocolHandshake.java:94)\r\n\tat org.openqa.selenium.remote.ProtocolHandshake.createSession(ProtocolHandshake.java:68)\r\n\tat org.openqa.selenium.remote.HttpCommandExecutor.execute(HttpCommandExecutor.java:165)\r\n\tat org.openqa.selenium.remote.service.DriverCommandExecutor.invokeExecute(DriverCommandExecutor.java:183)\r\n\tat org.openqa.selenium.remote.service.DriverCommandExecutor.execute(DriverCommandExecutor.java:158)\r\n\tat org.openqa.selenium.remote.RemoteWebDriver.execute(RemoteWebDriver.java:543)\r\n\tat org.openqa.selenium.remote.RemoteWebDriver.startSession(RemoteWebDriver.java:229)\r\n\tat org.openqa.selenium.remote.RemoteWebDriver.<init>(RemoteWebDriver.java:157)\r\n\tat org.openqa.selenium.chromium.ChromiumDriver.<init>(ChromiumDriver.java:101)\r\n\tat org.openqa.selenium.chrome.ChromeDriver.<init>(ChromeDriver.java:88)\r\n\tat org.openqa.selenium.chrome.ChromeDriver.<init>(ChromeDriver.java:84)\r\n\tat org.openqa.selenium.chrome.ChromeDriver.<init>(ChromeDriver.java:73)\r\n\tat Test.baseTest.getDriver(baseTest.java:15)\r\n\tat com.ryan.webUITest.stepDef.CucumberBA.beforeTest(CucumberBA.java:10)\r\n","duration":705192100,"status":"failed"},"match":{"location":"com.ryan.webUITest.stepDef.CucumberBA.beforeTest()"}}],"line":117,"name":"[Cancel] Send Contact Message (blank name) (blank message)","description":"","id":"contact;[cancel]-send-contact-message-(blank-name)-(blank-message)","after":[{"result":{"error_message":"java.lang.NullPointerException\r\n\tat com.ryan.webUITest.stepDef.CucumberBA.afterTest(CucumberBA.java:14)\r\n","status":"failed"},"match":{"location":"com.ryan.webUITest.stepDef.CucumberBA.afterTest()"}}],"type":"scenario","keyword":"Scenario","steps":[{"result":{"status":"skipped"},"line":118,"name":"user on contact page","match":{"location":"com.ryan.webUITest.stepDef.contactStepDef.userOnContactPage()"},"keyword":"Given "},{"result":{"status":"skipped"},"line":119,"name":"input email address \"sigit_proud@gmail.com\"","match":{"arguments":[{"val":"\"sigit_proud@gmail.com\"","offset":20}],"location":"com.ryan.webUITest.stepDef.contactStepDef.inputEmailAddress(java.lang.String)"},"keyword":"And "},{"result":{"status":"skipped"},"line":120,"name":"input name \"\"","match":{"arguments":[{"val":"\"\"","offset":11}],"location":"com.ryan.webUITest.stepDef.contactStepDef.inputName(java.lang.String)"},"keyword":"And "},{"result":{"status":"skipped"},"line":121,"name":"input message text \"\"","match":{"arguments":[{"val":"\"\"","offset":19}],"location":"com.ryan.webUITest.stepDef.contactStepDef.inputMessageText(java.lang.String)"},"keyword":"And "},{"result":{"status":"skipped"},"line":122,"name":"user click close button contact","match":{"location":"com.ryan.webUITest.stepDef.contactStepDef.userClickCloseButtonContact()"},"keyword":"When "},{"result":{"status":"skipped"},"line":123,"name":"user is redirect homePage","match":{"location":"com.ryan.webUITest.stepDef.contactStepDef.userIsRedirectHomePage()"},"keyword":"Then "}],"tags":[{"name":"@web"},{"name":"@[cancel]_send_contact_message_(blank_name)_(blank_message)"}]},{"start_timestamp":"2023-09-25T16:34:50.633Z","before":[{"result":{"error_message":"org.openqa.selenium.SessionNotCreatedException: Could not start a new session. Response code 500. Message: session not created: This version of ChromeDriver only supports Chrome version 114\nCurrent browser version is 117.0.5938.89 with binary path C:\\Program Files\\Google\\Chrome\\Application\\chrome.exe \nHost info: host: 'fv-az192-725', ip: '10.1.40.1'\nBuild info: version: '4.9.1', revision: 'eb2032df7f'\nSystem info: os.name: 'Windows Server 2022', os.arch: 'amd64', os.version: '10.0', java.version: '11.0.20.1'\nDriver info: org.openqa.selenium.chrome.ChromeDriver\nCommand: [null, newSession {capabilities=[Capabilities {browserName: chrome, goog:chromeOptions: {args: [--remote-allow-origins=*, --headless], extensions: []}}]}]\r\n\tat org.openqa.selenium.remote.ProtocolHandshake.createSession(ProtocolHandshake.java:136)\r\n\tat org.openqa.selenium.remote.ProtocolHandshake.createSession(ProtocolHandshake.java:94)\r\n\tat org.openqa.selenium.remote.ProtocolHandshake.createSession(ProtocolHandshake.java:68)\r\n\tat org.openqa.selenium.remote.HttpCommandExecutor.execute(HttpCommandExecutor.java:165)\r\n\tat org.openqa.selenium.remote.service.DriverCommandExecutor.invokeExecute(DriverCommandExecutor.java:183)\r\n\tat org.openqa.selenium.remote.service.DriverCommandExecutor.execute(DriverCommandExecutor.java:158)\r\n\tat org.openqa.selenium.remote.RemoteWebDriver.execute(RemoteWebDriver.java:543)\r\n\tat org.openqa.selenium.remote.RemoteWebDriver.startSession(RemoteWebDriver.java:229)\r\n\tat org.openqa.selenium.remote.RemoteWebDriver.<init>(RemoteWebDriver.java:157)\r\n\tat org.openqa.selenium.chromium.ChromiumDriver.<init>(ChromiumDriver.java:101)\r\n\tat org.openqa.selenium.chrome.ChromeDriver.<init>(ChromeDriver.java:88)\r\n\tat org.openqa.selenium.chrome.ChromeDriver.<init>(ChromeDriver.java:84)\r\n\tat org.openqa.selenium.chrome.ChromeDriver.<init>(ChromeDriver.java:73)\r\n\tat Test.baseTest.getDriver(baseTest.java:15)\r\n\tat com.ryan.webUITest.stepDef.CucumberBA.beforeTest(CucumberBA.java:10)\r\n","duration":760461200,"status":"failed"},"match":{"location":"com.ryan.webUITest.stepDef.CucumberBA.beforeTest()"}}],"line":126,"name":"[Cancel] Send Contact Message (blank email) (blank name) (blank message)","description":"","id":"contact;[cancel]-send-contact-message-(blank-email)-(blank-name)-(blank-message)","after":[{"result":{"error_message":"java.lang.NullPointerException\r\n\tat com.ryan.webUITest.stepDef.CucumberBA.afterTest(CucumberBA.java:14)\r\n","status":"failed"},"match":{"location":"com.ryan.webUITest.stepDef.CucumberBA.afterTest()"}}],"type":"scenario","keyword":"Scenario","steps":[{"result":{"status":"skipped"},"line":127,"name":"user on contact page","match":{"location":"com.ryan.webUITest.stepDef.contactStepDef.userOnContactPage()"},"keyword":"Given "},{"result":{"status":"skipped"},"line":128,"name":"input email address \"\"","match":{"arguments":[{"val":"\"\"","offset":20}],"location":"com.ryan.webUITest.stepDef.contactStepDef.inputEmailAddress(java.lang.String)"},"keyword":"And "},{"result":{"status":"skipped"},"line":129,"name":"input name \"\"","match":{"arguments":[{"val":"\"\"","offset":11}],"location":"com.ryan.webUITest.stepDef.contactStepDef.inputName(java.lang.String)"},"keyword":"And "},{"result":{"status":"skipped"},"line":130,"name":"input message text \"\"","match":{"arguments":[{"val":"\"\"","offset":19}],"location":"com.ryan.webUITest.stepDef.contactStepDef.inputMessageText(java.lang.String)"},"keyword":"And "},{"result":{"status":"skipped"},"line":131,"name":"user click close button contact","match":{"location":"com.ryan.webUITest.stepDef.contactStepDef.userClickCloseButtonContact()"},"keyword":"When "},{"result":{"status":"skipped"},"line":132,"name":"user is redirect homePage","match":{"location":"com.ryan.webUITest.stepDef.contactStepDef.userIsRedirectHomePage()"},"keyword":"Then "}],"tags":[{"name":"@web"},{"name":"@[cancel]_send_contact_message_(blank_email)_(blank_name)_(blank_message)"}]}],"name":"Contact","description":"","id":"contact","keyword":"Feature","uri":"file:src/test/resources/web/contact.feature","tags":[{"name":"@web","type":"Tag","location":{"line":1,"column":1}}]},{"line":2,"elements":[{"start_timestamp":"2023-09-25T16:34:51.394Z","before":[{"result":{"error_message":"org.openqa.selenium.SessionNotCreatedException: Could not start a new session. Response code 500. Message: session not created: This version of ChromeDriver only supports Chrome version 114\nCurrent browser version is 117.0.5938.89 with binary path C:\\Program Files\\Google\\Chrome\\Application\\chrome.exe \nHost info: host: 'fv-az192-725', ip: '10.1.40.1'\nBuild info: version: '4.9.1', revision: 'eb2032df7f'\nSystem info: os.name: 'Windows Server 2022', os.arch: 'amd64', os.version: '10.0', java.version: '11.0.20.1'\nDriver info: org.openqa.selenium.chrome.ChromeDriver\nCommand: [null, newSession {capabilities=[Capabilities {browserName: chrome, goog:chromeOptions: {args: [--remote-allow-origins=*, --headless], extensions: []}}]}]\r\n\tat org.openqa.selenium.remote.ProtocolHandshake.createSession(ProtocolHandshake.java:136)\r\n\tat org.openqa.selenium.remote.ProtocolHandshake.createSession(ProtocolHandshake.java:94)\r\n\tat org.openqa.selenium.remote.ProtocolHandshake.createSession(ProtocolHandshake.java:68)\r\n\tat org.openqa.selenium.remote.HttpCommandExecutor.execute(HttpCommandExecutor.java:165)\r\n\tat org.openqa.selenium.remote.service.DriverCommandExecutor.invokeExecute(DriverCommandExecutor.java:183)\r\n\tat org.openqa.selenium.remote.service.DriverCommandExecutor.execute(DriverCommandExecutor.java:158)\r\n\tat org.openqa.selenium.remote.RemoteWebDriver.execute(RemoteWebDriver.java:543)\r\n\tat org.openqa.selenium.remote.RemoteWebDriver.startSession(RemoteWebDriver.java:229)\r\n\tat org.openqa.selenium.remote.RemoteWebDriver.<init>(RemoteWebDriver.java:157)\r\n\tat org.openqa.selenium.chromium.ChromiumDriver.<init>(ChromiumDriver.java:101)\r\n\tat org.openqa.selenium.chrome.ChromeDriver.<init>(ChromeDriver.java:88)\r\n\tat org.openqa.selenium.chrome.ChromeDriver.<init>(ChromeDriver.java:84)\r\n\tat org.openqa.selenium.chrome.ChromeDriver.<init>(ChromeDriver.java:73)\r\n\tat Test.baseTest.getDriver(baseTest.java:15)\r\n\tat com.ryan.webUITest.stepDef.CucumberBA.beforeTest(CucumberBA.java:10)\r\n","duration":740131000,"status":"failed"},"match":{"location":"com.ryan.webUITest.stepDef.CucumberBA.beforeTest()"}}],"line":6,"name":"[positive] Delete product phone \"nexus 6\" at list cart","description":"","id":"delete-product-at-cart;[positive]-delete-product-phone-\"nexus-6\"-at-list-cart","after":[{"result":{"error_message":"java.lang.NullPointerException\r\n\tat com.ryan.webUITest.stepDef.CucumberBA.afterTest(CucumberBA.java:14)\r\n","status":"failed"},"match":{"location":"com.ryan.webUITest.stepDef.CucumberBA.afterTest()"}}],"type":"scenario","keyword":"Scenario","steps":[{"result":{"status":"skipped"},"line":7,"name":"product \"Nexus 6\" already added to cart list","match":{"arguments":[{"val":"\"Nexus 6\"","offset":8}],"location":"com.ryan.webUITest.stepDef.deleteCartProductStepDef.productAlreadyAddedToCartList(java.lang.String)"},"keyword":"Given "},{"result":{"status":"skipped"},"line":8,"name":"user click delete button","match":{"location":"com.ryan.webUITest.stepDef.deleteCartProductStepDef.userClickDeleteButton()"},"keyword":"When "},{"result":{"status":"skipped"},"line":9,"name":"product delete from cart list","match":{"location":"com.ryan.webUITest.stepDef.deleteCartProductStepDef.productDeleteFromCartList()"},"keyword":"Then "}],"tags":[{"name":"@web"},{"name":"@[positive]_delete_product_phone_Nexus_6_at_list_cart"}]},{"start_timestamp":"2023-09-25T16:34:52.134Z","before":[{"result":{"error_message":"org.openqa.selenium.SessionNotCreatedException: Could not start a new session. Response code 500. Message: session not created: This version of ChromeDriver only supports Chrome version 114\nCurrent browser version is 117.0.5938.89 with binary path C:\\Program Files\\Google\\Chrome\\Application\\chrome.exe \nHost info: host: 'fv-az192-725', ip: '10.1.40.1'\nBuild info: version: '4.9.1', revision: 'eb2032df7f'\nSystem info: os.name: 'Windows Server 2022', os.arch: 'amd64', os.version: '10.0', java.version: '11.0.20.1'\nDriver info: org.openqa.selenium.chrome.ChromeDriver\nCommand: [null, newSession {capabilities=[Capabilities {browserName: chrome, goog:chromeOptions: {args: [--remote-allow-origins=*, --headless], extensions: []}}]}]\r\n\tat org.openqa.selenium.remote.ProtocolHandshake.createSession(ProtocolHandshake.java:136)\r\n\tat org.openqa.selenium.remote.ProtocolHandshake.createSession(ProtocolHandshake.java:94)\r\n\tat org.openqa.selenium.remote.ProtocolHandshake.createSession(ProtocolHandshake.java:68)\r\n\tat org.openqa.selenium.remote.HttpCommandExecutor.execute(HttpCommandExecutor.java:165)\r\n\tat org.openqa.selenium.remote.service.DriverCommandExecutor.invokeExecute(DriverCommandExecutor.java:183)\r\n\tat org.openqa.selenium.remote.service.DriverCommandExecutor.execute(DriverCommandExecutor.java:158)\r\n\tat org.openqa.selenium.remote.RemoteWebDriver.execute(RemoteWebDriver.java:543)\r\n\tat org.openqa.selenium.remote.RemoteWebDriver.startSession(RemoteWebDriver.java:229)\r\n\tat org.openqa.selenium.remote.RemoteWebDriver.<init>(RemoteWebDriver.java:157)\r\n\tat org.openqa.selenium.chromium.ChromiumDriver.<init>(ChromiumDriver.java:101)\r\n\tat org.openqa.selenium.chrome.ChromeDriver.<init>(ChromeDriver.java:88)\r\n\tat org.openqa.selenium.chrome.ChromeDriver.<init>(ChromeDriver.java:84)\r\n\tat org.openqa.selenium.chrome.ChromeDriver.<init>(ChromeDriver.java:73)\r\n\tat Test.baseTest.getDriver(baseTest.java:15)\r\n\tat com.ryan.webUITest.stepDef.CucumberBA.beforeTest(CucumberBA.java:10)\r\n","duration":722252300,"status":"failed"},"match":{"location":"com.ryan.webUITest.stepDef.CucumberBA.beforeTest()"}}],"line":18,"name":"[positive] Delete product at list cart (scenario outline)","description":"","id":"delete-product-at-cart;[positive]-delete-product-at-list-cart-(scenario-outline);;2","after":[{"result":{"error_message":"java.lang.NullPointerException\r\n\tat com.ryan.webUITest.stepDef.CucumberBA.afterTest(CucumberBA.java:14)\r\n","status":"failed"},"match":{"location":"com.ryan.webUITest.stepDef.CucumberBA.afterTest()"}}],"type":"scenario","keyword":"Scenario Outline","steps":[{"result":{"status":"skipped"},"line":13,"name":"product \"Sony xperia z5\" already added to cart list","match":{"arguments":[{"val":"\"Sony xperia z5\"","offset":8}],"location":"com.ryan.webUITest.stepDef.deleteCartProductStepDef.productAlreadyAddedToCartList(java.lang.String)"},"keyword":"Given "},{"result":{"status":"skipped"},"line":14,"name":"user click delete button","match":{"location":"com.ryan.webUITest.stepDef.deleteCartProductStepDef.userClickDeleteButton()"},"keyword":"When "},{"result":{"status":"skipped"},"line":15,"name":"product delete from cart list","match":{"location":"com.ryan.webUITest.stepDef.deleteCartProductStepDef.productDeleteFromCartList()"},"keyword":"Then "}],"tags":[{"name":"@web"},{"name":"@[positive]_delete_product_at_list_cart_(scenario_outline)"}]},{"start_timestamp":"2023-09-25T16:34:52.856Z","before":[{"result":{"error_message":"org.openqa.selenium.SessionNotCreatedException: Could not start a new session. Response code 500. Message: session not created: This version of ChromeDriver only supports Chrome version 114\nCurrent browser version is 117.0.5938.89 with binary path C:\\Program Files\\Google\\Chrome\\Application\\chrome.exe \nHost info: host: 'fv-az192-725', ip: '10.1.40.1'\nBuild info: version: '4.9.1', revision: 'eb2032df7f'\nSystem info: os.name: 'Windows Server 2022', os.arch: 'amd64', os.version: '10.0', java.version: '11.0.20.1'\nDriver info: org.openqa.selenium.chrome.ChromeDriver\nCommand: [null, newSession {capabilities=[Capabilities {browserName: chrome, goog:chromeOptions: {args: [--remote-allow-origins=*, --headless], extensions: []}}]}]\r\n\tat org.openqa.selenium.remote.ProtocolHandshake.createSession(ProtocolHandshake.java:136)\r\n\tat org.openqa.selenium.remote.ProtocolHandshake.createSession(ProtocolHandshake.java:94)\r\n\tat org.openqa.selenium.remote.ProtocolHandshake.createSession(ProtocolHandshake.java:68)\r\n\tat org.openqa.selenium.remote.HttpCommandExecutor.execute(HttpCommandExecutor.java:165)\r\n\tat org.openqa.selenium.remote.service.DriverCommandExecutor.invokeExecute(DriverCommandExecutor.java:183)\r\n\tat org.openqa.selenium.remote.service.DriverCommandExecutor.execute(DriverCommandExecutor.java:158)\r\n\tat org.openqa.selenium.remote.RemoteWebDriver.execute(RemoteWebDriver.java:543)\r\n\tat org.openqa.selenium.remote.RemoteWebDriver.startSession(RemoteWebDriver.java:229)\r\n\tat org.openqa.selenium.remote.RemoteWebDriver.<init>(RemoteWebDriver.java:157)\r\n\tat org.openqa.selenium.chromium.ChromiumDriver.<init>(ChromiumDriver.java:101)\r\n\tat org.openqa.selenium.chrome.ChromeDriver.<init>(ChromeDriver.java:88)\r\n\tat org.openqa.selenium.chrome.ChromeDriver.<init>(ChromeDriver.java:84)\r\n\tat org.openqa.selenium.chrome.ChromeDriver.<init>(ChromeDriver.java:73)\r\n\tat Test.baseTest.getDriver(baseTest.java:15)\r\n\tat com.ryan.webUITest.stepDef.CucumberBA.beforeTest(CucumberBA.java:10)\r\n","duration":637276800,"status":"failed"},"match":{"location":"com.ryan.webUITest.stepDef.CucumberBA.beforeTest()"}}],"line":19,"name":"[positive] Delete product at list cart (scenario outline)","description":"","id":"delete-product-at-cart;[positive]-delete-product-at-list-cart-(scenario-outline);;3","after":[{"result":{"error_message":"java.lang.NullPointerException\r\n\tat com.ryan.webUITest.stepDef.CucumberBA.afterTest(CucumberBA.java:14)\r\n","status":"failed"},"match":{"location":"com.ryan.webUITest.stepDef.CucumberBA.afterTest()"}}],"type":"scenario","keyword":"Scenario Outline","steps":[{"result":{"status":"skipped"},"line":13,"name":"product \"Iphone 6 32gb\" already added to cart list","match":{"arguments":[{"val":"\"Iphone 6 32gb\"","offset":8}],"location":"com.ryan.webUITest.stepDef.deleteCartProductStepDef.productAlreadyAddedToCartList(java.lang.String)"},"keyword":"Given "},{"result":{"status":"skipped"},"line":14,"name":"user click delete button","match":{"location":"com.ryan.webUITest.stepDef.deleteCartProductStepDef.userClickDeleteButton()"},"keyword":"When "},{"result":{"status":"skipped"},"line":15,"name":"product delete from cart list","match":{"location":"com.ryan.webUITest.stepDef.deleteCartProductStepDef.productDeleteFromCartList()"},"keyword":"Then "}],"tags":[{"name":"@web"},{"name":"@[positive]_delete_product_at_list_cart_(scenario_outline)"}]}],"name":"Delete Product At Cart","description":"","id":"delete-product-at-cart","keyword":"Feature","uri":"file:src/test/resources/web/deleteCartProduct.feature","tags":[{"name":"@web","type":"Tag","location":{"line":1,"column":1}}]},{"line":2,"elements":[{"start_timestamp":"2023-09-25T16:34:53.493Z","before":[{"result":{"error_message":"org.openqa.selenium.SessionNotCreatedException: Could not start a new session. Response code 500. Message: session not created: This version of ChromeDriver only supports Chrome version 114\nCurrent browser version is 117.0.5938.89 with binary path C:\\Program Files\\Google\\Chrome\\Application\\chrome.exe \nHost info: host: 'fv-az192-725', ip: '10.1.40.1'\nBuild info: version: '4.9.1', revision: 'eb2032df7f'\nSystem info: os.name: 'Windows Server 2022', os.arch: 'amd64', os.version: '10.0', java.version: '11.0.20.1'\nDriver info: org.openqa.selenium.chrome.ChromeDriver\nCommand: [null, newSession {capabilities=[Capabilities {browserName: chrome, goog:chromeOptions: {args: [--remote-allow-origins=*, --headless], extensions: []}}]}]\r\n\tat org.openqa.selenium.remote.ProtocolHandshake.createSession(ProtocolHandshake.java:136)\r\n\tat org.openqa.selenium.remote.ProtocolHandshake.createSession(ProtocolHandshake.java:94)\r\n\tat org.openqa.selenium.remote.ProtocolHandshake.createSession(ProtocolHandshake.java:68)\r\n\tat org.openqa.selenium.remote.HttpCommandExecutor.execute(HttpCommandExecutor.java:165)\r\n\tat org.openqa.selenium.remote.service.DriverCommandExecutor.invokeExecute(DriverCommandExecutor.java:183)\r\n\tat org.openqa.selenium.remote.service.DriverCommandExecutor.execute(DriverCommandExecutor.java:158)\r\n\tat org.openqa.selenium.remote.RemoteWebDriver.execute(RemoteWebDriver.java:543)\r\n\tat org.openqa.selenium.remote.RemoteWebDriver.startSession(RemoteWebDriver.java:229)\r\n\tat org.openqa.selenium.remote.RemoteWebDriver.<init>(RemoteWebDriver.java:157)\r\n\tat org.openqa.selenium.chromium.ChromiumDriver.<init>(ChromiumDriver.java:101)\r\n\tat org.openqa.selenium.chrome.ChromeDriver.<init>(ChromeDriver.java:88)\r\n\tat org.openqa.selenium.chrome.ChromeDriver.<init>(ChromeDriver.java:84)\r\n\tat org.openqa.selenium.chrome.ChromeDriver.<init>(ChromeDriver.java:73)\r\n\tat Test.baseTest.getDriver(baseTest.java:15)\r\n\tat com.ryan.webUITest.stepDef.CucumberBA.beforeTest(CucumberBA.java:10)\r\n","duration":693960300,"status":"failed"},"match":{"location":"com.ryan.webUITest.stepDef.CucumberBA.beforeTest()"}}],"line":5,"name":"[positive] login using valid username and valid password","description":"","id":"login;[positive]-login-using-valid-username-and-valid-password","after":[{"result":{"error_message":"java.lang.NullPointerException\r\n\tat com.ryan.webUITest.stepDef.CucumberBA.afterTest(CucumberBA.java:14)\r\n","status":"failed"},"match":{"location":"com.ryan.webUITest.stepDef.CucumberBA.afterTest()"}}],"type":"scenario","keyword":"Scenario","steps":[{"result":{"status":"skipped"},"line":6,"name":"user is on login page","match":{"location":"com.ryan.webUITest.stepDef.loginStepDef.userIsOnLoginPage()"},"keyword":"Given "},{"result":{"status":"skipped"},"line":7,"name":"user input username with \"harianto1\"","match":{"arguments":[{"val":"\"harianto1\"","offset":25}],"location":"com.ryan.webUITest.stepDef.loginStepDef.userInputUsernameWith(java.lang.String)"},"keyword":"And "},{"result":{"status":"skipped"},"line":8,"name":"user input password with \"t3st1ng\"","match":{"arguments":[{"val":"\"t3st1ng\"","offset":25}],"location":"com.ryan.webUITest.stepDef.loginStepDef.userInputPasswordWith(java.lang.String)"},"keyword":"And "},{"result":{"status":"skipped"},"line":9,"name":"user click login button","match":{"location":"com.ryan.webUITest.stepDef.loginStepDef.userClickLoginButton()"},"keyword":"When "},{"result":{"status":"skipped"},"line":10,"name":"user is on homepage","match":{"location":"com.ryan.webUITest.stepDef.loginStepDef.userIsOnHomepage()"},"keyword":"Then "}],"tags":[{"name":"@web"},{"name":"@[positive]_valid_login_success"}]},{"start_timestamp":"2023-09-25T16:34:54.203Z","before":[{"result":{"error_message":"org.openqa.selenium.SessionNotCreatedException: Could not start a new session. Response code 500. Message: session not created: This version of ChromeDriver only supports Chrome version 114\nCurrent browser version is 117.0.5938.89 with binary path C:\\Program Files\\Google\\Chrome\\Application\\chrome.exe \nHost info: host: 'fv-az192-725', ip: '10.1.40.1'\nBuild info: version: '4.9.1', revision: 'eb2032df7f'\nSystem info: os.name: 'Windows Server 2022', os.arch: 'amd64', os.version: '10.0', java.version: '11.0.20.1'\nDriver info: org.openqa.selenium.chrome.ChromeDriver\nCommand: [null, newSession {capabilities=[Capabilities {browserName: chrome, goog:chromeOptions: {args: [--remote-allow-origins=*, --headless], extensions: []}}]}]\r\n\tat org.openqa.selenium.remote.ProtocolHandshake.createSession(ProtocolHandshake.java:136)\r\n\tat org.openqa.selenium.remote.ProtocolHandshake.createSession(ProtocolHandshake.java:94)\r\n\tat org.openqa.selenium.remote.ProtocolHandshake.createSession(ProtocolHandshake.java:68)\r\n\tat org.openqa.selenium.remote.HttpCommandExecutor.execute(HttpCommandExecutor.java:165)\r\n\tat org.openqa.selenium.remote.service.DriverCommandExecutor.invokeExecute(DriverCommandExecutor.java:183)\r\n\tat org.openqa.selenium.remote.service.DriverCommandExecutor.execute(DriverCommandExecutor.java:158)\r\n\tat org.openqa.selenium.remote.RemoteWebDriver.execute(RemoteWebDriver.java:543)\r\n\tat org.openqa.selenium.remote.RemoteWebDriver.startSession(RemoteWebDriver.java:229)\r\n\tat org.openqa.selenium.remote.RemoteWebDriver.<init>(RemoteWebDriver.java:157)\r\n\tat org.openqa.selenium.chromium.ChromiumDriver.<init>(ChromiumDriver.java:101)\r\n\tat org.openqa.selenium.chrome.ChromeDriver.<init>(ChromeDriver.java:88)\r\n\tat org.openqa.selenium.chrome.ChromeDriver.<init>(ChromeDriver.java:84)\r\n\tat org.openqa.selenium.chrome.ChromeDriver.<init>(ChromeDriver.java:73)\r\n\tat Test.baseTest.getDriver(baseTest.java:15)\r\n\tat com.ryan.webUITest.stepDef.CucumberBA.beforeTest(CucumberBA.java:10)\r\n","duration":715304200,"status":"failed"},"match":{"location":"com.ryan.webUITest.stepDef.CucumberBA.beforeTest()"}}],"line":21,"name":"[positive] login using valid username and valid password (scenario outline)","description":"","id":"login;[positive]-login-using-valid-username-and-valid-password-(scenario-outline);;2","after":[{"result":{"error_message":"java.lang.NullPointerException\r\n\tat com.ryan.webUITest.stepDef.CucumberBA.afterTest(CucumberBA.java:14)\r\n","status":"failed"},"match":{"location":"com.ryan.webUITest.stepDef.CucumberBA.afterTest()"}}],"type":"scenario","keyword":"Scenario Outline","steps":[{"result":{"status":"skipped"},"line":14,"name":"user is on login page","match":{"location":"com.ryan.webUITest.stepDef.loginStepDef.userIsOnLoginPage()"},"keyword":"Given "},{"result":{"status":"skipped"},"line":15,"name":"user input username with \"harianto1\"","match":{"arguments":[{"val":"\"harianto1\"","offset":25}],"location":"com.ryan.webUITest.stepDef.loginStepDef.userInputUsernameWith(java.lang.String)"},"keyword":"And "},{"result":{"status":"skipped"},"line":16,"name":"user input password with \"t3st1ng\"","match":{"arguments":[{"val":"\"t3st1ng\"","offset":25}],"location":"com.ryan.webUITest.stepDef.loginStepDef.userInputPasswordWith(java.lang.String)"},"keyword":"And "},{"result":{"status":"skipped"},"line":17,"name":"user click login button","match":{"location":"com.ryan.webUITest.stepDef.loginStepDef.userClickLoginButton()"},"keyword":"When "},{"result":{"status":"skipped"},"line":18,"name":"user is on homepage","match":{"location":"com.ryan.webUITest.stepDef.loginStepDef.userIsOnHomepage()"},"keyword":"Then "}],"tags":[{"name":"@web"},{"name":"@[positive]_valid_login_success_(scenario_outline)"}]},{"start_timestamp":"2023-09-25T16:34:54.918Z","before":[{"result":{"error_message":"org.openqa.selenium.SessionNotCreatedException: Could not start a new session. Response code 500. Message: session not created: This version of ChromeDriver only supports Chrome version 114\nCurrent browser version is 117.0.5938.89 with binary path C:\\Program Files\\Google\\Chrome\\Application\\chrome.exe \nHost info: host: 'fv-az192-725', ip: '10.1.40.1'\nBuild info: version: '4.9.1', revision: 'eb2032df7f'\nSystem info: os.name: 'Windows Server 2022', os.arch: 'amd64', os.version: '10.0', java.version: '11.0.20.1'\nDriver info: org.openqa.selenium.chrome.ChromeDriver\nCommand: [null, newSession {capabilities=[Capabilities {browserName: chrome, goog:chromeOptions: {args: [--remote-allow-origins=*, --headless], extensions: []}}]}]\r\n\tat org.openqa.selenium.remote.ProtocolHandshake.createSession(ProtocolHandshake.java:136)\r\n\tat org.openqa.selenium.remote.ProtocolHandshake.createSession(ProtocolHandshake.java:94)\r\n\tat org.openqa.selenium.remote.ProtocolHandshake.createSession(ProtocolHandshake.java:68)\r\n\tat org.openqa.selenium.remote.HttpCommandExecutor.execute(HttpCommandExecutor.java:165)\r\n\tat org.openqa.selenium.remote.service.DriverCommandExecutor.invokeExecute(DriverCommandExecutor.java:183)\r\n\tat org.openqa.selenium.remote.service.DriverCommandExecutor.execute(DriverCommandExecutor.java:158)\r\n\tat org.openqa.selenium.remote.RemoteWebDriver.execute(RemoteWebDriver.java:543)\r\n\tat org.openqa.selenium.remote.RemoteWebDriver.startSession(RemoteWebDriver.java:229)\r\n\tat org.openqa.selenium.remote.RemoteWebDriver.<init>(RemoteWebDriver.java:157)\r\n\tat org.openqa.selenium.chromium.ChromiumDriver.<init>(ChromiumDriver.java:101)\r\n\tat org.openqa.selenium.chrome.ChromeDriver.<init>(ChromeDriver.java:88)\r\n\tat org.openqa.selenium.chrome.ChromeDriver.<init>(ChromeDriver.java:84)\r\n\tat org.openqa.selenium.chrome.ChromeDriver.<init>(ChromeDriver.java:73)\r\n\tat Test.baseTest.getDriver(baseTest.java:15)\r\n\tat com.ryan.webUITest.stepDef.CucumberBA.beforeTest(CucumberBA.java:10)\r\n","duration":737229100,"status":"failed"},"match":{"location":"com.ryan.webUITest.stepDef.CucumberBA.beforeTest()"}}],"line":22,"name":"[positive] login using valid username and valid password (scenario outline)","description":"","id":"login;[positive]-login-using-valid-username-and-valid-password-(scenario-outline);;3","after":[{"result":{"error_message":"java.lang.NullPointerException\r\n\tat com.ryan.webUITest.stepDef.CucumberBA.afterTest(CucumberBA.java:14)\r\n","status":"failed"},"match":{"location":"com.ryan.webUITest.stepDef.CucumberBA.afterTest()"}}],"type":"scenario","keyword":"Scenario Outline","steps":[{"result":{"status":"skipped"},"line":14,"name":"user is on login page","match":{"location":"com.ryan.webUITest.stepDef.loginStepDef.userIsOnLoginPage()"},"keyword":"Given "},{"result":{"status":"skipped"},"line":15,"name":"user input username with \"harianto2\"","match":{"arguments":[{"val":"\"harianto2\"","offset":25}],"location":"com.ryan.webUITest.stepDef.loginStepDef.userInputUsernameWith(java.lang.String)"},"keyword":"And "},{"result":{"status":"skipped"},"line":16,"name":"user input password with \"t3st1ng\"","match":{"arguments":[{"val":"\"t3st1ng\"","offset":25}],"location":"com.ryan.webUITest.stepDef.loginStepDef.userInputPasswordWith(java.lang.String)"},"keyword":"And "},{"result":{"status":"skipped"},"line":17,"name":"user click login button","match":{"location":"com.ryan.webUITest.stepDef.loginStepDef.userClickLoginButton()"},"keyword":"When "},{"result":{"status":"skipped"},"line":18,"name":"user is on homepage","match":{"location":"com.ryan.webUITest.stepDef.loginStepDef.userIsOnHomepage()"},"keyword":"Then "}],"tags":[{"name":"@web"},{"name":"@[positive]_valid_login_success_(scenario_outline)"}]},{"start_timestamp":"2023-09-25T16:34:55.671Z","before":[{"result":{"error_message":"org.openqa.selenium.SessionNotCreatedException: Could not start a new session. Response code 500. Message: session not created: This version of ChromeDriver only supports Chrome version 114\nCurrent browser version is 117.0.5938.89 with binary path C:\\Program Files\\Google\\Chrome\\Application\\chrome.exe \nHost info: host: 'fv-az192-725', ip: '10.1.40.1'\nBuild info: version: '4.9.1', revision: 'eb2032df7f'\nSystem info: os.name: 'Windows Server 2022', os.arch: 'amd64', os.version: '10.0', java.version: '11.0.20.1'\nDriver info: org.openqa.selenium.chrome.ChromeDriver\nCommand: [null, newSession {capabilities=[Capabilities {browserName: chrome, goog:chromeOptions: {args: [--remote-allow-origins=*, --headless], extensions: []}}]}]\r\n\tat org.openqa.selenium.remote.ProtocolHandshake.createSession(ProtocolHandshake.java:136)\r\n\tat org.openqa.selenium.remote.ProtocolHandshake.createSession(ProtocolHandshake.java:94)\r\n\tat org.openqa.selenium.remote.ProtocolHandshake.createSession(ProtocolHandshake.java:68)\r\n\tat org.openqa.selenium.remote.HttpCommandExecutor.execute(HttpCommandExecutor.java:165)\r\n\tat org.openqa.selenium.remote.service.DriverCommandExecutor.invokeExecute(DriverCommandExecutor.java:183)\r\n\tat org.openqa.selenium.remote.service.DriverCommandExecutor.execute(DriverCommandExecutor.java:158)\r\n\tat org.openqa.selenium.remote.RemoteWebDriver.execute(RemoteWebDriver.java:543)\r\n\tat org.openqa.selenium.remote.RemoteWebDriver.startSession(RemoteWebDriver.java:229)\r\n\tat org.openqa.selenium.remote.RemoteWebDriver.<init>(RemoteWebDriver.java:157)\r\n\tat org.openqa.selenium.chromium.ChromiumDriver.<init>(ChromiumDriver.java:101)\r\n\tat org.openqa.selenium.chrome.ChromeDriver.<init>(ChromeDriver.java:88)\r\n\tat org.openqa.selenium.chrome.ChromeDriver.<init>(ChromeDriver.java:84)\r\n\tat org.openqa.selenium.chrome.ChromeDriver.<init>(ChromeDriver.java:73)\r\n\tat Test.baseTest.getDriver(baseTest.java:15)\r\n\tat com.ryan.webUITest.stepDef.CucumberBA.beforeTest(CucumberBA.java:10)\r\n","duration":700867800,"status":"failed"},"match":{"location":"com.ryan.webUITest.stepDef.CucumberBA.beforeTest()"}}],"line":23,"name":"[positive] login using valid username and valid password (scenario outline)","description":"","id":"login;[positive]-login-using-valid-username-and-valid-password-(scenario-outline);;4","after":[{"result":{"error_message":"java.lang.NullPointerException\r\n\tat com.ryan.webUITest.stepDef.CucumberBA.afterTest(CucumberBA.java:14)\r\n","status":"failed"},"match":{"location":"com.ryan.webUITest.stepDef.CucumberBA.afterTest()"}}],"type":"scenario","keyword":"Scenario Outline","steps":[{"result":{"status":"skipped"},"line":14,"name":"user is on login page","match":{"location":"com.ryan.webUITest.stepDef.loginStepDef.userIsOnLoginPage()"},"keyword":"Given "},{"result":{"status":"skipped"},"line":15,"name":"user input username with \"harianto3\"","match":{"arguments":[{"val":"\"harianto3\"","offset":25}],"location":"com.ryan.webUITest.stepDef.loginStepDef.userInputUsernameWith(java.lang.String)"},"keyword":"And "},{"result":{"status":"skipped"},"line":16,"name":"user input password with \"t3st1ng\"","match":{"arguments":[{"val":"\"t3st1ng\"","offset":25}],"location":"com.ryan.webUITest.stepDef.loginStepDef.userInputPasswordWith(java.lang.String)"},"keyword":"And "},{"result":{"status":"skipped"},"line":17,"name":"user click login button","match":{"location":"com.ryan.webUITest.stepDef.loginStepDef.userClickLoginButton()"},"keyword":"When "},{"result":{"status":"skipped"},"line":18,"name":"user is on homepage","match":{"location":"com.ryan.webUITest.stepDef.loginStepDef.userIsOnHomepage()"},"keyword":"Then "}],"tags":[{"name":"@web"},{"name":"@[positive]_valid_login_success_(scenario_outline)"}]},{"start_timestamp":"2023-09-25T16:34:56.372Z","before":[{"result":{"error_message":"org.openqa.selenium.SessionNotCreatedException: Could not start a new session. Response code 500. Message: session not created: This version of ChromeDriver only supports Chrome version 114\nCurrent browser version is 117.0.5938.89 with binary path C:\\Program Files\\Google\\Chrome\\Application\\chrome.exe \nHost info: host: 'fv-az192-725', ip: '10.1.40.1'\nBuild info: version: '4.9.1', revision: 'eb2032df7f'\nSystem info: os.name: 'Windows Server 2022', os.arch: 'amd64', os.version: '10.0', java.version: '11.0.20.1'\nDriver info: org.openqa.selenium.chrome.ChromeDriver\nCommand: [null, newSession {capabilities=[Capabilities {browserName: chrome, goog:chromeOptions: {args: [--remote-allow-origins=*, --headless], extensions: []}}]}]\r\n\tat org.openqa.selenium.remote.ProtocolHandshake.createSession(ProtocolHandshake.java:136)\r\n\tat org.openqa.selenium.remote.ProtocolHandshake.createSession(ProtocolHandshake.java:94)\r\n\tat org.openqa.selenium.remote.ProtocolHandshake.createSession(ProtocolHandshake.java:68)\r\n\tat org.openqa.selenium.remote.HttpCommandExecutor.execute(HttpCommandExecutor.java:165)\r\n\tat org.openqa.selenium.remote.service.DriverCommandExecutor.invokeExecute(DriverCommandExecutor.java:183)\r\n\tat org.openqa.selenium.remote.service.DriverCommandExecutor.execute(DriverCommandExecutor.java:158)\r\n\tat org.openqa.selenium.remote.RemoteWebDriver.execute(RemoteWebDriver.java:543)\r\n\tat org.openqa.selenium.remote.RemoteWebDriver.startSession(RemoteWebDriver.java:229)\r\n\tat org.openqa.selenium.remote.RemoteWebDriver.<init>(RemoteWebDriver.java:157)\r\n\tat org.openqa.selenium.chromium.ChromiumDriver.<init>(ChromiumDriver.java:101)\r\n\tat org.openqa.selenium.chrome.ChromeDriver.<init>(ChromeDriver.java:88)\r\n\tat org.openqa.selenium.chrome.ChromeDriver.<init>(ChromeDriver.java:84)\r\n\tat org.openqa.selenium.chrome.ChromeDriver.<init>(ChromeDriver.java:73)\r\n\tat Test.baseTest.getDriver(baseTest.java:15)\r\n\tat com.ryan.webUITest.stepDef.CucumberBA.beforeTest(CucumberBA.java:10)\r\n","duration":730947900,"status":"failed"},"match":{"location":"com.ryan.webUITest.stepDef.CucumberBA.beforeTest()"}}],"line":26,"name":"[negative] login using valid username and invalid password","description":"","id":"login;[negative]-login-using-valid-username-and-invalid-password","after":[{"result":{"error_message":"java.lang.NullPointerException\r\n\tat com.ryan.webUITest.stepDef.CucumberBA.afterTest(CucumberBA.java:14)\r\n","status":"failed"},"match":{"location":"com.ryan.webUITest.stepDef.CucumberBA.afterTest()"}}],"type":"scenario","keyword":"Scenario","steps":[{"result":{"status":"skipped"},"line":27,"name":"user is on login page","match":{"location":"com.ryan.webUITest.stepDef.loginStepDef.userIsOnLoginPage()"},"keyword":"Given "},{"result":{"status":"skipped"},"line":28,"name":"user input username with \"harianto1\"","match":{"arguments":[{"val":"\"harianto1\"","offset":25}],"location":"com.ryan.webUITest.stepDef.loginStepDef.userInputUsernameWith(java.lang.String)"},"keyword":"And "},{"result":{"status":"skipped"},"line":29,"name":"user input password with \"password\"","match":{"arguments":[{"val":"\"password\"","offset":25}],"location":"com.ryan.webUITest.stepDef.loginStepDef.userInputPasswordWith(java.lang.String)"},"keyword":"And "},{"result":{"status":"skipped"},"line":30,"name":"user click login button","match":{"location":"com.ryan.webUITest.stepDef.loginStepDef.userClickLoginButton()"},"keyword":"When "},{"result":{"status":"skipped"},"line":31,"name":"user get error message \"Wrong password.\"","match":{"arguments":[{"val":"\"Wrong password.\"","offset":23}],"location":"com.ryan.webUITest.stepDef.loginStepDef.userGetErrorMessage(java.lang.String)"},"keyword":"Then "}],"tags":[{"name":"@web"},{"name":"@[negative]_invalid_login_(wrong_password)"}]},{"start_timestamp":"2023-09-25T16:34:57.103Z","before":[{"result":{"error_message":"org.openqa.selenium.SessionNotCreatedException: Could not start a new session. Response code 500. Message: session not created: This version of ChromeDriver only supports Chrome version 114\nCurrent browser version is 117.0.5938.89 with binary path C:\\Program Files\\Google\\Chrome\\Application\\chrome.exe \nHost info: host: 'fv-az192-725', ip: '10.1.40.1'\nBuild info: version: '4.9.1', revision: 'eb2032df7f'\nSystem info: os.name: 'Windows Server 2022', os.arch: 'amd64', os.version: '10.0', java.version: '11.0.20.1'\nDriver info: org.openqa.selenium.chrome.ChromeDriver\nCommand: [null, newSession {capabilities=[Capabilities {browserName: chrome, goog:chromeOptions: {args: [--remote-allow-origins=*, --headless], extensions: []}}]}]\r\n\tat org.openqa.selenium.remote.ProtocolHandshake.createSession(ProtocolHandshake.java:136)\r\n\tat org.openqa.selenium.remote.ProtocolHandshake.createSession(ProtocolHandshake.java:94)\r\n\tat org.openqa.selenium.remote.ProtocolHandshake.createSession(ProtocolHandshake.java:68)\r\n\tat org.openqa.selenium.remote.HttpCommandExecutor.execute(HttpCommandExecutor.java:165)\r\n\tat org.openqa.selenium.remote.service.DriverCommandExecutor.invokeExecute(DriverCommandExecutor.java:183)\r\n\tat org.openqa.selenium.remote.service.DriverCommandExecutor.execute(DriverCommandExecutor.java:158)\r\n\tat org.openqa.selenium.remote.RemoteWebDriver.execute(RemoteWebDriver.java:543)\r\n\tat org.openqa.selenium.remote.RemoteWebDriver.startSession(RemoteWebDriver.java:229)\r\n\tat org.openqa.selenium.remote.RemoteWebDriver.<init>(RemoteWebDriver.java:157)\r\n\tat org.openqa.selenium.chromium.ChromiumDriver.<init>(ChromiumDriver.java:101)\r\n\tat org.openqa.selenium.chrome.ChromeDriver.<init>(ChromeDriver.java:88)\r\n\tat org.openqa.selenium.chrome.ChromeDriver.<init>(ChromeDriver.java:84)\r\n\tat org.openqa.selenium.chrome.ChromeDriver.<init>(ChromeDriver.java:73)\r\n\tat Test.baseTest.getDriver(baseTest.java:15)\r\n\tat com.ryan.webUITest.stepDef.CucumberBA.beforeTest(CucumberBA.java:10)\r\n","duration":778600500,"status":"failed"},"match":{"location":"com.ryan.webUITest.stepDef.CucumberBA.beforeTest()"}}],"line":34,"name":"[negative] login using invalid username and valid password","description":"","id":"login;[negative]-login-using-invalid-username-and-valid-password","after":[{"result":{"error_message":"java.lang.NullPointerException\r\n\tat com.ryan.webUITest.stepDef.CucumberBA.afterTest(CucumberBA.java:14)\r\n","status":"failed"},"match":{"location":"com.ryan.webUITest.stepDef.CucumberBA.afterTest()"}}],"type":"scenario","keyword":"Scenario","steps":[{"result":{"status":"skipped"},"line":35,"name":"user is on login page","match":{"location":"com.ryan.webUITest.stepDef.loginStepDef.userIsOnLoginPage()"},"keyword":"Given "},{"result":{"status":"skipped"},"line":36,"name":"user input username with \"sdgsgegsddvs\"","match":{"arguments":[{"val":"\"sdgsgegsddvs\"","offset":25}],"location":"com.ryan.webUITest.stepDef.loginStepDef.userInputUsernameWith(java.lang.String)"},"keyword":"And "},{"result":{"status":"skipped"},"line":37,"name":"user input password with \"t3st1ng\"","match":{"arguments":[{"val":"\"t3st1ng\"","offset":25}],"location":"com.ryan.webUITest.stepDef.loginStepDef.userInputPasswordWith(java.lang.String)"},"keyword":"And "},{"result":{"status":"skipped"},"line":38,"name":"user click login button","match":{"location":"com.ryan.webUITest.stepDef.loginStepDef.userClickLoginButton()"},"keyword":"When "},{"result":{"status":"skipped"},"line":39,"name":"user get error message \"User does not exist.\"","match":{"arguments":[{"val":"\"User does not exist.\"","offset":23}],"location":"com.ryan.webUITest.stepDef.loginStepDef.userGetErrorMessage(java.lang.String)"},"keyword":"Then "}],"tags":[{"name":"@web"},{"name":"@[negative]_invalid_login_(user_does_not_exist)"}]},{"start_timestamp":"2023-09-25T16:34:57.882Z","before":[{"result":{"error_message":"org.openqa.selenium.SessionNotCreatedException: Could not start a new session. Response code 500. Message: session not created: This version of ChromeDriver only supports Chrome version 114\nCurrent browser version is 117.0.5938.89 with binary path C:\\Program Files\\Google\\Chrome\\Application\\chrome.exe \nHost info: host: 'fv-az192-725', ip: '10.1.40.1'\nBuild info: version: '4.9.1', revision: 'eb2032df7f'\nSystem info: os.name: 'Windows Server 2022', os.arch: 'amd64', os.version: '10.0', java.version: '11.0.20.1'\nDriver info: org.openqa.selenium.chrome.ChromeDriver\nCommand: [null, newSession {capabilities=[Capabilities {browserName: chrome, goog:chromeOptions: {args: [--remote-allow-origins=*, --headless], extensions: []}}]}]\r\n\tat org.openqa.selenium.remote.ProtocolHandshake.createSession(ProtocolHandshake.java:136)\r\n\tat org.openqa.selenium.remote.ProtocolHandshake.createSession(ProtocolHandshake.java:94)\r\n\tat org.openqa.selenium.remote.ProtocolHandshake.createSession(ProtocolHandshake.java:68)\r\n\tat org.openqa.selenium.remote.HttpCommandExecutor.execute(HttpCommandExecutor.java:165)\r\n\tat org.openqa.selenium.remote.service.DriverCommandExecutor.invokeExecute(DriverCommandExecutor.java:183)\r\n\tat org.openqa.selenium.remote.service.DriverCommandExecutor.execute(DriverCommandExecutor.java:158)\r\n\tat org.openqa.selenium.remote.RemoteWebDriver.execute(RemoteWebDriver.java:543)\r\n\tat org.openqa.selenium.remote.RemoteWebDriver.startSession(RemoteWebDriver.java:229)\r\n\tat org.openqa.selenium.remote.RemoteWebDriver.<init>(RemoteWebDriver.java:157)\r\n\tat org.openqa.selenium.chromium.ChromiumDriver.<init>(ChromiumDriver.java:101)\r\n\tat org.openqa.selenium.chrome.ChromeDriver.<init>(ChromeDriver.java:88)\r\n\tat org.openqa.selenium.chrome.ChromeDriver.<init>(ChromeDriver.java:84)\r\n\tat org.openqa.selenium.chrome.ChromeDriver.<init>(ChromeDriver.java:73)\r\n\tat Test.baseTest.getDriver(baseTest.java:15)\r\n\tat com.ryan.webUITest.stepDef.CucumberBA.beforeTest(CucumberBA.java:10)\r\n","duration":694062700,"status":"failed"},"match":{"location":"com.ryan.webUITest.stepDef.CucumberBA.beforeTest()"}}],"line":43,"name":"[negative] login using blank username","description":"","id":"login;[negative]-login-using-blank-username","after":[{"result":{"error_message":"java.lang.NullPointerException\r\n\tat com.ryan.webUITest.stepDef.CucumberBA.afterTest(CucumberBA.java:14)\r\n","status":"failed"},"match":{"location":"com.ryan.webUITest.stepDef.CucumberBA.afterTest()"}}],"type":"scenario","keyword":"Scenario","steps":[{"result":{"status":"skipped"},"line":44,"name":"user is on login page","match":{"location":"com.ryan.webUITest.stepDef.loginStepDef.userIsOnLoginPage()"},"keyword":"Given "},{"result":{"status":"skipped"},"line":45,"name":"user input username with \"\"","match":{"arguments":[{"val":"\"\"","offset":25}],"location":"com.ryan.webUITest.stepDef.loginStepDef.userInputUsernameWith(java.lang.String)"},"keyword":"And "},{"result":{"status":"skipped"},"line":46,"name":"user input password with \"t3st1ng\"","match":{"arguments":[{"val":"\"t3st1ng\"","offset":25}],"location":"com.ryan.webUITest.stepDef.loginStepDef.userInputPasswordWith(java.lang.String)"},"keyword":"And "},{"result":{"status":"skipped"},"line":47,"name":"user click login button","match":{"location":"com.ryan.webUITest.stepDef.loginStepDef.userClickLoginButton()"},"keyword":"When "},{"result":{"status":"skipped"},"line":48,"name":"user get error message \"Please fill out Username and Password.\"","match":{"arguments":[{"val":"\"Please fill out Username and Password.\"","offset":23}],"location":"com.ryan.webUITest.stepDef.loginStepDef.userGetErrorMessage(java.lang.String)"},"keyword":"Then "}],"tags":[{"name":"@web"},{"name":"@[negative]_invalid_login_(blank_username)"}]},{"start_timestamp":"2023-09-25T16:34:58.578Z","before":[{"result":{"error_message":"org.openqa.selenium.SessionNotCreatedException: Could not start a new session. Response code 500. Message: session not created: This version of ChromeDriver only supports Chrome version 114\nCurrent browser version is 117.0.5938.89 with binary path C:\\Program Files\\Google\\Chrome\\Application\\chrome.exe \nHost info: host: 'fv-az192-725', ip: '10.1.40.1'\nBuild info: version: '4.9.1', revision: 'eb2032df7f'\nSystem info: os.name: 'Windows Server 2022', os.arch: 'amd64', os.version: '10.0', java.version: '11.0.20.1'\nDriver info: org.openqa.selenium.chrome.ChromeDriver\nCommand: [null, newSession {capabilities=[Capabilities {browserName: chrome, goog:chromeOptions: {args: [--remote-allow-origins=*, --headless], extensions: []}}]}]\r\n\tat org.openqa.selenium.remote.ProtocolHandshake.createSession(ProtocolHandshake.java:136)\r\n\tat org.openqa.selenium.remote.ProtocolHandshake.createSession(ProtocolHandshake.java:94)\r\n\tat org.openqa.selenium.remote.ProtocolHandshake.createSession(ProtocolHandshake.java:68)\r\n\tat org.openqa.selenium.remote.HttpCommandExecutor.execute(HttpCommandExecutor.java:165)\r\n\tat org.openqa.selenium.remote.service.DriverCommandExecutor.invokeExecute(DriverCommandExecutor.java:183)\r\n\tat org.openqa.selenium.remote.service.DriverCommandExecutor.execute(DriverCommandExecutor.java:158)\r\n\tat org.openqa.selenium.remote.RemoteWebDriver.execute(RemoteWebDriver.java:543)\r\n\tat org.openqa.selenium.remote.RemoteWebDriver.startSession(RemoteWebDriver.java:229)\r\n\tat org.openqa.selenium.remote.RemoteWebDriver.<init>(RemoteWebDriver.java:157)\r\n\tat org.openqa.selenium.chromium.ChromiumDriver.<init>(ChromiumDriver.java:101)\r\n\tat org.openqa.selenium.chrome.ChromeDriver.<init>(ChromeDriver.java:88)\r\n\tat org.openqa.selenium.chrome.ChromeDriver.<init>(ChromeDriver.java:84)\r\n\tat org.openqa.selenium.chrome.ChromeDriver.<init>(ChromeDriver.java:73)\r\n\tat Test.baseTest.getDriver(baseTest.java:15)\r\n\tat com.ryan.webUITest.stepDef.CucumberBA.beforeTest(CucumberBA.java:10)\r\n","duration":698219800,"status":"failed"},"match":{"location":"com.ryan.webUITest.stepDef.CucumberBA.beforeTest()"}}],"line":52,"name":"[negative] login using blank password","description":"","id":"login;[negative]-login-using-blank-password","after":[{"result":{"error_message":"java.lang.NullPointerException\r\n\tat com.ryan.webUITest.stepDef.CucumberBA.afterTest(CucumberBA.java:14)\r\n","status":"failed"},"match":{"location":"com.ryan.webUITest.stepDef.CucumberBA.afterTest()"}}],"type":"scenario","keyword":"Scenario","steps":[{"result":{"status":"skipped"},"line":53,"name":"user is on login page","match":{"location":"com.ryan.webUITest.stepDef.loginStepDef.userIsOnLoginPage()"},"keyword":"Given "},{"result":{"status":"skipped"},"line":54,"name":"user input username with \"harianto1\"","match":{"arguments":[{"val":"\"harianto1\"","offset":25}],"location":"com.ryan.webUITest.stepDef.loginStepDef.userInputUsernameWith(java.lang.String)"},"keyword":"And "},{"result":{"status":"skipped"},"line":55,"name":"user input password with \"\"","match":{"arguments":[{"val":"\"\"","offset":25}],"location":"com.ryan.webUITest.stepDef.loginStepDef.userInputPasswordWith(java.lang.String)"},"keyword":"And "},{"result":{"status":"skipped"},"line":56,"name":"user click login button","match":{"location":"com.ryan.webUITest.stepDef.loginStepDef.userClickLoginButton()"},"keyword":"When "},{"result":{"duration":2977500,"status":"skipped"},"line":57,"name":"user get error message \"Please fill out Username and Password.\"","match":{"arguments":[{"val":"\"Please fill out Username and Password.\"","offset":23}],"location":"com.ryan.webUITest.stepDef.loginStepDef.userGetErrorMessage(java.lang.String)"},"keyword":"Then "}],"tags":[{"name":"@web"},{"name":"@[negative]_invalid_login_(blank_password)"}]},{"start_timestamp":"2023-09-25T16:34:59.282Z","before":[{"result":{"error_message":"org.openqa.selenium.SessionNotCreatedException: Could not start a new session. Response code 500. Message: session not created: This version of ChromeDriver only supports Chrome version 114\nCurrent browser version is 117.0.5938.89 with binary path C:\\Program Files\\Google\\Chrome\\Application\\chrome.exe \nHost info: host: 'fv-az192-725', ip: '10.1.40.1'\nBuild info: version: '4.9.1', revision: 'eb2032df7f'\nSystem info: os.name: 'Windows Server 2022', os.arch: 'amd64', os.version: '10.0', java.version: '11.0.20.1'\nDriver info: org.openqa.selenium.chrome.ChromeDriver\nCommand: [null, newSession {capabilities=[Capabilities {browserName: chrome, goog:chromeOptions: {args: [--remote-allow-origins=*, --headless], extensions: []}}]}]\r\n\tat org.openqa.selenium.remote.ProtocolHandshake.createSession(ProtocolHandshake.java:136)\r\n\tat org.openqa.selenium.remote.ProtocolHandshake.createSession(ProtocolHandshake.java:94)\r\n\tat org.openqa.selenium.remote.ProtocolHandshake.createSession(ProtocolHandshake.java:68)\r\n\tat org.openqa.selenium.remote.HttpCommandExecutor.execute(HttpCommandExecutor.java:165)\r\n\tat org.openqa.selenium.remote.service.DriverCommandExecutor.invokeExecute(DriverCommandExecutor.java:183)\r\n\tat org.openqa.selenium.remote.service.DriverCommandExecutor.execute(DriverCommandExecutor.java:158)\r\n\tat org.openqa.selenium.remote.RemoteWebDriver.execute(RemoteWebDriver.java:543)\r\n\tat org.openqa.selenium.remote.RemoteWebDriver.startSession(RemoteWebDriver.java:229)\r\n\tat org.openqa.selenium.remote.RemoteWebDriver.<init>(RemoteWebDriver.java:157)\r\n\tat org.openqa.selenium.chromium.ChromiumDriver.<init>(ChromiumDriver.java:101)\r\n\tat org.openqa.selenium.chrome.ChromeDriver.<init>(ChromeDriver.java:88)\r\n\tat org.openqa.selenium.chrome.ChromeDriver.<init>(ChromeDriver.java:84)\r\n\tat org.openqa.selenium.chrome.ChromeDriver.<init>(ChromeDriver.java:73)\r\n\tat Test.baseTest.getDriver(baseTest.java:15)\r\n\tat com.ryan.webUITest.stepDef.CucumberBA.beforeTest(CucumberBA.java:10)\r\n","duration":752549800,"status":"failed"},"match":{"location":"com.ryan.webUITest.stepDef.CucumberBA.beforeTest()"}}],"line":60,"name":"[negative] login using blank password and blank username","description":"","id":"login;[negative]-login-using-blank-password-and-blank-username","after":[{"result":{"error_message":"java.lang.NullPointerException\r\n\tat com.ryan.webUITest.stepDef.CucumberBA.afterTest(CucumberBA.java:14)\r\n","status":"failed"},"match":{"location":"com.ryan.webUITest.stepDef.CucumberBA.afterTest()"}}],"type":"scenario","keyword":"Scenario","steps":[{"result":{"status":"skipped"},"line":61,"name":"user is on login page","match":{"location":"com.ryan.webUITest.stepDef.loginStepDef.userIsOnLoginPage()"},"keyword":"Given "},{"result":{"status":"skipped"},"line":62,"name":"user input username with \"\"","match":{"arguments":[{"val":"\"\"","offset":25}],"location":"com.ryan.webUITest.stepDef.loginStepDef.userInputUsernameWith(java.lang.String)"},"keyword":"And "},{"result":{"status":"skipped"},"line":63,"name":"user input password with \"\"","match":{"arguments":[{"val":"\"\"","offset":25}],"location":"com.ryan.webUITest.stepDef.loginStepDef.userInputPasswordWith(java.lang.String)"},"keyword":"And "},{"result":{"status":"skipped"},"line":64,"name":"user click login button","match":{"location":"com.ryan.webUITest.stepDef.loginStepDef.userClickLoginButton()"},"keyword":"When "},{"result":{"status":"skipped"},"line":65,"name":"user get error message \"Please fill out Username and Password.\"","match":{"arguments":[{"val":"\"Please fill out Username and Password.\"","offset":23}],"location":"com.ryan.webUITest.stepDef.loginStepDef.userGetErrorMessage(java.lang.String)"},"keyword":"Then "}],"tags":[{"name":"@web"},{"name":"@[negative]_invalid_login_(blank_password)_(blank_username)"}]},{"start_timestamp":"2023-09-25T16:35:00.034Z","before":[{"result":{"error_message":"org.openqa.selenium.SessionNotCreatedException: Could not start a new session. Response code 500. Message: session not created: This version of ChromeDriver only supports Chrome version 114\nCurrent browser version is 117.0.5938.89 with binary path C:\\Program Files\\Google\\Chrome\\Application\\chrome.exe \nHost info: host: 'fv-az192-725', ip: '10.1.40.1'\nBuild info: version: '4.9.1', revision: 'eb2032df7f'\nSystem info: os.name: 'Windows Server 2022', os.arch: 'amd64', os.version: '10.0', java.version: '11.0.20.1'\nDriver info: org.openqa.selenium.chrome.ChromeDriver\nCommand: [null, newSession {capabilities=[Capabilities {browserName: chrome, goog:chromeOptions: {args: [--remote-allow-origins=*, --headless], extensions: []}}]}]\r\n\tat org.openqa.selenium.remote.ProtocolHandshake.createSession(ProtocolHandshake.java:136)\r\n\tat org.openqa.selenium.remote.ProtocolHandshake.createSession(ProtocolHandshake.java:94)\r\n\tat org.openqa.selenium.remote.ProtocolHandshake.createSession(ProtocolHandshake.java:68)\r\n\tat org.openqa.selenium.remote.HttpCommandExecutor.execute(HttpCommandExecutor.java:165)\r\n\tat org.openqa.selenium.remote.service.DriverCommandExecutor.invokeExecute(DriverCommandExecutor.java:183)\r\n\tat org.openqa.selenium.remote.service.DriverCommandExecutor.execute(DriverCommandExecutor.java:158)\r\n\tat org.openqa.selenium.remote.RemoteWebDriver.execute(RemoteWebDriver.java:543)\r\n\tat org.openqa.selenium.remote.RemoteWebDriver.startSession(RemoteWebDriver.java:229)\r\n\tat org.openqa.selenium.remote.RemoteWebDriver.<init>(RemoteWebDriver.java:157)\r\n\tat org.openqa.selenium.chromium.ChromiumDriver.<init>(ChromiumDriver.java:101)\r\n\tat org.openqa.selenium.chrome.ChromeDriver.<init>(ChromeDriver.java:88)\r\n\tat org.openqa.selenium.chrome.ChromeDriver.<init>(ChromeDriver.java:84)\r\n\tat org.openqa.selenium.chrome.ChromeDriver.<init>(ChromeDriver.java:73)\r\n\tat Test.baseTest.getDriver(baseTest.java:15)\r\n\tat com.ryan.webUITest.stepDef.CucumberBA.beforeTest(CucumberBA.java:10)\r\n","duration":722503900,"status":"failed"},"match":{"location":"com.ryan.webUITest.stepDef.CucumberBA.beforeTest()"}}],"line":76,"name":"[negative] invalid login (scenario outline)","description":"","id":"login;[negative]-invalid-login-(scenario-outline);;2","after":[{"result":{"error_message":"java.lang.NullPointerException\r\n\tat com.ryan.webUITest.stepDef.CucumberBA.afterTest(CucumberBA.java:14)\r\n","status":"failed"},"match":{"location":"com.ryan.webUITest.stepDef.CucumberBA.afterTest()"}}],"type":"scenario","keyword":"Scenario Outline","steps":[{"result":{"status":"skipped"},"line":69,"name":"user is on login page","match":{"location":"com.ryan.webUITest.stepDef.loginStepDef.userIsOnLoginPage()"},"keyword":"Given "},{"result":{"status":"skipped"},"line":70,"name":"user input username with \"harianto1\"","match":{"arguments":[{"val":"\"harianto1\"","offset":25}],"location":"com.ryan.webUITest.stepDef.loginStepDef.userInputUsernameWith(java.lang.String)"},"keyword":"And "},{"result":{"status":"skipped"},"line":71,"name":"user input password with \"password\"","match":{"arguments":[{"val":"\"password\"","offset":25}],"location":"com.ryan.webUITest.stepDef.loginStepDef.userInputPasswordWith(java.lang.String)"},"keyword":"And "},{"result":{"status":"skipped"},"line":72,"name":"user click login button","match":{"location":"com.ryan.webUITest.stepDef.loginStepDef.userClickLoginButton()"},"keyword":"When "},{"result":{"status":"skipped"},"line":73,"name":"user get error message \"Wrong password.\"","match":{"arguments":[{"val":"\"Wrong password.\"","offset":23}],"location":"com.ryan.webUITest.stepDef.loginStepDef.userGetErrorMessage(java.lang.String)"},"keyword":"Then "}],"tags":[{"name":"@web"},{"name":"@[negative]_invalid_login_(scenario_outline)"}]},{"start_timestamp":"2023-09-25T16:35:00.757Z","before":[{"result":{"error_message":"org.openqa.selenium.SessionNotCreatedException: Could not start a new session. Response code 500. Message: session not created: This version of ChromeDriver only supports Chrome version 114\nCurrent browser version is 117.0.5938.89 with binary path C:\\Program Files\\Google\\Chrome\\Application\\chrome.exe \nHost info: host: 'fv-az192-725', ip: '10.1.40.1'\nBuild info: version: '4.9.1', revision: 'eb2032df7f'\nSystem info: os.name: 'Windows Server 2022', os.arch: 'amd64', os.version: '10.0', java.version: '11.0.20.1'\nDriver info: org.openqa.selenium.chrome.ChromeDriver\nCommand: [null, newSession {capabilities=[Capabilities {browserName: chrome, goog:chromeOptions: {args: [--remote-allow-origins=*, --headless], extensions: []}}]}]\r\n\tat org.openqa.selenium.remote.ProtocolHandshake.createSession(ProtocolHandshake.java:136)\r\n\tat org.openqa.selenium.remote.ProtocolHandshake.createSession(ProtocolHandshake.java:94)\r\n\tat org.openqa.selenium.remote.ProtocolHandshake.createSession(ProtocolHandshake.java:68)\r\n\tat org.openqa.selenium.remote.HttpCommandExecutor.execute(HttpCommandExecutor.java:165)\r\n\tat org.openqa.selenium.remote.service.DriverCommandExecutor.invokeExecute(DriverCommandExecutor.java:183)\r\n\tat org.openqa.selenium.remote.service.DriverCommandExecutor.execute(DriverCommandExecutor.java:158)\r\n\tat org.openqa.selenium.remote.RemoteWebDriver.execute(RemoteWebDriver.java:543)\r\n\tat org.openqa.selenium.remote.RemoteWebDriver.startSession(RemoteWebDriver.java:229)\r\n\tat org.openqa.selenium.remote.RemoteWebDriver.<init>(RemoteWebDriver.java:157)\r\n\tat org.openqa.selenium.chromium.ChromiumDriver.<init>(ChromiumDriver.java:101)\r\n\tat org.openqa.selenium.chrome.ChromeDriver.<init>(ChromeDriver.java:88)\r\n\tat org.openqa.selenium.chrome.ChromeDriver.<init>(ChromeDriver.java:84)\r\n\tat org.openqa.selenium.chrome.ChromeDriver.<init>(ChromeDriver.java:73)\r\n\tat Test.baseTest.getDriver(baseTest.java:15)\r\n\tat com.ryan.webUITest.stepDef.CucumberBA.beforeTest(CucumberBA.java:10)\r\n","duration":730786300,"status":"failed"},"match":{"location":"com.ryan.webUITest.stepDef.CucumberBA.beforeTest()"}}],"line":77,"name":"[negative] invalid login (scenario outline)","description":"","id":"login;[negative]-invalid-login-(scenario-outline);;3","after":[{"result":{"error_message":"java.lang.NullPointerException\r\n\tat com.ryan.webUITest.stepDef.CucumberBA.afterTest(CucumberBA.java:14)\r\n","status":"failed"},"match":{"location":"com.ryan.webUITest.stepDef.CucumberBA.afterTest()"}}],"type":"scenario","keyword":"Scenario Outline","steps":[{"result":{"status":"skipped"},"line":69,"name":"user is on login page","match":{"location":"com.ryan.webUITest.stepDef.loginStepDef.userIsOnLoginPage()"},"keyword":"Given "},{"result":{"status":"skipped"},"line":70,"name":"user input username with \"sgwegwegweg\"","match":{"arguments":[{"val":"\"sgwegwegweg\"","offset":25}],"location":"com.ryan.webUITest.stepDef.loginStepDef.userInputUsernameWith(java.lang.String)"},"keyword":"And "},{"result":{"status":"skipped"},"line":71,"name":"user input password with \"password\"","match":{"arguments":[{"val":"\"password\"","offset":25}],"location":"com.ryan.webUITest.stepDef.loginStepDef.userInputPasswordWith(java.lang.String)"},"keyword":"And "},{"result":{"status":"skipped"},"line":72,"name":"user click login button","match":{"location":"com.ryan.webUITest.stepDef.loginStepDef.userClickLoginButton()"},"keyword":"When "},{"result":{"status":"skipped"},"line":73,"name":"user get error message \"User does not exist.\"","match":{"arguments":[{"val":"\"User does not exist.\"","offset":23}],"location":"com.ryan.webUITest.stepDef.loginStepDef.userGetErrorMessage(java.lang.String)"},"keyword":"Then "}],"tags":[{"name":"@web"},{"name":"@[negative]_invalid_login_(scenario_outline)"}]},{"start_timestamp":"2023-09-25T16:35:01.487Z","before":[{"result":{"error_message":"org.openqa.selenium.SessionNotCreatedException: Could not start a new session. Response code 500. Message: session not created: This version of ChromeDriver only supports Chrome version 114\nCurrent browser version is 117.0.5938.89 with binary path C:\\Program Files\\Google\\Chrome\\Application\\chrome.exe \nHost info: host: 'fv-az192-725', ip: '10.1.40.1'\nBuild info: version: '4.9.1', revision: 'eb2032df7f'\nSystem info: os.name: 'Windows Server 2022', os.arch: 'amd64', os.version: '10.0', java.version: '11.0.20.1'\nDriver info: org.openqa.selenium.chrome.ChromeDriver\nCommand: [null, newSession {capabilities=[Capabilities {browserName: chrome, goog:chromeOptions: {args: [--remote-allow-origins=*, --headless], extensions: []}}]}]\r\n\tat org.openqa.selenium.remote.ProtocolHandshake.createSession(ProtocolHandshake.java:136)\r\n\tat org.openqa.selenium.remote.ProtocolHandshake.createSession(ProtocolHandshake.java:94)\r\n\tat org.openqa.selenium.remote.ProtocolHandshake.createSession(ProtocolHandshake.java:68)\r\n\tat org.openqa.selenium.remote.HttpCommandExecutor.execute(HttpCommandExecutor.java:165)\r\n\tat org.openqa.selenium.remote.service.DriverCommandExecutor.invokeExecute(DriverCommandExecutor.java:183)\r\n\tat org.openqa.selenium.remote.service.DriverCommandExecutor.execute(DriverCommandExecutor.java:158)\r\n\tat org.openqa.selenium.remote.RemoteWebDriver.execute(RemoteWebDriver.java:543)\r\n\tat org.openqa.selenium.remote.RemoteWebDriver.startSession(RemoteWebDriver.java:229)\r\n\tat org.openqa.selenium.remote.RemoteWebDriver.<init>(RemoteWebDriver.java:157)\r\n\tat org.openqa.selenium.chromium.ChromiumDriver.<init>(ChromiumDriver.java:101)\r\n\tat org.openqa.selenium.chrome.ChromeDriver.<init>(ChromeDriver.java:88)\r\n\tat org.openqa.selenium.chrome.ChromeDriver.<init>(ChromeDriver.java:84)\r\n\tat org.openqa.selenium.chrome.ChromeDriver.<init>(ChromeDriver.java:73)\r\n\tat Test.baseTest.getDriver(baseTest.java:15)\r\n\tat com.ryan.webUITest.stepDef.CucumberBA.beforeTest(CucumberBA.java:10)\r\n","duration":756196400,"status":"failed"},"match":{"location":"com.ryan.webUITest.stepDef.CucumberBA.beforeTest()"}}],"line":78,"name":"[negative] invalid login (scenario outline)","description":"","id":"login;[negative]-invalid-login-(scenario-outline);;4","after":[{"result":{"error_message":"java.lang.NullPointerException\r\n\tat com.ryan.webUITest.stepDef.CucumberBA.afterTest(CucumberBA.java:14)\r\n","status":"failed"},"match":{"location":"com.ryan.webUITest.stepDef.CucumberBA.afterTest()"}}],"type":"scenario","keyword":"Scenario Outline","steps":[{"result":{"status":"skipped"},"line":69,"name":"user is on login page","match":{"location":"com.ryan.webUITest.stepDef.loginStepDef.userIsOnLoginPage()"},"keyword":"Given "},{"result":{"status":"skipped"},"line":70,"name":"user input username with \"harianto1\"","match":{"arguments":[{"val":"\"harianto1\"","offset":25}],"location":"com.ryan.webUITest.stepDef.loginStepDef.userInputUsernameWith(java.lang.String)"},"keyword":"And "},{"result":{"status":"skipped"},"line":71,"name":"user input password with \"\"","match":{"arguments":[{"val":"\"\"","offset":25}],"location":"com.ryan.webUITest.stepDef.loginStepDef.userInputPasswordWith(java.lang.String)"},"keyword":"And "},{"result":{"status":"skipped"},"line":72,"name":"user click login button","match":{"location":"com.ryan.webUITest.stepDef.loginStepDef.userClickLoginButton()"},"keyword":"When "},{"result":{"status":"skipped"},"line":73,"name":"user get error message \"Please fill out Username and Password.\"","match":{"arguments":[{"val":"\"Please fill out Username and Password.\"","offset":23}],"location":"com.ryan.webUITest.stepDef.loginStepDef.userGetErrorMessage(java.lang.String)"},"keyword":"Then "}],"tags":[{"name":"@web"},{"name":"@[negative]_invalid_login_(scenario_outline)"}]},{"start_timestamp":"2023-09-25T16:35:02.244Z","before":[{"result":{"error_message":"org.openqa.selenium.SessionNotCreatedException: Could not start a new session. Response code 500. Message: session not created: This version of ChromeDriver only supports Chrome version 114\nCurrent browser version is 117.0.5938.89 with binary path C:\\Program Files\\Google\\Chrome\\Application\\chrome.exe \nHost info: host: 'fv-az192-725', ip: '10.1.40.1'\nBuild info: version: '4.9.1', revision: 'eb2032df7f'\nSystem info: os.name: 'Windows Server 2022', os.arch: 'amd64', os.version: '10.0', java.version: '11.0.20.1'\nDriver info: org.openqa.selenium.chrome.ChromeDriver\nCommand: [null, newSession {capabilities=[Capabilities {browserName: chrome, goog:chromeOptions: {args: [--remote-allow-origins=*, --headless], extensions: []}}]}]\r\n\tat org.openqa.selenium.remote.ProtocolHandshake.createSession(ProtocolHandshake.java:136)\r\n\tat org.openqa.selenium.remote.ProtocolHandshake.createSession(ProtocolHandshake.java:94)\r\n\tat org.openqa.selenium.remote.ProtocolHandshake.createSession(ProtocolHandshake.java:68)\r\n\tat org.openqa.selenium.remote.HttpCommandExecutor.execute(HttpCommandExecutor.java:165)\r\n\tat org.openqa.selenium.remote.service.DriverCommandExecutor.invokeExecute(DriverCommandExecutor.java:183)\r\n\tat org.openqa.selenium.remote.service.DriverCommandExecutor.execute(DriverCommandExecutor.java:158)\r\n\tat org.openqa.selenium.remote.RemoteWebDriver.execute(RemoteWebDriver.java:543)\r\n\tat org.openqa.selenium.remote.RemoteWebDriver.startSession(RemoteWebDriver.java:229)\r\n\tat org.openqa.selenium.remote.RemoteWebDriver.<init>(RemoteWebDriver.java:157)\r\n\tat org.openqa.selenium.chromium.ChromiumDriver.<init>(ChromiumDriver.java:101)\r\n\tat org.openqa.selenium.chrome.ChromeDriver.<init>(ChromeDriver.java:88)\r\n\tat org.openqa.selenium.chrome.ChromeDriver.<init>(ChromeDriver.java:84)\r\n\tat org.openqa.selenium.chrome.ChromeDriver.<init>(ChromeDriver.java:73)\r\n\tat Test.baseTest.getDriver(baseTest.java:15)\r\n\tat com.ryan.webUITest.stepDef.CucumberBA.beforeTest(CucumberBA.java:10)\r\n","duration":630434100,"status":"failed"},"match":{"location":"com.ryan.webUITest.stepDef.CucumberBA.beforeTest()"}}],"line":79,"name":"[negative] invalid login (scenario outline)","description":"","id":"login;[negative]-invalid-login-(scenario-outline);;5","after":[{"result":{"error_message":"java.lang.NullPointerException\r\n\tat com.ryan.webUITest.stepDef.CucumberBA.afterTest(CucumberBA.java:14)\r\n","duration":1000700,"status":"failed"},"match":{"location":"com.ryan.webUITest.stepDef.CucumberBA.afterTest()"}}],"type":"scenario","keyword":"Scenario Outline","steps":[{"result":{"status":"skipped"},"line":69,"name":"user is on login page","match":{"location":"com.ryan.webUITest.stepDef.loginStepDef.userIsOnLoginPage()"},"keyword":"Given "},{"result":{"status":"skipped"},"line":70,"name":"user input username with \"\"","match":{"arguments":[{"val":"\"\"","offset":25}],"location":"com.ryan.webUITest.stepDef.loginStepDef.userInputUsernameWith(java.lang.String)"},"keyword":"And "},{"result":{"status":"skipped"},"line":71,"name":"user input password with \"password\"","match":{"arguments":[{"val":"\"password\"","offset":25}],"location":"com.ryan.webUITest.stepDef.loginStepDef.userInputPasswordWith(java.lang.String)"},"keyword":"And "},{"result":{"status":"skipped"},"line":72,"name":"user click login button","match":{"location":"com.ryan.webUITest.stepDef.loginStepDef.userClickLoginButton()"},"keyword":"When "},{"result":{"status":"skipped"},"line":73,"name":"user get error message \"Please fill out Username and Password.\"","match":{"arguments":[{"val":"\"Please fill out Username and Password.\"","offset":23}],"location":"com.ryan.webUITest.stepDef.loginStepDef.userGetErrorMessage(java.lang.String)"},"keyword":"Then "}],"tags":[{"name":"@web"},{"name":"@[negative]_invalid_login_(scenario_outline)"}]},{"start_timestamp":"2023-09-25T16:35:02.879Z","before":[{"result":{"error_message":"org.openqa.selenium.SessionNotCreatedException: Could not start a new session. Response code 500. Message: session not created: This version of ChromeDriver only supports Chrome version 114\nCurrent browser version is 117.0.5938.89 with binary path C:\\Program Files\\Google\\Chrome\\Application\\chrome.exe \nHost info: host: 'fv-az192-725', ip: '10.1.40.1'\nBuild info: version: '4.9.1', revision: 'eb2032df7f'\nSystem info: os.name: 'Windows Server 2022', os.arch: 'amd64', os.version: '10.0', java.version: '11.0.20.1'\nDriver info: org.openqa.selenium.chrome.ChromeDriver\nCommand: [null, newSession {capabilities=[Capabilities {browserName: chrome, goog:chromeOptions: {args: [--remote-allow-origins=*, --headless], extensions: []}}]}]\r\n\tat org.openqa.selenium.remote.ProtocolHandshake.createSession(ProtocolHandshake.java:136)\r\n\tat org.openqa.selenium.remote.ProtocolHandshake.createSession(ProtocolHandshake.java:94)\r\n\tat org.openqa.selenium.remote.ProtocolHandshake.createSession(ProtocolHandshake.java:68)\r\n\tat org.openqa.selenium.remote.HttpCommandExecutor.execute(HttpCommandExecutor.java:165)\r\n\tat org.openqa.selenium.remote.service.DriverCommandExecutor.invokeExecute(DriverCommandExecutor.java:183)\r\n\tat org.openqa.selenium.remote.service.DriverCommandExecutor.execute(DriverCommandExecutor.java:158)\r\n\tat org.openqa.selenium.remote.RemoteWebDriver.execute(RemoteWebDriver.java:543)\r\n\tat org.openqa.selenium.remote.RemoteWebDriver.startSession(RemoteWebDriver.java:229)\r\n\tat org.openqa.selenium.remote.RemoteWebDriver.<init>(RemoteWebDriver.java:157)\r\n\tat org.openqa.selenium.chromium.ChromiumDriver.<init>(ChromiumDriver.java:101)\r\n\tat org.openqa.selenium.chrome.ChromeDriver.<init>(ChromeDriver.java:88)\r\n\tat org.openqa.selenium.chrome.ChromeDriver.<init>(ChromeDriver.java:84)\r\n\tat org.openqa.selenium.chrome.ChromeDriver.<init>(ChromeDriver.java:73)\r\n\tat Test.baseTest.getDriver(baseTest.java:15)\r\n\tat com.ryan.webUITest.stepDef.CucumberBA.beforeTest(CucumberBA.java:10)\r\n","duration":722639600,"status":"failed"},"match":{"location":"com.ryan.webUITest.stepDef.CucumberBA.beforeTest()"}}],"line":80,"name":"[negative] invalid login (scenario outline)","description":"","id":"login;[negative]-invalid-login-(scenario-outline);;6","after":[{"result":{"error_message":"java.lang.NullPointerException\r\n\tat com.ryan.webUITest.stepDef.CucumberBA.afterTest(CucumberBA.java:14)\r\n","status":"failed"},"match":{"location":"com.ryan.webUITest.stepDef.CucumberBA.afterTest()"}}],"type":"scenario","keyword":"Scenario Outline","steps":[{"result":{"status":"skipped"},"line":69,"name":"user is on login page","match":{"location":"com.ryan.webUITest.stepDef.loginStepDef.userIsOnLoginPage()"},"keyword":"Given "},{"result":{"status":"skipped"},"line":70,"name":"user input username with \"\"","match":{"arguments":[{"val":"\"\"","offset":25}],"location":"com.ryan.webUITest.stepDef.loginStepDef.userInputUsernameWith(java.lang.String)"},"keyword":"And "},{"result":{"status":"skipped"},"line":71,"name":"user input password with \"\"","match":{"arguments":[{"val":"\"\"","offset":25}],"location":"com.ryan.webUITest.stepDef.loginStepDef.userInputPasswordWith(java.lang.String)"},"keyword":"And "},{"result":{"status":"skipped"},"line":72,"name":"user click login button","match":{"location":"com.ryan.webUITest.stepDef.loginStepDef.userClickLoginButton()"},"keyword":"When "},{"result":{"status":"skipped"},"line":73,"name":"user get error message \"Please fill out Username and Password.\"","match":{"arguments":[{"val":"\"Please fill out Username and Password.\"","offset":23}],"location":"com.ryan.webUITest.stepDef.loginStepDef.userGetErrorMessage(java.lang.String)"},"keyword":"Then "}],"tags":[{"name":"@web"},{"name":"@[negative]_invalid_login_(scenario_outline)"}]},{"start_timestamp":"2023-09-25T16:35:03.603Z","before":[{"result":{"error_message":"org.openqa.selenium.SessionNotCreatedException: Could not start a new session. Response code 500. Message: session not created: This version of ChromeDriver only supports Chrome version 114\nCurrent browser version is 117.0.5938.89 with binary path C:\\Program Files\\Google\\Chrome\\Application\\chrome.exe \nHost info: host: 'fv-az192-725', ip: '10.1.40.1'\nBuild info: version: '4.9.1', revision: 'eb2032df7f'\nSystem info: os.name: 'Windows Server 2022', os.arch: 'amd64', os.version: '10.0', java.version: '11.0.20.1'\nDriver info: org.openqa.selenium.chrome.ChromeDriver\nCommand: [null, newSession {capabilities=[Capabilities {browserName: chrome, goog:chromeOptions: {args: [--remote-allow-origins=*, --headless], extensions: []}}]}]\r\n\tat org.openqa.selenium.remote.ProtocolHandshake.createSession(ProtocolHandshake.java:136)\r\n\tat org.openqa.selenium.remote.ProtocolHandshake.createSession(ProtocolHandshake.java:94)\r\n\tat org.openqa.selenium.remote.ProtocolHandshake.createSession(ProtocolHandshake.java:68)\r\n\tat org.openqa.selenium.remote.HttpCommandExecutor.execute(HttpCommandExecutor.java:165)\r\n\tat org.openqa.selenium.remote.service.DriverCommandExecutor.invokeExecute(DriverCommandExecutor.java:183)\r\n\tat org.openqa.selenium.remote.service.DriverCommandExecutor.execute(DriverCommandExecutor.java:158)\r\n\tat org.openqa.selenium.remote.RemoteWebDriver.execute(RemoteWebDriver.java:543)\r\n\tat org.openqa.selenium.remote.RemoteWebDriver.startSession(RemoteWebDriver.java:229)\r\n\tat org.openqa.selenium.remote.RemoteWebDriver.<init>(RemoteWebDriver.java:157)\r\n\tat org.openqa.selenium.chromium.ChromiumDriver.<init>(ChromiumDriver.java:101)\r\n\tat org.openqa.selenium.chrome.ChromeDriver.<init>(ChromeDriver.java:88)\r\n\tat org.openqa.selenium.chrome.ChromeDriver.<init>(ChromeDriver.java:84)\r\n\tat org.openqa.selenium.chrome.ChromeDriver.<init>(ChromeDriver.java:73)\r\n\tat Test.baseTest.getDriver(baseTest.java:15)\r\n\tat com.ryan.webUITest.stepDef.CucumberBA.beforeTest(CucumberBA.java:10)\r\n","duration":700822400,"status":"failed"},"match":{"location":"com.ryan.webUITest.stepDef.CucumberBA.beforeTest()"}}],"line":83,"name":"[negative] cancel login input username and password (close)","description":"","id":"login;[negative]-cancel-login-input-username-and-password-(close)","after":[{"result":{"error_message":"java.lang.NullPointerException\r\n\tat com.ryan.webUITest.stepDef.CucumberBA.afterTest(CucumberBA.java:14)\r\n","status":"failed"},"match":{"location":"com.ryan.webUITest.stepDef.CucumberBA.afterTest()"}}],"type":"scenario","keyword":"Scenario","steps":[{"result":{"status":"skipped"},"line":84,"name":"user is on login page","match":{"location":"com.ryan.webUITest.stepDef.loginStepDef.userIsOnLoginPage()"},"keyword":"Given "},{"result":{"status":"skipped"},"line":85,"name":"user input username with \"harianto1\"","match":{"arguments":[{"val":"\"harianto1\"","offset":25}],"location":"com.ryan.webUITest.stepDef.loginStepDef.userInputUsernameWith(java.lang.String)"},"keyword":"And "},{"result":{"status":"skipped"},"line":86,"name":"user input password with \"t3st1ng\"","match":{"arguments":[{"val":"\"t3st1ng\"","offset":25}],"location":"com.ryan.webUITest.stepDef.loginStepDef.userInputPasswordWith(java.lang.String)"},"keyword":"And "},{"result":{"status":"skipped"},"line":87,"name":"user click on close button","match":{"location":"com.ryan.webUITest.stepDef.loginStepDef.userClickOnCloseButton()"},"keyword":"When "},{"result":{"status":"skipped"},"line":88,"name":"user is on first page","match":{"location":"com.ryan.webUITest.stepDef.loginStepDef.userIsOnFirstPage()"},"keyword":"Then "}],"tags":[{"name":"@web"},{"name":"@[negative]_cancel_login_(input_username)_(input_password)_(close)"}]},{"start_timestamp":"2023-09-25T16:35:04.303Z","before":[{"result":{"error_message":"org.openqa.selenium.SessionNotCreatedException: Could not start a new session. Response code 500. Message: session not created: This version of ChromeDriver only supports Chrome version 114\nCurrent browser version is 117.0.5938.89 with binary path C:\\Program Files\\Google\\Chrome\\Application\\chrome.exe \nHost info: host: 'fv-az192-725', ip: '10.1.40.1'\nBuild info: version: '4.9.1', revision: 'eb2032df7f'\nSystem info: os.name: 'Windows Server 2022', os.arch: 'amd64', os.version: '10.0', java.version: '11.0.20.1'\nDriver info: org.openqa.selenium.chrome.ChromeDriver\nCommand: [null, newSession {capabilities=[Capabilities {browserName: chrome, goog:chromeOptions: {args: [--remote-allow-origins=*, --headless], extensions: []}}]}]\r\n\tat org.openqa.selenium.remote.ProtocolHandshake.createSession(ProtocolHandshake.java:136)\r\n\tat org.openqa.selenium.remote.ProtocolHandshake.createSession(ProtocolHandshake.java:94)\r\n\tat org.openqa.selenium.remote.ProtocolHandshake.createSession(ProtocolHandshake.java:68)\r\n\tat org.openqa.selenium.remote.HttpCommandExecutor.execute(HttpCommandExecutor.java:165)\r\n\tat org.openqa.selenium.remote.service.DriverCommandExecutor.invokeExecute(DriverCommandExecutor.java:183)\r\n\tat org.openqa.selenium.remote.service.DriverCommandExecutor.execute(DriverCommandExecutor.java:158)\r\n\tat org.openqa.selenium.remote.RemoteWebDriver.execute(RemoteWebDriver.java:543)\r\n\tat org.openqa.selenium.remote.RemoteWebDriver.startSession(RemoteWebDriver.java:229)\r\n\tat org.openqa.selenium.remote.RemoteWebDriver.<init>(RemoteWebDriver.java:157)\r\n\tat org.openqa.selenium.chromium.ChromiumDriver.<init>(ChromiumDriver.java:101)\r\n\tat org.openqa.selenium.chrome.ChromeDriver.<init>(ChromeDriver.java:88)\r\n\tat org.openqa.selenium.chrome.ChromeDriver.<init>(ChromeDriver.java:84)\r\n\tat org.openqa.selenium.chrome.ChromeDriver.<init>(ChromeDriver.java:73)\r\n\tat Test.baseTest.getDriver(baseTest.java:15)\r\n\tat com.ryan.webUITest.stepDef.CucumberBA.beforeTest(CucumberBA.java:10)\r\n","duration":783861600,"status":"failed"},"match":{"location":"com.ryan.webUITest.stepDef.CucumberBA.beforeTest()"}}],"line":91,"name":"[negative] cancel login input username and blank password (close)","description":"","id":"login;[negative]-cancel-login-input-username-and-blank-password-(close)","after":[{"result":{"error_message":"java.lang.NullPointerException\r\n\tat com.ryan.webUITest.stepDef.CucumberBA.afterTest(CucumberBA.java:14)\r\n","status":"failed"},"match":{"location":"com.ryan.webUITest.stepDef.CucumberBA.afterTest()"}}],"type":"scenario","keyword":"Scenario","steps":[{"result":{"status":"skipped"},"line":92,"name":"user is on login page","match":{"location":"com.ryan.webUITest.stepDef.loginStepDef.userIsOnLoginPage()"},"keyword":"Given "},{"result":{"status":"skipped"},"line":93,"name":"user input username with \"harianto1\"","match":{"arguments":[{"val":"\"harianto1\"","offset":25}],"location":"com.ryan.webUITest.stepDef.loginStepDef.userInputUsernameWith(java.lang.String)"},"keyword":"And "},{"result":{"status":"skipped"},"line":94,"name":"user input password with \"\"","match":{"arguments":[{"val":"\"\"","offset":25}],"location":"com.ryan.webUITest.stepDef.loginStepDef.userInputPasswordWith(java.lang.String)"},"keyword":"And "},{"result":{"status":"skipped"},"line":95,"name":"user click on close button","match":{"location":"com.ryan.webUITest.stepDef.loginStepDef.userClickOnCloseButton()"},"keyword":"When "},{"result":{"status":"skipped"},"line":96,"name":"user is on first page","match":{"location":"com.ryan.webUITest.stepDef.loginStepDef.userIsOnFirstPage()"},"keyword":"Then "}],"tags":[{"name":"@web"},{"name":"@[negative]_cancel_login_(input_username)_(blank_password)_(close)"}]},{"start_timestamp":"2023-09-25T16:35:05.087Z","before":[{"result":{"error_message":"org.openqa.selenium.SessionNotCreatedException: Could not start a new session. Response code 500. Message: session not created: This version of ChromeDriver only supports Chrome version 114\nCurrent browser version is 117.0.5938.89 with binary path C:\\Program Files\\Google\\Chrome\\Application\\chrome.exe \nHost info: host: 'fv-az192-725', ip: '10.1.40.1'\nBuild info: version: '4.9.1', revision: 'eb2032df7f'\nSystem info: os.name: 'Windows Server 2022', os.arch: 'amd64', os.version: '10.0', java.version: '11.0.20.1'\nDriver info: org.openqa.selenium.chrome.ChromeDriver\nCommand: [null, newSession {capabilities=[Capabilities {browserName: chrome, goog:chromeOptions: {args: [--remote-allow-origins=*, --headless], extensions: []}}]}]\r\n\tat org.openqa.selenium.remote.ProtocolHandshake.createSession(ProtocolHandshake.java:136)\r\n\tat org.openqa.selenium.remote.ProtocolHandshake.createSession(ProtocolHandshake.java:94)\r\n\tat org.openqa.selenium.remote.ProtocolHandshake.createSession(ProtocolHandshake.java:68)\r\n\tat org.openqa.selenium.remote.HttpCommandExecutor.execute(HttpCommandExecutor.java:165)\r\n\tat org.openqa.selenium.remote.service.DriverCommandExecutor.invokeExecute(DriverCommandExecutor.java:183)\r\n\tat org.openqa.selenium.remote.service.DriverCommandExecutor.execute(DriverCommandExecutor.java:158)\r\n\tat org.openqa.selenium.remote.RemoteWebDriver.execute(RemoteWebDriver.java:543)\r\n\tat org.openqa.selenium.remote.RemoteWebDriver.startSession(RemoteWebDriver.java:229)\r\n\tat org.openqa.selenium.remote.RemoteWebDriver.<init>(RemoteWebDriver.java:157)\r\n\tat org.openqa.selenium.chromium.ChromiumDriver.<init>(ChromiumDriver.java:101)\r\n\tat org.openqa.selenium.chrome.ChromeDriver.<init>(ChromeDriver.java:88)\r\n\tat org.openqa.selenium.chrome.ChromeDriver.<init>(ChromeDriver.java:84)\r\n\tat org.openqa.selenium.chrome.ChromeDriver.<init>(ChromeDriver.java:73)\r\n\tat Test.baseTest.getDriver(baseTest.java:15)\r\n\tat com.ryan.webUITest.stepDef.CucumberBA.beforeTest(CucumberBA.java:10)\r\n","duration":806631900,"status":"failed"},"match":{"location":"com.ryan.webUITest.stepDef.CucumberBA.beforeTest()"}}],"line":99,"name":"[negative] cancel login input username and blank password (close)","description":"","id":"login;[negative]-cancel-login-input-username-and-blank-password-(close)","after":[{"result":{"error_message":"java.lang.NullPointerException\r\n\tat com.ryan.webUITest.stepDef.CucumberBA.afterTest(CucumberBA.java:14)\r\n","status":"failed"},"match":{"location":"com.ryan.webUITest.stepDef.CucumberBA.afterTest()"}}],"type":"scenario","keyword":"Scenario","steps":[{"result":{"status":"skipped"},"line":100,"name":"user is on login page","match":{"location":"com.ryan.webUITest.stepDef.loginStepDef.userIsOnLoginPage()"},"keyword":"Given "},{"result":{"status":"skipped"},"line":101,"name":"user input username with \"\"","match":{"arguments":[{"val":"\"\"","offset":25}],"location":"com.ryan.webUITest.stepDef.loginStepDef.userInputUsernameWith(java.lang.String)"},"keyword":"And "},{"result":{"status":"skipped"},"line":102,"name":"user input password with \"t3st1ng\"","match":{"arguments":[{"val":"\"t3st1ng\"","offset":25}],"location":"com.ryan.webUITest.stepDef.loginStepDef.userInputPasswordWith(java.lang.String)"},"keyword":"And "},{"result":{"status":"skipped"},"line":103,"name":"user click on close button","match":{"location":"com.ryan.webUITest.stepDef.loginStepDef.userClickOnCloseButton()"},"keyword":"When "},{"result":{"status":"skipped"},"line":104,"name":"user is on first page","match":{"location":"com.ryan.webUITest.stepDef.loginStepDef.userIsOnFirstPage()"},"keyword":"Then "}],"tags":[{"name":"@web"},{"name":"@[negative]_cancel_login_(blank_username)_(input_password)_(close)"}]},{"start_timestamp":"2023-09-25T16:35:05.894Z","before":[{"result":{"error_message":"org.openqa.selenium.SessionNotCreatedException: Could not start a new session. Response code 500. Message: session not created: This version of ChromeDriver only supports Chrome version 114\nCurrent browser version is 117.0.5938.89 with binary path C:\\Program Files\\Google\\Chrome\\Application\\chrome.exe \nHost info: host: 'fv-az192-725', ip: '10.1.40.1'\nBuild info: version: '4.9.1', revision: 'eb2032df7f'\nSystem info: os.name: 'Windows Server 2022', os.arch: 'amd64', os.version: '10.0', java.version: '11.0.20.1'\nDriver info: org.openqa.selenium.chrome.ChromeDriver\nCommand: [null, newSession {capabilities=[Capabilities {browserName: chrome, goog:chromeOptions: {args: [--remote-allow-origins=*, --headless], extensions: []}}]}]\r\n\tat org.openqa.selenium.remote.ProtocolHandshake.createSession(ProtocolHandshake.java:136)\r\n\tat org.openqa.selenium.remote.ProtocolHandshake.createSession(ProtocolHandshake.java:94)\r\n\tat org.openqa.selenium.remote.ProtocolHandshake.createSession(ProtocolHandshake.java:68)\r\n\tat org.openqa.selenium.remote.HttpCommandExecutor.execute(HttpCommandExecutor.java:165)\r\n\tat org.openqa.selenium.remote.service.DriverCommandExecutor.invokeExecute(DriverCommandExecutor.java:183)\r\n\tat org.openqa.selenium.remote.service.DriverCommandExecutor.execute(DriverCommandExecutor.java:158)\r\n\tat org.openqa.selenium.remote.RemoteWebDriver.execute(RemoteWebDriver.java:543)\r\n\tat org.openqa.selenium.remote.RemoteWebDriver.startSession(RemoteWebDriver.java:229)\r\n\tat org.openqa.selenium.remote.RemoteWebDriver.<init>(RemoteWebDriver.java:157)\r\n\tat org.openqa.selenium.chromium.ChromiumDriver.<init>(ChromiumDriver.java:101)\r\n\tat org.openqa.selenium.chrome.ChromeDriver.<init>(ChromeDriver.java:88)\r\n\tat org.openqa.selenium.chrome.ChromeDriver.<init>(ChromeDriver.java:84)\r\n\tat org.openqa.selenium.chrome.ChromeDriver.<init>(ChromeDriver.java:73)\r\n\tat Test.baseTest.getDriver(baseTest.java:15)\r\n\tat com.ryan.webUITest.stepDef.CucumberBA.beforeTest(CucumberBA.java:10)\r\n","duration":708617600,"status":"failed"},"match":{"location":"com.ryan.webUITest.stepDef.CucumberBA.beforeTest()"}}],"line":107,"name":"[negative] cancel login input username and blank password (close)","description":"","id":"login;[negative]-cancel-login-input-username-and-blank-password-(close)","after":[{"result":{"error_message":"java.lang.NullPointerException\r\n\tat com.ryan.webUITest.stepDef.CucumberBA.afterTest(CucumberBA.java:14)\r\n","status":"failed"},"match":{"location":"com.ryan.webUITest.stepDef.CucumberBA.afterTest()"}}],"type":"scenario","keyword":"Scenario","steps":[{"result":{"status":"skipped"},"line":108,"name":"user is on login page","match":{"location":"com.ryan.webUITest.stepDef.loginStepDef.userIsOnLoginPage()"},"keyword":"Given "},{"result":{"status":"skipped"},"line":109,"name":"user input username with \"\"","match":{"arguments":[{"val":"\"\"","offset":25}],"location":"com.ryan.webUITest.stepDef.loginStepDef.userInputUsernameWith(java.lang.String)"},"keyword":"And "},{"result":{"status":"skipped"},"line":110,"name":"user input password with \"\"","match":{"arguments":[{"val":"\"\"","offset":25}],"location":"com.ryan.webUITest.stepDef.loginStepDef.userInputPasswordWith(java.lang.String)"},"keyword":"And "},{"result":{"status":"skipped"},"line":111,"name":"user click on close button","match":{"location":"com.ryan.webUITest.stepDef.loginStepDef.userClickOnCloseButton()"},"keyword":"When "},{"result":{"status":"skipped"},"line":112,"name":"user is on first page","match":{"location":"com.ryan.webUITest.stepDef.loginStepDef.userIsOnFirstPage()"},"keyword":"Then "}],"tags":[{"name":"@web"},{"name":"@[negative]_cancel_login_(blank_username)_(blank_password)_(close)"}]}],"name":"Login","description":"","id":"login","keyword":"Feature","uri":"file:src/test/resources/web/login.feature","tags":[{"name":"@web","type":"Tag","location":{"line":1,"column":1}}]},{"line":2,"elements":[{"start_timestamp":"2023-09-25T16:35:06.603Z","before":[{"result":{"error_message":"org.openqa.selenium.SessionNotCreatedException: Could not start a new session. Response code 500. Message: session not created: This version of ChromeDriver only supports Chrome version 114\nCurrent browser version is 117.0.5938.89 with binary path C:\\Program Files\\Google\\Chrome\\Application\\chrome.exe \nHost info: host: 'fv-az192-725', ip: '10.1.40.1'\nBuild info: version: '4.9.1', revision: 'eb2032df7f'\nSystem info: os.name: 'Windows Server 2022', os.arch: 'amd64', os.version: '10.0', java.version: '11.0.20.1'\nDriver info: org.openqa.selenium.chrome.ChromeDriver\nCommand: [null, newSession {capabilities=[Capabilities {browserName: chrome, goog:chromeOptions: {args: [--remote-allow-origins=*, --headless], extensions: []}}]}]\r\n\tat org.openqa.selenium.remote.ProtocolHandshake.createSession(ProtocolHandshake.java:136)\r\n\tat org.openqa.selenium.remote.ProtocolHandshake.createSession(ProtocolHandshake.java:94)\r\n\tat org.openqa.selenium.remote.ProtocolHandshake.createSession(ProtocolHandshake.java:68)\r\n\tat org.openqa.selenium.remote.HttpCommandExecutor.execute(HttpCommandExecutor.java:165)\r\n\tat org.openqa.selenium.remote.service.DriverCommandExecutor.invokeExecute(DriverCommandExecutor.java:183)\r\n\tat org.openqa.selenium.remote.service.DriverCommandExecutor.execute(DriverCommandExecutor.java:158)\r\n\tat org.openqa.selenium.remote.RemoteWebDriver.execute(RemoteWebDriver.java:543)\r\n\tat org.openqa.selenium.remote.RemoteWebDriver.startSession(RemoteWebDriver.java:229)\r\n\tat org.openqa.selenium.remote.RemoteWebDriver.<init>(RemoteWebDriver.java:157)\r\n\tat org.openqa.selenium.chromium.ChromiumDriver.<init>(ChromiumDriver.java:101)\r\n\tat org.openqa.selenium.chrome.ChromeDriver.<init>(ChromeDriver.java:88)\r\n\tat org.openqa.selenium.chrome.ChromeDriver.<init>(ChromeDriver.java:84)\r\n\tat org.openqa.selenium.chrome.ChromeDriver.<init>(ChromeDriver.java:73)\r\n\tat Test.baseTest.getDriver(baseTest.java:15)\r\n\tat com.ryan.webUITest.stepDef.CucumberBA.beforeTest(CucumberBA.java:10)\r\n","duration":715772600,"status":"failed"},"match":{"location":"com.ryan.webUITest.stepDef.CucumberBA.beforeTest()"}}],"line":5,"name":"Logout from website","description":"","id":"logout;logout-from-website","after":[{"result":{"error_message":"java.lang.NullPointerException\r\n\tat com.ryan.webUITest.stepDef.CucumberBA.afterTest(CucumberBA.java:14)\r\n","status":"failed"},"match":{"location":"com.ryan.webUITest.stepDef.CucumberBA.afterTest()"}}],"type":"scenario","keyword":"Scenario","steps":[{"result":{"status":"skipped"},"line":6,"name":"user is on home page","match":{"location":"com.ryan.webUITest.stepDef.logoutStepDef.userIsOnHomePage()"},"keyword":"Given "},{"result":{"status":"skipped"},"line":7,"name":"user click logout button","match":{"location":"com.ryan.webUITest.stepDef.logoutStepDef.userClickLogoutButton()"},"keyword":"When "},{"result":{"status":"skipped"},"line":8,"name":"user on at first page","match":{"location":"com.ryan.webUITest.stepDef.logoutStepDef.userOnAtFirstPage()"},"keyword":"Then "}],"tags":[{"name":"@web"},{"name":"@valid_logout"}]}],"name":"Logout","description":"","id":"logout","keyword":"Feature","uri":"file:src/test/resources/web/logout.feature","tags":[{"name":"@web","type":"Tag","location":{"line":1,"column":1}}]},{"line":2,"elements":[{"start_timestamp":"2023-09-25T16:35:07.318Z","before":[{"result":{"error_message":"org.openqa.selenium.SessionNotCreatedException: Could not start a new session. Response code 500. Message: session not created: This version of ChromeDriver only supports Chrome version 114\nCurrent browser version is 117.0.5938.89 with binary path C:\\Program Files\\Google\\Chrome\\Application\\chrome.exe \nHost info: host: 'fv-az192-725', ip: '10.1.40.1'\nBuild info: version: '4.9.1', revision: 'eb2032df7f'\nSystem info: os.name: 'Windows Server 2022', os.arch: 'amd64', os.version: '10.0', java.version: '11.0.20.1'\nDriver info: org.openqa.selenium.chrome.ChromeDriver\nCommand: [null, newSession {capabilities=[Capabilities {browserName: chrome, goog:chromeOptions: {args: [--remote-allow-origins=*, --headless], extensions: []}}]}]\r\n\tat org.openqa.selenium.remote.ProtocolHandshake.createSession(ProtocolHandshake.java:136)\r\n\tat org.openqa.selenium.remote.ProtocolHandshake.createSession(ProtocolHandshake.java:94)\r\n\tat org.openqa.selenium.remote.ProtocolHandshake.createSession(ProtocolHandshake.java:68)\r\n\tat org.openqa.selenium.remote.HttpCommandExecutor.execute(HttpCommandExecutor.java:165)\r\n\tat org.openqa.selenium.remote.service.DriverCommandExecutor.invokeExecute(DriverCommandExecutor.java:183)\r\n\tat org.openqa.selenium.remote.service.DriverCommandExecutor.execute(DriverCommandExecutor.java:158)\r\n\tat org.openqa.selenium.remote.RemoteWebDriver.execute(RemoteWebDriver.java:543)\r\n\tat org.openqa.selenium.remote.RemoteWebDriver.startSession(RemoteWebDriver.java:229)\r\n\tat org.openqa.selenium.remote.RemoteWebDriver.<init>(RemoteWebDriver.java:157)\r\n\tat org.openqa.selenium.chromium.ChromiumDriver.<init>(ChromiumDriver.java:101)\r\n\tat org.openqa.selenium.chrome.ChromeDriver.<init>(ChromeDriver.java:88)\r\n\tat org.openqa.selenium.chrome.ChromeDriver.<init>(ChromeDriver.java:84)\r\n\tat org.openqa.selenium.chrome.ChromeDriver.<init>(ChromeDriver.java:73)\r\n\tat Test.baseTest.getDriver(baseTest.java:15)\r\n\tat com.ryan.webUITest.stepDef.CucumberBA.beforeTest(CucumberBA.java:10)\r\n","duration":721850600,"status":"failed"},"match":{"location":"com.ryan.webUITest.stepDef.CucumberBA.beforeTest()"}}],"line":5,"name":"[negative] signup with existing username (harianto1)","description":"","id":"signup;[negative]-signup-with-existing-username-(harianto1)","after":[{"result":{"error_message":"java.lang.NullPointerException\r\n\tat com.ryan.webUITest.stepDef.CucumberBA.afterTest(CucumberBA.java:14)\r\n","status":"failed"},"match":{"location":"com.ryan.webUITest.stepDef.CucumberBA.afterTest()"}}],"type":"scenario","keyword":"Scenario","steps":[{"result":{"status":"skipped"},"line":6,"name":"user is on signup page","match":{"location":"com.ryan.webUITest.stepDef.signupStepDef.userIsOnSignupPage()"},"keyword":"Given "},{"result":{"status":"skipped"},"line":7,"name":"user input username signup with \"harianto1\"","match":{"arguments":[{"val":"\"harianto1\"","offset":32}],"location":"com.ryan.webUITest.stepDef.signupStepDef.userInputUsernameSignupWith(java.lang.String)"},"keyword":"And "},{"result":{"status":"skipped"},"line":8,"name":"user input password signup with \"t3st1ng\"","match":{"arguments":[{"val":"\"t3st1ng\"","offset":32}],"location":"com.ryan.webUITest.stepDef.signupStepDef.userInputPasswordSignupWith(java.lang.String)"},"keyword":"And "},{"result":{"status":"skipped"},"line":9,"name":"user click sign up button","match":{"location":"com.ryan.webUITest.stepDef.signupStepDef.userClickSignUpButton()"},"keyword":"When "},{"result":{"status":"skipped"},"line":10,"name":"user get error message \"This user already exist.\"","match":{"arguments":[{"val":"\"This user already exist.\"","offset":23}],"location":"com.ryan.webUITest.stepDef.loginStepDef.userGetErrorMessage(java.lang.String)"},"keyword":"Then "}],"tags":[{"name":"@web"},{"name":"@[negative]_signup_existing_username_(harianto1)"}]},{"start_timestamp":"2023-09-25T16:35:08.040Z","before":[{"result":{"error_message":"org.openqa.selenium.SessionNotCreatedException: Could not start a new session. Response code 500. Message: session not created: This version of ChromeDriver only supports Chrome version 114\nCurrent browser version is 117.0.5938.89 with binary path C:\\Program Files\\Google\\Chrome\\Application\\chrome.exe \nHost info: host: 'fv-az192-725', ip: '10.1.40.1'\nBuild info: version: '4.9.1', revision: 'eb2032df7f'\nSystem info: os.name: 'Windows Server 2022', os.arch: 'amd64', os.version: '10.0', java.version: '11.0.20.1'\nDriver info: org.openqa.selenium.chrome.ChromeDriver\nCommand: [null, newSession {capabilities=[Capabilities {browserName: chrome, goog:chromeOptions: {args: [--remote-allow-origins=*, --headless], extensions: []}}]}]\r\n\tat org.openqa.selenium.remote.ProtocolHandshake.createSession(ProtocolHandshake.java:136)\r\n\tat org.openqa.selenium.remote.ProtocolHandshake.createSession(ProtocolHandshake.java:94)\r\n\tat org.openqa.selenium.remote.ProtocolHandshake.createSession(ProtocolHandshake.java:68)\r\n\tat org.openqa.selenium.remote.HttpCommandExecutor.execute(HttpCommandExecutor.java:165)\r\n\tat org.openqa.selenium.remote.service.DriverCommandExecutor.invokeExecute(DriverCommandExecutor.java:183)\r\n\tat org.openqa.selenium.remote.service.DriverCommandExecutor.execute(DriverCommandExecutor.java:158)\r\n\tat org.openqa.selenium.remote.RemoteWebDriver.execute(RemoteWebDriver.java:543)\r\n\tat org.openqa.selenium.remote.RemoteWebDriver.startSession(RemoteWebDriver.java:229)\r\n\tat org.openqa.selenium.remote.RemoteWebDriver.<init>(RemoteWebDriver.java:157)\r\n\tat org.openqa.selenium.chromium.ChromiumDriver.<init>(ChromiumDriver.java:101)\r\n\tat org.openqa.selenium.chrome.ChromeDriver.<init>(ChromeDriver.java:88)\r\n\tat org.openqa.selenium.chrome.ChromeDriver.<init>(ChromeDriver.java:84)\r\n\tat org.openqa.selenium.chrome.ChromeDriver.<init>(ChromeDriver.java:73)\r\n\tat Test.baseTest.getDriver(baseTest.java:15)\r\n\tat com.ryan.webUITest.stepDef.CucumberBA.beforeTest(CucumberBA.java:10)\r\n","duration":746927600,"status":"failed"},"match":{"location":"com.ryan.webUITest.stepDef.CucumberBA.beforeTest()"}}],"line":21,"name":"[negative] signup with existing username (scenario outline)","description":"","id":"signup;[negative]-signup-with-existing-username-(scenario-outline);;2","after":[{"result":{"error_message":"java.lang.NullPointerException\r\n\tat com.ryan.webUITest.stepDef.CucumberBA.afterTest(CucumberBA.java:14)\r\n","status":"failed"},"match":{"location":"com.ryan.webUITest.stepDef.CucumberBA.afterTest()"}}],"type":"scenario","keyword":"Scenario Outline","steps":[{"result":{"status":"skipped"},"line":14,"name":"user is on signup page","match":{"location":"com.ryan.webUITest.stepDef.signupStepDef.userIsOnSignupPage()"},"keyword":"Given "},{"result":{"status":"skipped"},"line":15,"name":"user input username signup with \"harianto1\"","match":{"arguments":[{"val":"\"harianto1\"","offset":32}],"location":"com.ryan.webUITest.stepDef.signupStepDef.userInputUsernameSignupWith(java.lang.String)"},"keyword":"And "},{"result":{"status":"skipped"},"line":16,"name":"user input password signup with \"t3st1ng\"","match":{"arguments":[{"val":"\"t3st1ng\"","offset":32}],"location":"com.ryan.webUITest.stepDef.signupStepDef.userInputPasswordSignupWith(java.lang.String)"},"keyword":"And "},{"result":{"status":"skipped"},"line":17,"name":"user click sign up button","match":{"location":"com.ryan.webUITest.stepDef.signupStepDef.userClickSignUpButton()"},"keyword":"When "},{"result":{"status":"skipped"},"line":18,"name":"user get error message \"This user already exist.\"","match":{"arguments":[{"val":"\"This user already exist.\"","offset":23}],"location":"com.ryan.webUITest.stepDef.loginStepDef.userGetErrorMessage(java.lang.String)"},"keyword":"Then "}],"tags":[{"name":"@web"},{"name":"@[negative]_signup_existing_username_(scenario_outline)"}]},{"start_timestamp":"2023-09-25T16:35:08.787Z","before":[{"result":{"error_message":"org.openqa.selenium.SessionNotCreatedException: Could not start a new session. Response code 500. Message: session not created: This version of ChromeDriver only supports Chrome version 114\nCurrent browser version is 117.0.5938.89 with binary path C:\\Program Files\\Google\\Chrome\\Application\\chrome.exe \nHost info: host: 'fv-az192-725', ip: '10.1.40.1'\nBuild info: version: '4.9.1', revision: 'eb2032df7f'\nSystem info: os.name: 'Windows Server 2022', os.arch: 'amd64', os.version: '10.0', java.version: '11.0.20.1'\nDriver info: org.openqa.selenium.chrome.ChromeDriver\nCommand: [null, newSession {capabilities=[Capabilities {browserName: chrome, goog:chromeOptions: {args: [--remote-allow-origins=*, --headless], extensions: []}}]}]\r\n\tat org.openqa.selenium.remote.ProtocolHandshake.createSession(ProtocolHandshake.java:136)\r\n\tat org.openqa.selenium.remote.ProtocolHandshake.createSession(ProtocolHandshake.java:94)\r\n\tat org.openqa.selenium.remote.ProtocolHandshake.createSession(ProtocolHandshake.java:68)\r\n\tat org.openqa.selenium.remote.HttpCommandExecutor.execute(HttpCommandExecutor.java:165)\r\n\tat org.openqa.selenium.remote.service.DriverCommandExecutor.invokeExecute(DriverCommandExecutor.java:183)\r\n\tat org.openqa.selenium.remote.service.DriverCommandExecutor.execute(DriverCommandExecutor.java:158)\r\n\tat org.openqa.selenium.remote.RemoteWebDriver.execute(RemoteWebDriver.java:543)\r\n\tat org.openqa.selenium.remote.RemoteWebDriver.startSession(RemoteWebDriver.java:229)\r\n\tat org.openqa.selenium.remote.RemoteWebDriver.<init>(RemoteWebDriver.java:157)\r\n\tat org.openqa.selenium.chromium.ChromiumDriver.<init>(ChromiumDriver.java:101)\r\n\tat org.openqa.selenium.chrome.ChromeDriver.<init>(ChromeDriver.java:88)\r\n\tat org.openqa.selenium.chrome.ChromeDriver.<init>(ChromeDriver.java:84)\r\n\tat org.openqa.selenium.chrome.ChromeDriver.<init>(ChromeDriver.java:73)\r\n\tat Test.baseTest.getDriver(baseTest.java:15)\r\n\tat com.ryan.webUITest.stepDef.CucumberBA.beforeTest(CucumberBA.java:10)\r\n","duration":769429900,"status":"failed"},"match":{"location":"com.ryan.webUITest.stepDef.CucumberBA.beforeTest()"}}],"line":22,"name":"[negative] signup with existing username (scenario outline)","description":"","id":"signup;[negative]-signup-with-existing-username-(scenario-outline);;3","after":[{"result":{"error_message":"java.lang.NullPointerException\r\n\tat com.ryan.webUITest.stepDef.CucumberBA.afterTest(CucumberBA.java:14)\r\n","status":"failed"},"match":{"location":"com.ryan.webUITest.stepDef.CucumberBA.afterTest()"}}],"type":"scenario","keyword":"Scenario Outline","steps":[{"result":{"status":"skipped"},"line":14,"name":"user is on signup page","match":{"location":"com.ryan.webUITest.stepDef.signupStepDef.userIsOnSignupPage()"},"keyword":"Given "},{"result":{"status":"skipped"},"line":15,"name":"user input username signup with \"harianto2\"","match":{"arguments":[{"val":"\"harianto2\"","offset":32}],"location":"com.ryan.webUITest.stepDef.signupStepDef.userInputUsernameSignupWith(java.lang.String)"},"keyword":"And "},{"result":{"status":"skipped"},"line":16,"name":"user input password signup with \"t3st1ng\"","match":{"arguments":[{"val":"\"t3st1ng\"","offset":32}],"location":"com.ryan.webUITest.stepDef.signupStepDef.userInputPasswordSignupWith(java.lang.String)"},"keyword":"And "},{"result":{"status":"skipped"},"line":17,"name":"user click sign up button","match":{"location":"com.ryan.webUITest.stepDef.signupStepDef.userClickSignUpButton()"},"keyword":"When "},{"result":{"status":"skipped"},"line":18,"name":"user get error message \"This user already exist.\"","match":{"arguments":[{"val":"\"This user already exist.\"","offset":23}],"location":"com.ryan.webUITest.stepDef.loginStepDef.userGetErrorMessage(java.lang.String)"},"keyword":"Then "}],"tags":[{"name":"@web"},{"name":"@[negative]_signup_existing_username_(scenario_outline)"}]},{"start_timestamp":"2023-09-25T16:35:09.557Z","before":[{"result":{"error_message":"org.openqa.selenium.SessionNotCreatedException: Could not start a new session. Response code 500. Message: session not created: This version of ChromeDriver only supports Chrome version 114\nCurrent browser version is 117.0.5938.89 with binary path C:\\Program Files\\Google\\Chrome\\Application\\chrome.exe \nHost info: host: 'fv-az192-725', ip: '10.1.40.1'\nBuild info: version: '4.9.1', revision: 'eb2032df7f'\nSystem info: os.name: 'Windows Server 2022', os.arch: 'amd64', os.version: '10.0', java.version: '11.0.20.1'\nDriver info: org.openqa.selenium.chrome.ChromeDriver\nCommand: [null, newSession {capabilities=[Capabilities {browserName: chrome, goog:chromeOptions: {args: [--remote-allow-origins=*, --headless], extensions: []}}]}]\r\n\tat org.openqa.selenium.remote.ProtocolHandshake.createSession(ProtocolHandshake.java:136)\r\n\tat org.openqa.selenium.remote.ProtocolHandshake.createSession(ProtocolHandshake.java:94)\r\n\tat org.openqa.selenium.remote.ProtocolHandshake.createSession(ProtocolHandshake.java:68)\r\n\tat org.openqa.selenium.remote.HttpCommandExecutor.execute(HttpCommandExecutor.java:165)\r\n\tat org.openqa.selenium.remote.service.DriverCommandExecutor.invokeExecute(DriverCommandExecutor.java:183)\r\n\tat org.openqa.selenium.remote.service.DriverCommandExecutor.execute(DriverCommandExecutor.java:158)\r\n\tat org.openqa.selenium.remote.RemoteWebDriver.execute(RemoteWebDriver.java:543)\r\n\tat org.openqa.selenium.remote.RemoteWebDriver.startSession(RemoteWebDriver.java:229)\r\n\tat org.openqa.selenium.remote.RemoteWebDriver.<init>(RemoteWebDriver.java:157)\r\n\tat org.openqa.selenium.chromium.ChromiumDriver.<init>(ChromiumDriver.java:101)\r\n\tat org.openqa.selenium.chrome.ChromeDriver.<init>(ChromeDriver.java:88)\r\n\tat org.openqa.selenium.chrome.ChromeDriver.<init>(ChromeDriver.java:84)\r\n\tat org.openqa.selenium.chrome.ChromeDriver.<init>(ChromeDriver.java:73)\r\n\tat Test.baseTest.getDriver(baseTest.java:15)\r\n\tat com.ryan.webUITest.stepDef.CucumberBA.beforeTest(CucumberBA.java:10)\r\n","duration":730879400,"status":"failed"},"match":{"location":"com.ryan.webUITest.stepDef.CucumberBA.beforeTest()"}}],"line":23,"name":"[negative] signup with existing username (scenario outline)","description":"","id":"signup;[negative]-signup-with-existing-username-(scenario-outline);;4","after":[{"result":{"error_message":"java.lang.NullPointerException\r\n\tat com.ryan.webUITest.stepDef.CucumberBA.afterTest(CucumberBA.java:14)\r\n","status":"failed"},"match":{"location":"com.ryan.webUITest.stepDef.CucumberBA.afterTest()"}}],"type":"scenario","keyword":"Scenario Outline","steps":[{"result":{"status":"skipped"},"line":14,"name":"user is on signup page","match":{"location":"com.ryan.webUITest.stepDef.signupStepDef.userIsOnSignupPage()"},"keyword":"Given "},{"result":{"status":"skipped"},"line":15,"name":"user input username signup with \"harianto3\"","match":{"arguments":[{"val":"\"harianto3\"","offset":32}],"location":"com.ryan.webUITest.stepDef.signupStepDef.userInputUsernameSignupWith(java.lang.String)"},"keyword":"And "},{"result":{"status":"skipped"},"line":16,"name":"user input password signup with \"t3st1ng\"","match":{"arguments":[{"val":"\"t3st1ng\"","offset":32}],"location":"com.ryan.webUITest.stepDef.signupStepDef.userInputPasswordSignupWith(java.lang.String)"},"keyword":"And "},{"result":{"status":"skipped"},"line":17,"name":"user click sign up button","match":{"location":"com.ryan.webUITest.stepDef.signupStepDef.userClickSignUpButton()"},"keyword":"When "},{"result":{"status":"skipped"},"line":18,"name":"user get error message \"This user already exist.\"","match":{"arguments":[{"val":"\"This user already exist.\"","offset":23}],"location":"com.ryan.webUITest.stepDef.loginStepDef.userGetErrorMessage(java.lang.String)"},"keyword":"Then "}],"tags":[{"name":"@web"},{"name":"@[negative]_signup_existing_username_(scenario_outline)"}]},{"start_timestamp":"2023-09-25T16:35:10.287Z","before":[{"result":{"error_message":"org.openqa.selenium.SessionNotCreatedException: Could not start a new session. Response code 500. Message: session not created: This version of ChromeDriver only supports Chrome version 114\nCurrent browser version is 117.0.5938.89 with binary path C:\\Program Files\\Google\\Chrome\\Application\\chrome.exe \nHost info: host: 'fv-az192-725', ip: '10.1.40.1'\nBuild info: version: '4.9.1', revision: 'eb2032df7f'\nSystem info: os.name: 'Windows Server 2022', os.arch: 'amd64', os.version: '10.0', java.version: '11.0.20.1'\nDriver info: org.openqa.selenium.chrome.ChromeDriver\nCommand: [null, newSession {capabilities=[Capabilities {browserName: chrome, goog:chromeOptions: {args: [--remote-allow-origins=*, --headless], extensions: []}}]}]\r\n\tat org.openqa.selenium.remote.ProtocolHandshake.createSession(ProtocolHandshake.java:136)\r\n\tat org.openqa.selenium.remote.ProtocolHandshake.createSession(ProtocolHandshake.java:94)\r\n\tat org.openqa.selenium.remote.ProtocolHandshake.createSession(ProtocolHandshake.java:68)\r\n\tat org.openqa.selenium.remote.HttpCommandExecutor.execute(HttpCommandExecutor.java:165)\r\n\tat org.openqa.selenium.remote.service.DriverCommandExecutor.invokeExecute(DriverCommandExecutor.java:183)\r\n\tat org.openqa.selenium.remote.service.DriverCommandExecutor.execute(DriverCommandExecutor.java:158)\r\n\tat org.openqa.selenium.remote.RemoteWebDriver.execute(RemoteWebDriver.java:543)\r\n\tat org.openqa.selenium.remote.RemoteWebDriver.startSession(RemoteWebDriver.java:229)\r\n\tat org.openqa.selenium.remote.RemoteWebDriver.<init>(RemoteWebDriver.java:157)\r\n\tat org.openqa.selenium.chromium.ChromiumDriver.<init>(ChromiumDriver.java:101)\r\n\tat org.openqa.selenium.chrome.ChromeDriver.<init>(ChromeDriver.java:88)\r\n\tat org.openqa.selenium.chrome.ChromeDriver.<init>(ChromeDriver.java:84)\r\n\tat org.openqa.selenium.chrome.ChromeDriver.<init>(ChromeDriver.java:73)\r\n\tat Test.baseTest.getDriver(baseTest.java:15)\r\n\tat com.ryan.webUITest.stepDef.CucumberBA.beforeTest(CucumberBA.java:10)\r\n","duration":684891400,"status":"failed"},"match":{"location":"com.ryan.webUITest.stepDef.CucumberBA.beforeTest()"}}],"line":26,"name":"[negative] signup with blank username","description":"","id":"signup;[negative]-signup-with-blank-username","after":[{"result":{"error_message":"java.lang.NullPointerException\r\n\tat com.ryan.webUITest.stepDef.CucumberBA.afterTest(CucumberBA.java:14)\r\n","status":"failed"},"match":{"location":"com.ryan.webUITest.stepDef.CucumberBA.afterTest()"}}],"type":"scenario","keyword":"Scenario","steps":[{"result":{"status":"skipped"},"line":27,"name":"user is on signup page","match":{"location":"com.ryan.webUITest.stepDef.signupStepDef.userIsOnSignupPage()"},"keyword":"Given "},{"result":{"status":"skipped"},"line":28,"name":"user input username signup with \"\"","match":{"arguments":[{"val":"\"\"","offset":32}],"location":"com.ryan.webUITest.stepDef.signupStepDef.userInputUsernameSignupWith(java.lang.String)"},"keyword":"And "},{"result":{"status":"skipped"},"line":29,"name":"user input password signup with \"t3st1ng\"","match":{"arguments":[{"val":"\"t3st1ng\"","offset":32}],"location":"com.ryan.webUITest.stepDef.signupStepDef.userInputPasswordSignupWith(java.lang.String)"},"keyword":"And "},{"result":{"status":"skipped"},"line":30,"name":"user click sign up button","match":{"location":"com.ryan.webUITest.stepDef.signupStepDef.userClickSignUpButton()"},"keyword":"When "},{"result":{"status":"skipped"},"line":31,"name":"user get error message \"Please fill out Username and Password.\"","match":{"arguments":[{"val":"\"Please fill out Username and Password.\"","offset":23}],"location":"com.ryan.webUITest.stepDef.loginStepDef.userGetErrorMessage(java.lang.String)"},"keyword":"Then "}],"tags":[{"name":"@web"},{"name":"@[negative]_signup_(blank_username)"}]},{"start_timestamp":"2023-09-25T16:35:10.972Z","before":[{"result":{"error_message":"org.openqa.selenium.SessionNotCreatedException: Could not start a new session. Response code 500. Message: session not created: This version of ChromeDriver only supports Chrome version 114\nCurrent browser version is 117.0.5938.89 with binary path C:\\Program Files\\Google\\Chrome\\Application\\chrome.exe \nHost info: host: 'fv-az192-725', ip: '10.1.40.1'\nBuild info: version: '4.9.1', revision: 'eb2032df7f'\nSystem info: os.name: 'Windows Server 2022', os.arch: 'amd64', os.version: '10.0', java.version: '11.0.20.1'\nDriver info: org.openqa.selenium.chrome.ChromeDriver\nCommand: [null, newSession {capabilities=[Capabilities {browserName: chrome, goog:chromeOptions: {args: [--remote-allow-origins=*, --headless], extensions: []}}]}]\r\n\tat org.openqa.selenium.remote.ProtocolHandshake.createSession(ProtocolHandshake.java:136)\r\n\tat org.openqa.selenium.remote.ProtocolHandshake.createSession(ProtocolHandshake.java:94)\r\n\tat org.openqa.selenium.remote.ProtocolHandshake.createSession(ProtocolHandshake.java:68)\r\n\tat org.openqa.selenium.remote.HttpCommandExecutor.execute(HttpCommandExecutor.java:165)\r\n\tat org.openqa.selenium.remote.service.DriverCommandExecutor.invokeExecute(DriverCommandExecutor.java:183)\r\n\tat org.openqa.selenium.remote.service.DriverCommandExecutor.execute(DriverCommandExecutor.java:158)\r\n\tat org.openqa.selenium.remote.RemoteWebDriver.execute(RemoteWebDriver.java:543)\r\n\tat org.openqa.selenium.remote.RemoteWebDriver.startSession(RemoteWebDriver.java:229)\r\n\tat org.openqa.selenium.remote.RemoteWebDriver.<init>(RemoteWebDriver.java:157)\r\n\tat org.openqa.selenium.chromium.ChromiumDriver.<init>(ChromiumDriver.java:101)\r\n\tat org.openqa.selenium.chrome.ChromeDriver.<init>(ChromeDriver.java:88)\r\n\tat org.openqa.selenium.chrome.ChromeDriver.<init>(ChromeDriver.java:84)\r\n\tat org.openqa.selenium.chrome.ChromeDriver.<init>(ChromeDriver.java:73)\r\n\tat Test.baseTest.getDriver(baseTest.java:15)\r\n\tat com.ryan.webUITest.stepDef.CucumberBA.beforeTest(CucumberBA.java:10)\r\n","duration":714757300,"status":"failed"},"match":{"location":"com.ryan.webUITest.stepDef.CucumberBA.beforeTest()"}}],"line":34,"name":"[negative] signup with blank password","description":"","id":"signup;[negative]-signup-with-blank-password","after":[{"result":{"error_message":"java.lang.NullPointerException\r\n\tat com.ryan.webUITest.stepDef.CucumberBA.afterTest(CucumberBA.java:14)\r\n","status":"failed"},"match":{"location":"com.ryan.webUITest.stepDef.CucumberBA.afterTest()"}}],"type":"scenario","keyword":"Scenario","steps":[{"result":{"status":"skipped"},"line":35,"name":"user is on signup page","match":{"location":"com.ryan.webUITest.stepDef.signupStepDef.userIsOnSignupPage()"},"keyword":"Given "},{"result":{"status":"skipped"},"line":36,"name":"user input username signup with \"harianto1\"","match":{"arguments":[{"val":"\"harianto1\"","offset":32}],"location":"com.ryan.webUITest.stepDef.signupStepDef.userInputUsernameSignupWith(java.lang.String)"},"keyword":"And "},{"result":{"status":"skipped"},"line":37,"name":"user input password signup with \"\"","match":{"arguments":[{"val":"\"\"","offset":32}],"location":"com.ryan.webUITest.stepDef.signupStepDef.userInputPasswordSignupWith(java.lang.String)"},"keyword":"And "},{"result":{"status":"skipped"},"line":38,"name":"user click sign up button","match":{"location":"com.ryan.webUITest.stepDef.signupStepDef.userClickSignUpButton()"},"keyword":"When "},{"result":{"status":"skipped"},"line":39,"name":"user get error message \"Please fill out Username and Password.\"","match":{"arguments":[{"val":"\"Please fill out Username and Password.\"","offset":23}],"location":"com.ryan.webUITest.stepDef.loginStepDef.userGetErrorMessage(java.lang.String)"},"keyword":"Then "}],"tags":[{"name":"@web"},{"name":"@[negative]_signup_(blank_password)"}]},{"start_timestamp":"2023-09-25T16:35:11.687Z","before":[{"result":{"error_message":"org.openqa.selenium.SessionNotCreatedException: Could not start a new session. Response code 500. Message: session not created: This version of ChromeDriver only supports Chrome version 114\nCurrent browser version is 117.0.5938.89 with binary path C:\\Program Files\\Google\\Chrome\\Application\\chrome.exe \nHost info: host: 'fv-az192-725', ip: '10.1.40.1'\nBuild info: version: '4.9.1', revision: 'eb2032df7f'\nSystem info: os.name: 'Windows Server 2022', os.arch: 'amd64', os.version: '10.0', java.version: '11.0.20.1'\nDriver info: org.openqa.selenium.chrome.ChromeDriver\nCommand: [null, newSession {capabilities=[Capabilities {browserName: chrome, goog:chromeOptions: {args: [--remote-allow-origins=*, --headless], extensions: []}}]}]\r\n\tat org.openqa.selenium.remote.ProtocolHandshake.createSession(ProtocolHandshake.java:136)\r\n\tat org.openqa.selenium.remote.ProtocolHandshake.createSession(ProtocolHandshake.java:94)\r\n\tat org.openqa.selenium.remote.ProtocolHandshake.createSession(ProtocolHandshake.java:68)\r\n\tat org.openqa.selenium.remote.HttpCommandExecutor.execute(HttpCommandExecutor.java:165)\r\n\tat org.openqa.selenium.remote.service.DriverCommandExecutor.invokeExecute(DriverCommandExecutor.java:183)\r\n\tat org.openqa.selenium.remote.service.DriverCommandExecutor.execute(DriverCommandExecutor.java:158)\r\n\tat org.openqa.selenium.remote.RemoteWebDriver.execute(RemoteWebDriver.java:543)\r\n\tat org.openqa.selenium.remote.RemoteWebDriver.startSession(RemoteWebDriver.java:229)\r\n\tat org.openqa.selenium.remote.RemoteWebDriver.<init>(RemoteWebDriver.java:157)\r\n\tat org.openqa.selenium.chromium.ChromiumDriver.<init>(ChromiumDriver.java:101)\r\n\tat org.openqa.selenium.chrome.ChromeDriver.<init>(ChromeDriver.java:88)\r\n\tat org.openqa.selenium.chrome.ChromeDriver.<init>(ChromeDriver.java:84)\r\n\tat org.openqa.selenium.chrome.ChromeDriver.<init>(ChromeDriver.java:73)\r\n\tat Test.baseTest.getDriver(baseTest.java:15)\r\n\tat com.ryan.webUITest.stepDef.CucumberBA.beforeTest(CucumberBA.java:10)\r\n","duration":706309100,"status":"failed"},"match":{"location":"com.ryan.webUITest.stepDef.CucumberBA.beforeTest()"}}],"line":42,"name":"[negative] signup with blank username","description":"","id":"signup;[negative]-signup-with-blank-username","after":[{"result":{"error_message":"java.lang.NullPointerException\r\n\tat com.ryan.webUITest.stepDef.CucumberBA.afterTest(CucumberBA.java:14)\r\n","status":"failed"},"match":{"location":"com.ryan.webUITest.stepDef.CucumberBA.afterTest()"}}],"type":"scenario","keyword":"Scenario","steps":[{"result":{"status":"skipped"},"line":43,"name":"user is on signup page","match":{"location":"com.ryan.webUITest.stepDef.signupStepDef.userIsOnSignupPage()"},"keyword":"Given "},{"result":{"status":"skipped"},"line":44,"name":"user input username signup with \"\"","match":{"arguments":[{"val":"\"\"","offset":32}],"location":"com.ryan.webUITest.stepDef.signupStepDef.userInputUsernameSignupWith(java.lang.String)"},"keyword":"And "},{"result":{"status":"skipped"},"line":45,"name":"user input password signup with \"\"","match":{"arguments":[{"val":"\"\"","offset":32}],"location":"com.ryan.webUITest.stepDef.signupStepDef.userInputPasswordSignupWith(java.lang.String)"},"keyword":"And "},{"result":{"status":"skipped"},"line":46,"name":"user click sign up button","match":{"location":"com.ryan.webUITest.stepDef.signupStepDef.userClickSignUpButton()"},"keyword":"When "},{"result":{"status":"skipped"},"line":47,"name":"user get error message \"Please fill out Username and Password.\"","match":{"arguments":[{"val":"\"Please fill out Username and Password.\"","offset":23}],"location":"com.ryan.webUITest.stepDef.loginStepDef.userGetErrorMessage(java.lang.String)"},"keyword":"Then "}],"tags":[{"name":"@web"},{"name":"@[negative]_signup_(blank_username)_(blank_password)"}]},{"start_timestamp":"2023-09-25T16:35:12.393Z","before":[{"result":{"error_message":"org.openqa.selenium.SessionNotCreatedException: Could not start a new session. Response code 500. Message: session not created: This version of ChromeDriver only supports Chrome version 114\nCurrent browser version is 117.0.5938.89 with binary path C:\\Program Files\\Google\\Chrome\\Application\\chrome.exe \nHost info: host: 'fv-az192-725', ip: '10.1.40.1'\nBuild info: version: '4.9.1', revision: 'eb2032df7f'\nSystem info: os.name: 'Windows Server 2022', os.arch: 'amd64', os.version: '10.0', java.version: '11.0.20.1'\nDriver info: org.openqa.selenium.chrome.ChromeDriver\nCommand: [null, newSession {capabilities=[Capabilities {browserName: chrome, goog:chromeOptions: {args: [--remote-allow-origins=*, --headless], extensions: []}}]}]\r\n\tat org.openqa.selenium.remote.ProtocolHandshake.createSession(ProtocolHandshake.java:136)\r\n\tat org.openqa.selenium.remote.ProtocolHandshake.createSession(ProtocolHandshake.java:94)\r\n\tat org.openqa.selenium.remote.ProtocolHandshake.createSession(ProtocolHandshake.java:68)\r\n\tat org.openqa.selenium.remote.HttpCommandExecutor.execute(HttpCommandExecutor.java:165)\r\n\tat org.openqa.selenium.remote.service.DriverCommandExecutor.invokeExecute(DriverCommandExecutor.java:183)\r\n\tat org.openqa.selenium.remote.service.DriverCommandExecutor.execute(DriverCommandExecutor.java:158)\r\n\tat org.openqa.selenium.remote.RemoteWebDriver.execute(RemoteWebDriver.java:543)\r\n\tat org.openqa.selenium.remote.RemoteWebDriver.startSession(RemoteWebDriver.java:229)\r\n\tat org.openqa.selenium.remote.RemoteWebDriver.<init>(RemoteWebDriver.java:157)\r\n\tat org.openqa.selenium.chromium.ChromiumDriver.<init>(ChromiumDriver.java:101)\r\n\tat org.openqa.selenium.chrome.ChromeDriver.<init>(ChromeDriver.java:88)\r\n\tat org.openqa.selenium.chrome.ChromeDriver.<init>(ChromeDriver.java:84)\r\n\tat org.openqa.selenium.chrome.ChromeDriver.<init>(ChromeDriver.java:73)\r\n\tat Test.baseTest.getDriver(baseTest.java:15)\r\n\tat com.ryan.webUITest.stepDef.CucumberBA.beforeTest(CucumberBA.java:10)\r\n","duration":771868800,"status":"failed"},"match":{"location":"com.ryan.webUITest.stepDef.CucumberBA.beforeTest()"}}],"line":50,"name":"[negative] cancel signup with input username and password","description":"","id":"signup;[negative]-cancel-signup-with-input-username-and-password","after":[{"result":{"error_message":"java.lang.NullPointerException\r\n\tat com.ryan.webUITest.stepDef.CucumberBA.afterTest(CucumberBA.java:14)\r\n","status":"failed"},"match":{"location":"com.ryan.webUITest.stepDef.CucumberBA.afterTest()"}}],"type":"scenario","keyword":"Scenario","steps":[{"result":{"status":"skipped"},"line":51,"name":"user is on signup page","match":{"location":"com.ryan.webUITest.stepDef.signupStepDef.userIsOnSignupPage()"},"keyword":"Given "},{"result":{"status":"skipped"},"line":52,"name":"user input username signup with \"harianto1\"","match":{"arguments":[{"val":"\"harianto1\"","offset":32}],"location":"com.ryan.webUITest.stepDef.signupStepDef.userInputUsernameSignupWith(java.lang.String)"},"keyword":"And "},{"result":{"status":"skipped"},"line":53,"name":"user input password signup with \"t3st1ng\"","match":{"arguments":[{"val":"\"t3st1ng\"","offset":32}],"location":"com.ryan.webUITest.stepDef.signupStepDef.userInputPasswordSignupWith(java.lang.String)"},"keyword":"And "},{"result":{"status":"skipped"},"line":54,"name":"user click cancel sign up button","match":{"location":"com.ryan.webUITest.stepDef.signupStepDef.userClickCancelSignUpButton()"},"keyword":"When "},{"result":{"status":"skipped"},"line":55,"name":"user is on first page","match":{"location":"com.ryan.webUITest.stepDef.loginStepDef.userIsOnFirstPage()"},"keyword":"Then "}],"tags":[{"name":"@web"},{"name":"@[negative]_cancel_signup_(input_username)_(input_password)_(close)"}]},{"start_timestamp":"2023-09-25T16:35:13.165Z","before":[{"result":{"error_message":"org.openqa.selenium.SessionNotCreatedException: Could not start a new session. Response code 500. Message: session not created: This version of ChromeDriver only supports Chrome version 114\nCurrent browser version is 117.0.5938.89 with binary path C:\\Program Files\\Google\\Chrome\\Application\\chrome.exe \nHost info: host: 'fv-az192-725', ip: '10.1.40.1'\nBuild info: version: '4.9.1', revision: 'eb2032df7f'\nSystem info: os.name: 'Windows Server 2022', os.arch: 'amd64', os.version: '10.0', java.version: '11.0.20.1'\nDriver info: org.openqa.selenium.chrome.ChromeDriver\nCommand: [null, newSession {capabilities=[Capabilities {browserName: chrome, goog:chromeOptions: {args: [--remote-allow-origins=*, --headless], extensions: []}}]}]\r\n\tat org.openqa.selenium.remote.ProtocolHandshake.createSession(ProtocolHandshake.java:136)\r\n\tat org.openqa.selenium.remote.ProtocolHandshake.createSession(ProtocolHandshake.java:94)\r\n\tat org.openqa.selenium.remote.ProtocolHandshake.createSession(ProtocolHandshake.java:68)\r\n\tat org.openqa.selenium.remote.HttpCommandExecutor.execute(HttpCommandExecutor.java:165)\r\n\tat org.openqa.selenium.remote.service.DriverCommandExecutor.invokeExecute(DriverCommandExecutor.java:183)\r\n\tat org.openqa.selenium.remote.service.DriverCommandExecutor.execute(DriverCommandExecutor.java:158)\r\n\tat org.openqa.selenium.remote.RemoteWebDriver.execute(RemoteWebDriver.java:543)\r\n\tat org.openqa.selenium.remote.RemoteWebDriver.startSession(RemoteWebDriver.java:229)\r\n\tat org.openqa.selenium.remote.RemoteWebDriver.<init>(RemoteWebDriver.java:157)\r\n\tat org.openqa.selenium.chromium.ChromiumDriver.<init>(ChromiumDriver.java:101)\r\n\tat org.openqa.selenium.chrome.ChromeDriver.<init>(ChromeDriver.java:88)\r\n\tat org.openqa.selenium.chrome.ChromeDriver.<init>(ChromeDriver.java:84)\r\n\tat org.openqa.selenium.chrome.ChromeDriver.<init>(ChromeDriver.java:73)\r\n\tat Test.baseTest.getDriver(baseTest.java:15)\r\n\tat com.ryan.webUITest.stepDef.CucumberBA.beforeTest(CucumberBA.java:10)\r\n","duration":722307200,"status":"failed"},"match":{"location":"com.ryan.webUITest.stepDef.CucumberBA.beforeTest()"}}],"line":58,"name":"[negative] cancel signup with input username and blank password","description":"","id":"signup;[negative]-cancel-signup-with-input-username-and-blank-password","after":[{"result":{"error_message":"java.lang.NullPointerException\r\n\tat com.ryan.webUITest.stepDef.CucumberBA.afterTest(CucumberBA.java:14)\r\n","status":"failed"},"match":{"location":"com.ryan.webUITest.stepDef.CucumberBA.afterTest()"}}],"type":"scenario","keyword":"Scenario","steps":[{"result":{"status":"skipped"},"line":59,"name":"user is on signup page","match":{"location":"com.ryan.webUITest.stepDef.signupStepDef.userIsOnSignupPage()"},"keyword":"Given "},{"result":{"status":"skipped"},"line":60,"name":"user input username signup with \"harianto1\"","match":{"arguments":[{"val":"\"harianto1\"","offset":32}],"location":"com.ryan.webUITest.stepDef.signupStepDef.userInputUsernameSignupWith(java.lang.String)"},"keyword":"And "},{"result":{"status":"skipped"},"line":61,"name":"user input password signup with \"\"","match":{"arguments":[{"val":"\"\"","offset":32}],"location":"com.ryan.webUITest.stepDef.signupStepDef.userInputPasswordSignupWith(java.lang.String)"},"keyword":"And "},{"result":{"status":"skipped"},"line":62,"name":"user click cancel sign up button","match":{"location":"com.ryan.webUITest.stepDef.signupStepDef.userClickCancelSignUpButton()"},"keyword":"When "},{"result":{"status":"skipped"},"line":63,"name":"user is on first page","match":{"location":"com.ryan.webUITest.stepDef.loginStepDef.userIsOnFirstPage()"},"keyword":"Then "}],"tags":[{"name":"@web"},{"name":"@[negative]_cancel_signup_(input_username)_(blank_password)_(close)"}]},{"start_timestamp":"2023-09-25T16:35:13.888Z","before":[{"result":{"error_message":"org.openqa.selenium.SessionNotCreatedException: Could not start a new session. Response code 500. Message: session not created: This version of ChromeDriver only supports Chrome version 114\nCurrent browser version is 117.0.5938.89 with binary path C:\\Program Files\\Google\\Chrome\\Application\\chrome.exe \nHost info: host: 'fv-az192-725', ip: '10.1.40.1'\nBuild info: version: '4.9.1', revision: 'eb2032df7f'\nSystem info: os.name: 'Windows Server 2022', os.arch: 'amd64', os.version: '10.0', java.version: '11.0.20.1'\nDriver info: org.openqa.selenium.chrome.ChromeDriver\nCommand: [null, newSession {capabilities=[Capabilities {browserName: chrome, goog:chromeOptions: {args: [--remote-allow-origins=*, --headless], extensions: []}}]}]\r\n\tat org.openqa.selenium.remote.ProtocolHandshake.createSession(ProtocolHandshake.java:136)\r\n\tat org.openqa.selenium.remote.ProtocolHandshake.createSession(ProtocolHandshake.java:94)\r\n\tat org.openqa.selenium.remote.ProtocolHandshake.createSession(ProtocolHandshake.java:68)\r\n\tat org.openqa.selenium.remote.HttpCommandExecutor.execute(HttpCommandExecutor.java:165)\r\n\tat org.openqa.selenium.remote.service.DriverCommandExecutor.invokeExecute(DriverCommandExecutor.java:183)\r\n\tat org.openqa.selenium.remote.service.DriverCommandExecutor.execute(DriverCommandExecutor.java:158)\r\n\tat org.openqa.selenium.remote.RemoteWebDriver.execute(RemoteWebDriver.java:543)\r\n\tat org.openqa.selenium.remote.RemoteWebDriver.startSession(RemoteWebDriver.java:229)\r\n\tat org.openqa.selenium.remote.RemoteWebDriver.<init>(RemoteWebDriver.java:157)\r\n\tat org.openqa.selenium.chromium.ChromiumDriver.<init>(ChromiumDriver.java:101)\r\n\tat org.openqa.selenium.chrome.ChromeDriver.<init>(ChromeDriver.java:88)\r\n\tat org.openqa.selenium.chrome.ChromeDriver.<init>(ChromeDriver.java:84)\r\n\tat org.openqa.selenium.chrome.ChromeDriver.<init>(ChromeDriver.java:73)\r\n\tat Test.baseTest.getDriver(baseTest.java:15)\r\n\tat com.ryan.webUITest.stepDef.CucumberBA.beforeTest(CucumberBA.java:10)\r\n","duration":730422600,"status":"failed"},"match":{"location":"com.ryan.webUITest.stepDef.CucumberBA.beforeTest()"}}],"line":66,"name":"[negative] cancel signup with input username and password","description":"","id":"signup;[negative]-cancel-signup-with-input-username-and-password","after":[{"result":{"error_message":"java.lang.NullPointerException\r\n\tat com.ryan.webUITest.stepDef.CucumberBA.afterTest(CucumberBA.java:14)\r\n","status":"failed"},"match":{"location":"com.ryan.webUITest.stepDef.CucumberBA.afterTest()"}}],"type":"scenario","keyword":"Scenario","steps":[{"result":{"status":"skipped"},"line":67,"name":"user is on signup page","match":{"location":"com.ryan.webUITest.stepDef.signupStepDef.userIsOnSignupPage()"},"keyword":"Given "},{"result":{"status":"skipped"},"line":68,"name":"user input username signup with \"\"","match":{"arguments":[{"val":"\"\"","offset":32}],"location":"com.ryan.webUITest.stepDef.signupStepDef.userInputUsernameSignupWith(java.lang.String)"},"keyword":"And "},{"result":{"status":"skipped"},"line":69,"name":"user input password signup with \"t3st1ng\"","match":{"arguments":[{"val":"\"t3st1ng\"","offset":32}],"location":"com.ryan.webUITest.stepDef.signupStepDef.userInputPasswordSignupWith(java.lang.String)"},"keyword":"And "},{"result":{"status":"skipped"},"line":70,"name":"user click cancel sign up button","match":{"location":"com.ryan.webUITest.stepDef.signupStepDef.userClickCancelSignUpButton()"},"keyword":"When "},{"result":{"status":"skipped"},"line":71,"name":"user is on first page","match":{"location":"com.ryan.webUITest.stepDef.loginStepDef.userIsOnFirstPage()"},"keyword":"Then "}],"tags":[{"name":"@web"},{"name":"@[negative]_cancel_signup_(blank_username)_(input_password)_(close)"}]},{"start_timestamp":"2023-09-25T16:35:14.618Z","before":[{"result":{"error_message":"org.openqa.selenium.SessionNotCreatedException: Could not start a new session. Response code 500. Message: session not created: This version of ChromeDriver only supports Chrome version 114\nCurrent browser version is 117.0.5938.89 with binary path C:\\Program Files\\Google\\Chrome\\Application\\chrome.exe \nHost info: host: 'fv-az192-725', ip: '10.1.40.1'\nBuild info: version: '4.9.1', revision: 'eb2032df7f'\nSystem info: os.name: 'Windows Server 2022', os.arch: 'amd64', os.version: '10.0', java.version: '11.0.20.1'\nDriver info: org.openqa.selenium.chrome.ChromeDriver\nCommand: [null, newSession {capabilities=[Capabilities {browserName: chrome, goog:chromeOptions: {args: [--remote-allow-origins=*, --headless], extensions: []}}]}]\r\n\tat org.openqa.selenium.remote.ProtocolHandshake.createSession(ProtocolHandshake.java:136)\r\n\tat org.openqa.selenium.remote.ProtocolHandshake.createSession(ProtocolHandshake.java:94)\r\n\tat org.openqa.selenium.remote.ProtocolHandshake.createSession(ProtocolHandshake.java:68)\r\n\tat org.openqa.selenium.remote.HttpCommandExecutor.execute(HttpCommandExecutor.java:165)\r\n\tat org.openqa.selenium.remote.service.DriverCommandExecutor.invokeExecute(DriverCommandExecutor.java:183)\r\n\tat org.openqa.selenium.remote.service.DriverCommandExecutor.execute(DriverCommandExecutor.java:158)\r\n\tat org.openqa.selenium.remote.RemoteWebDriver.execute(RemoteWebDriver.java:543)\r\n\tat org.openqa.selenium.remote.RemoteWebDriver.startSession(RemoteWebDriver.java:229)\r\n\tat org.openqa.selenium.remote.RemoteWebDriver.<init>(RemoteWebDriver.java:157)\r\n\tat org.openqa.selenium.chromium.ChromiumDriver.<init>(ChromiumDriver.java:101)\r\n\tat org.openqa.selenium.chrome.ChromeDriver.<init>(ChromeDriver.java:88)\r\n\tat org.openqa.selenium.chrome.ChromeDriver.<init>(ChromeDriver.java:84)\r\n\tat org.openqa.selenium.chrome.ChromeDriver.<init>(ChromeDriver.java:73)\r\n\tat Test.baseTest.getDriver(baseTest.java:15)\r\n\tat com.ryan.webUITest.stepDef.CucumberBA.beforeTest(CucumberBA.java:10)\r\n","duration":747661200,"status":"failed"},"match":{"location":"com.ryan.webUITest.stepDef.CucumberBA.beforeTest()"}}],"line":74,"name":"[negative] cancel signup with input username and password","description":"","id":"signup;[negative]-cancel-signup-with-input-username-and-password","after":[{"result":{"error_message":"java.lang.NullPointerException\r\n\tat com.ryan.webUITest.stepDef.CucumberBA.afterTest(CucumberBA.java:14)\r\n","status":"failed"},"match":{"location":"com.ryan.webUITest.stepDef.CucumberBA.afterTest()"}}],"type":"scenario","keyword":"Scenario","steps":[{"result":{"status":"skipped"},"line":75,"name":"user is on signup page","match":{"location":"com.ryan.webUITest.stepDef.signupStepDef.userIsOnSignupPage()"},"keyword":"Given "},{"result":{"status":"skipped"},"line":76,"name":"user input username signup with \"\"","match":{"arguments":[{"val":"\"\"","offset":32}],"location":"com.ryan.webUITest.stepDef.signupStepDef.userInputUsernameSignupWith(java.lang.String)"},"keyword":"And "},{"result":{"status":"skipped"},"line":77,"name":"user input password signup with \"\"","match":{"arguments":[{"val":"\"\"","offset":32}],"location":"com.ryan.webUITest.stepDef.signupStepDef.userInputPasswordSignupWith(java.lang.String)"},"keyword":"And "},{"result":{"status":"skipped"},"line":78,"name":"user click cancel sign up button","match":{"location":"com.ryan.webUITest.stepDef.signupStepDef.userClickCancelSignUpButton()"},"keyword":"When "},{"result":{"status":"skipped"},"line":79,"name":"user is on first page","match":{"location":"com.ryan.webUITest.stepDef.loginStepDef.userIsOnFirstPage()"},"keyword":"Then "}],"tags":[{"name":"@web"},{"name":"@[negative]_cancel_signup_(blank_username)_(blank_password)_(close)"}]}],"name":"Signup","description":"","id":"signup","keyword":"Feature","uri":"file:src/test/resources/web/signup.feature","tags":[{"name":"@web","type":"Tag","location":{"line":1,"column":1}}]}]